[2025-06-03T14:38:20.895-0300] {processor.py:161} INFO - Started process (PID=71116) to work on /home/walterg/Documentos/Data_projects/DW_AIRFLOW_DBT_PART_ONE/.venv/lib/python3.11/site-packages/airflow/example_dags/plugins/event_listener.py
[2025-06-03T14:38:20.896-0300] {processor.py:830} INFO - Processing file /home/walterg/Documentos/Data_projects/DW_AIRFLOW_DBT_PART_ONE/.venv/lib/python3.11/site-packages/airflow/example_dags/plugins/event_listener.py for tasks to queue
[2025-06-03T14:38:20.897-0300] {logging_mixin.py:188} INFO - [2025-06-03T14:38:20.896-0300] {dagbag.py:540} INFO - Filling up the DagBag from /home/walterg/Documentos/Data_projects/DW_AIRFLOW_DBT_PART_ONE/.venv/lib/python3.11/site-packages/airflow/example_dags/plugins/event_listener.py
[2025-06-03T14:38:20.899-0300] {processor.py:842} WARNING - No viable dags retrieved from /home/walterg/Documentos/Data_projects/DW_AIRFLOW_DBT_PART_ONE/.venv/lib/python3.11/site-packages/airflow/example_dags/plugins/event_listener.py
[2025-06-03T14:38:20.907-0300] {processor.py:183} INFO - Processing /home/walterg/Documentos/Data_projects/DW_AIRFLOW_DBT_PART_ONE/.venv/lib/python3.11/site-packages/airflow/example_dags/plugins/event_listener.py took 0.015 seconds
[2025-06-03T14:39:09.421-0300] {processor.py:161} INFO - Started process (PID=71789) to work on /home/walterg/Documentos/Data_projects/DW_AIRFLOW_DBT_PART_ONE/.venv/lib/python3.11/site-packages/airflow/example_dags/plugins/event_listener.py
[2025-06-03T14:39:09.426-0300] {processor.py:830} INFO - Processing file /home/walterg/Documentos/Data_projects/DW_AIRFLOW_DBT_PART_ONE/.venv/lib/python3.11/site-packages/airflow/example_dags/plugins/event_listener.py for tasks to queue
[2025-06-03T14:39:09.428-0300] {logging_mixin.py:188} INFO - [2025-06-03T14:39:09.427-0300] {dagbag.py:540} INFO - Filling up the DagBag from /home/walterg/Documentos/Data_projects/DW_AIRFLOW_DBT_PART_ONE/.venv/lib/python3.11/site-packages/airflow/example_dags/plugins/event_listener.py
[2025-06-03T14:39:09.430-0300] {processor.py:842} WARNING - No viable dags retrieved from /home/walterg/Documentos/Data_projects/DW_AIRFLOW_DBT_PART_ONE/.venv/lib/python3.11/site-packages/airflow/example_dags/plugins/event_listener.py
[2025-06-03T14:39:09.439-0300] {processor.py:183} INFO - Processing /home/walterg/Documentos/Data_projects/DW_AIRFLOW_DBT_PART_ONE/.venv/lib/python3.11/site-packages/airflow/example_dags/plugins/event_listener.py took 0.021 seconds
[2025-06-03T14:39:44.267-0300] {processor.py:161} INFO - Started process (PID=72305) to work on /home/walterg/Documentos/Data_projects/DW_AIRFLOW_DBT_PART_ONE/.venv/lib/python3.11/site-packages/airflow/example_dags/plugins/event_listener.py
[2025-06-03T14:39:44.272-0300] {processor.py:830} INFO - Processing file /home/walterg/Documentos/Data_projects/DW_AIRFLOW_DBT_PART_ONE/.venv/lib/python3.11/site-packages/airflow/example_dags/plugins/event_listener.py for tasks to queue
[2025-06-03T14:39:44.273-0300] {logging_mixin.py:188} INFO - [2025-06-03T14:39:44.272-0300] {dagbag.py:540} INFO - Filling up the DagBag from /home/walterg/Documentos/Data_projects/DW_AIRFLOW_DBT_PART_ONE/.venv/lib/python3.11/site-packages/airflow/example_dags/plugins/event_listener.py
[2025-06-03T14:39:44.275-0300] {processor.py:842} WARNING - No viable dags retrieved from /home/walterg/Documentos/Data_projects/DW_AIRFLOW_DBT_PART_ONE/.venv/lib/python3.11/site-packages/airflow/example_dags/plugins/event_listener.py
[2025-06-03T14:39:44.284-0300] {processor.py:183} INFO - Processing /home/walterg/Documentos/Data_projects/DW_AIRFLOW_DBT_PART_ONE/.venv/lib/python3.11/site-packages/airflow/example_dags/plugins/event_listener.py took 0.020 seconds
[2025-06-03T14:40:17.395-0300] {processor.py:161} INFO - Started process (PID=72733) to work on /home/walterg/Documentos/Data_projects/DW_AIRFLOW_DBT_PART_ONE/.venv/lib/python3.11/site-packages/airflow/example_dags/plugins/event_listener.py
[2025-06-03T14:40:17.400-0300] {processor.py:830} INFO - Processing file /home/walterg/Documentos/Data_projects/DW_AIRFLOW_DBT_PART_ONE/.venv/lib/python3.11/site-packages/airflow/example_dags/plugins/event_listener.py for tasks to queue
[2025-06-03T14:40:17.401-0300] {logging_mixin.py:188} INFO - [2025-06-03T14:40:17.401-0300] {dagbag.py:540} INFO - Filling up the DagBag from /home/walterg/Documentos/Data_projects/DW_AIRFLOW_DBT_PART_ONE/.venv/lib/python3.11/site-packages/airflow/example_dags/plugins/event_listener.py
[2025-06-03T14:40:17.403-0300] {processor.py:842} WARNING - No viable dags retrieved from /home/walterg/Documentos/Data_projects/DW_AIRFLOW_DBT_PART_ONE/.venv/lib/python3.11/site-packages/airflow/example_dags/plugins/event_listener.py
[2025-06-03T14:40:17.412-0300] {processor.py:183} INFO - Processing /home/walterg/Documentos/Data_projects/DW_AIRFLOW_DBT_PART_ONE/.venv/lib/python3.11/site-packages/airflow/example_dags/plugins/event_listener.py took 0.019 seconds
[2025-06-03T14:41:02.470-0300] {processor.py:161} INFO - Started process (PID=73288) to work on /home/walterg/Documentos/Data_projects/DW_AIRFLOW_DBT_PART_ONE/.venv/lib/python3.11/site-packages/airflow/example_dags/plugins/event_listener.py
[2025-06-03T14:41:02.475-0300] {processor.py:830} INFO - Processing file /home/walterg/Documentos/Data_projects/DW_AIRFLOW_DBT_PART_ONE/.venv/lib/python3.11/site-packages/airflow/example_dags/plugins/event_listener.py for tasks to queue
[2025-06-03T14:41:02.477-0300] {logging_mixin.py:188} INFO - [2025-06-03T14:41:02.476-0300] {dagbag.py:540} INFO - Filling up the DagBag from /home/walterg/Documentos/Data_projects/DW_AIRFLOW_DBT_PART_ONE/.venv/lib/python3.11/site-packages/airflow/example_dags/plugins/event_listener.py
[2025-06-03T14:41:02.479-0300] {processor.py:842} WARNING - No viable dags retrieved from /home/walterg/Documentos/Data_projects/DW_AIRFLOW_DBT_PART_ONE/.venv/lib/python3.11/site-packages/airflow/example_dags/plugins/event_listener.py
[2025-06-03T14:41:02.487-0300] {processor.py:183} INFO - Processing /home/walterg/Documentos/Data_projects/DW_AIRFLOW_DBT_PART_ONE/.venv/lib/python3.11/site-packages/airflow/example_dags/plugins/event_listener.py took 0.019 seconds
