[2025-06-03T14:38:18.629-0300] {processor.py:161} INFO - Started process (PID=71086) to work on /home/walterg/Documentos/Data_projects/DW_AIRFLOW_DBT_PART_ONE/.venv/lib/python3.11/site-packages/airflow/example_dags/plugins/workday.py
[2025-06-03T14:38:18.629-0300] {processor.py:830} INFO - Processing file /home/walterg/Documentos/Data_projects/DW_AIRFLOW_DBT_PART_ONE/.venv/lib/python3.11/site-packages/airflow/example_dags/plugins/workday.py for tasks to queue
[2025-06-03T14:38:18.630-0300] {logging_mixin.py:188} INFO - [2025-06-03T14:38:18.630-0300] {dagbag.py:540} INFO - Filling up the DagBag from /home/walterg/Documentos/Data_projects/DW_AIRFLOW_DBT_PART_ONE/.venv/lib/python3.11/site-packages/airflow/example_dags/plugins/workday.py
[2025-06-03T14:38:18.632-0300] {logging_mixin.py:188} INFO - [2025-06-03T14:38:18.632-0300] {workday.py:40} WARNING - Could not import pandas. Holidays will not be considered.
[2025-06-03T14:38:18.633-0300] {processor.py:842} WARNING - No viable dags retrieved from /home/walterg/Documentos/Data_projects/DW_AIRFLOW_DBT_PART_ONE/.venv/lib/python3.11/site-packages/airflow/example_dags/plugins/workday.py
[2025-06-03T14:38:18.641-0300] {processor.py:183} INFO - Processing /home/walterg/Documentos/Data_projects/DW_AIRFLOW_DBT_PART_ONE/.venv/lib/python3.11/site-packages/airflow/example_dags/plugins/workday.py took 0.014 seconds
[2025-06-03T14:39:08.053-0300] {processor.py:161} INFO - Started process (PID=71780) to work on /home/walterg/Documentos/Data_projects/DW_AIRFLOW_DBT_PART_ONE/.venv/lib/python3.11/site-packages/airflow/example_dags/plugins/workday.py
[2025-06-03T14:39:08.058-0300] {processor.py:830} INFO - Processing file /home/walterg/Documentos/Data_projects/DW_AIRFLOW_DBT_PART_ONE/.venv/lib/python3.11/site-packages/airflow/example_dags/plugins/workday.py for tasks to queue
[2025-06-03T14:39:08.059-0300] {logging_mixin.py:188} INFO - [2025-06-03T14:39:08.059-0300] {dagbag.py:540} INFO - Filling up the DagBag from /home/walterg/Documentos/Data_projects/DW_AIRFLOW_DBT_PART_ONE/.venv/lib/python3.11/site-packages/airflow/example_dags/plugins/workday.py
[2025-06-03T14:39:08.061-0300] {logging_mixin.py:188} INFO - [2025-06-03T14:39:08.061-0300] {workday.py:40} WARNING - Could not import pandas. Holidays will not be considered.
[2025-06-03T14:39:08.062-0300] {processor.py:842} WARNING - No viable dags retrieved from /home/walterg/Documentos/Data_projects/DW_AIRFLOW_DBT_PART_ONE/.venv/lib/python3.11/site-packages/airflow/example_dags/plugins/workday.py
[2025-06-03T14:39:08.070-0300] {processor.py:183} INFO - Processing /home/walterg/Documentos/Data_projects/DW_AIRFLOW_DBT_PART_ONE/.venv/lib/python3.11/site-packages/airflow/example_dags/plugins/workday.py took 0.020 seconds
[2025-06-03T14:39:42.532-0300] {processor.py:161} INFO - Started process (PID=72283) to work on /home/walterg/Documentos/Data_projects/DW_AIRFLOW_DBT_PART_ONE/.venv/lib/python3.11/site-packages/airflow/example_dags/plugins/workday.py
[2025-06-03T14:39:42.533-0300] {processor.py:830} INFO - Processing file /home/walterg/Documentos/Data_projects/DW_AIRFLOW_DBT_PART_ONE/.venv/lib/python3.11/site-packages/airflow/example_dags/plugins/workday.py for tasks to queue
[2025-06-03T14:39:42.534-0300] {logging_mixin.py:188} INFO - [2025-06-03T14:39:42.534-0300] {dagbag.py:540} INFO - Filling up the DagBag from /home/walterg/Documentos/Data_projects/DW_AIRFLOW_DBT_PART_ONE/.venv/lib/python3.11/site-packages/airflow/example_dags/plugins/workday.py
[2025-06-03T14:39:42.536-0300] {logging_mixin.py:188} INFO - [2025-06-03T14:39:42.536-0300] {workday.py:40} WARNING - Could not import pandas. Holidays will not be considered.
[2025-06-03T14:39:42.537-0300] {processor.py:842} WARNING - No viable dags retrieved from /home/walterg/Documentos/Data_projects/DW_AIRFLOW_DBT_PART_ONE/.venv/lib/python3.11/site-packages/airflow/example_dags/plugins/workday.py
[2025-06-03T14:39:42.546-0300] {processor.py:183} INFO - Processing /home/walterg/Documentos/Data_projects/DW_AIRFLOW_DBT_PART_ONE/.venv/lib/python3.11/site-packages/airflow/example_dags/plugins/workday.py took 0.017 seconds
[2025-06-03T14:40:16.202-0300] {processor.py:161} INFO - Started process (PID=72721) to work on /home/walterg/Documentos/Data_projects/DW_AIRFLOW_DBT_PART_ONE/.venv/lib/python3.11/site-packages/airflow/example_dags/plugins/workday.py
[2025-06-03T14:40:16.207-0300] {processor.py:830} INFO - Processing file /home/walterg/Documentos/Data_projects/DW_AIRFLOW_DBT_PART_ONE/.venv/lib/python3.11/site-packages/airflow/example_dags/plugins/workday.py for tasks to queue
[2025-06-03T14:40:16.209-0300] {logging_mixin.py:188} INFO - [2025-06-03T14:40:16.208-0300] {dagbag.py:540} INFO - Filling up the DagBag from /home/walterg/Documentos/Data_projects/DW_AIRFLOW_DBT_PART_ONE/.venv/lib/python3.11/site-packages/airflow/example_dags/plugins/workday.py
[2025-06-03T14:40:16.211-0300] {logging_mixin.py:188} INFO - [2025-06-03T14:40:16.211-0300] {workday.py:40} WARNING - Could not import pandas. Holidays will not be considered.
[2025-06-03T14:40:16.211-0300] {processor.py:842} WARNING - No viable dags retrieved from /home/walterg/Documentos/Data_projects/DW_AIRFLOW_DBT_PART_ONE/.venv/lib/python3.11/site-packages/airflow/example_dags/plugins/workday.py
[2025-06-03T14:40:16.220-0300] {processor.py:183} INFO - Processing /home/walterg/Documentos/Data_projects/DW_AIRFLOW_DBT_PART_ONE/.venv/lib/python3.11/site-packages/airflow/example_dags/plugins/workday.py took 0.020 seconds
[2025-06-03T14:41:00.595-0300] {processor.py:161} INFO - Started process (PID=73272) to work on /home/walterg/Documentos/Data_projects/DW_AIRFLOW_DBT_PART_ONE/.venv/lib/python3.11/site-packages/airflow/example_dags/plugins/workday.py
[2025-06-03T14:41:00.600-0300] {processor.py:830} INFO - Processing file /home/walterg/Documentos/Data_projects/DW_AIRFLOW_DBT_PART_ONE/.venv/lib/python3.11/site-packages/airflow/example_dags/plugins/workday.py for tasks to queue
[2025-06-03T14:41:00.601-0300] {logging_mixin.py:188} INFO - [2025-06-03T14:41:00.601-0300] {dagbag.py:540} INFO - Filling up the DagBag from /home/walterg/Documentos/Data_projects/DW_AIRFLOW_DBT_PART_ONE/.venv/lib/python3.11/site-packages/airflow/example_dags/plugins/workday.py
[2025-06-03T14:41:00.603-0300] {logging_mixin.py:188} INFO - [2025-06-03T14:41:00.603-0300] {workday.py:40} WARNING - Could not import pandas. Holidays will not be considered.
[2025-06-03T14:41:00.604-0300] {processor.py:842} WARNING - No viable dags retrieved from /home/walterg/Documentos/Data_projects/DW_AIRFLOW_DBT_PART_ONE/.venv/lib/python3.11/site-packages/airflow/example_dags/plugins/workday.py
[2025-06-03T14:41:00.612-0300] {processor.py:183} INFO - Processing /home/walterg/Documentos/Data_projects/DW_AIRFLOW_DBT_PART_ONE/.venv/lib/python3.11/site-packages/airflow/example_dags/plugins/workday.py took 0.020 seconds
[2025-06-03T14:41:32.275-0300] {processor.py:161} INFO - Started process (PID=73687) to work on /home/walterg/Documentos/Data_projects/DW_AIRFLOW_DBT_PART_ONE/.venv/lib/python3.11/site-packages/airflow/example_dags/plugins/workday.py
[2025-06-03T14:41:32.276-0300] {processor.py:830} INFO - Processing file /home/walterg/Documentos/Data_projects/DW_AIRFLOW_DBT_PART_ONE/.venv/lib/python3.11/site-packages/airflow/example_dags/plugins/workday.py for tasks to queue
[2025-06-03T14:41:32.277-0300] {logging_mixin.py:188} INFO - [2025-06-03T14:41:32.277-0300] {dagbag.py:540} INFO - Filling up the DagBag from /home/walterg/Documentos/Data_projects/DW_AIRFLOW_DBT_PART_ONE/.venv/lib/python3.11/site-packages/airflow/example_dags/plugins/workday.py
[2025-06-03T14:41:32.280-0300] {logging_mixin.py:188} INFO - [2025-06-03T14:41:32.279-0300] {workday.py:40} WARNING - Could not import pandas. Holidays will not be considered.
[2025-06-03T14:41:32.280-0300] {processor.py:842} WARNING - No viable dags retrieved from /home/walterg/Documentos/Data_projects/DW_AIRFLOW_DBT_PART_ONE/.venv/lib/python3.11/site-packages/airflow/example_dags/plugins/workday.py
[2025-06-03T14:41:32.288-0300] {processor.py:183} INFO - Processing /home/walterg/Documentos/Data_projects/DW_AIRFLOW_DBT_PART_ONE/.venv/lib/python3.11/site-packages/airflow/example_dags/plugins/workday.py took 0.016 seconds
