[2025-06-03T14:38:37.030-0300] {processor.py:161} INFO - Started process (PID=71341) to work on /home/walterg/Documentos/Data_projects/DW_AIRFLOW_DBT_PART_ONE/.venv/lib/python3.11/site-packages/airflow/example_dags/example_short_circuit_decorator.py
[2025-06-03T14:38:37.031-0300] {processor.py:830} INFO - Processing file /home/walterg/Documentos/Data_projects/DW_AIRFLOW_DBT_PART_ONE/.venv/lib/python3.11/site-packages/airflow/example_dags/example_short_circuit_decorator.py for tasks to queue
[2025-06-03T14:38:37.032-0300] {logging_mixin.py:188} INFO - [2025-06-03T14:38:37.031-0300] {dagbag.py:540} INFO - Filling up the DagBag from /home/walterg/Documentos/Data_projects/DW_AIRFLOW_DBT_PART_ONE/.venv/lib/python3.11/site-packages/airflow/example_dags/example_short_circuit_decorator.py
[2025-06-03T14:38:37.039-0300] {processor.py:840} INFO - DAG(s) 'example_short_circuit_decorator' retrieved from /home/walterg/Documentos/Data_projects/DW_AIRFLOW_DBT_PART_ONE/.venv/lib/python3.11/site-packages/airflow/example_dags/example_short_circuit_decorator.py
[2025-06-03T14:38:37.116-0300] {logging_mixin.py:188} INFO - [2025-06-03T14:38:37.116-0300] {override.py:1769} INFO - Created Permission View: can edit on DAG:example_short_circuit_decorator
[2025-06-03T14:38:37.126-0300] {logging_mixin.py:188} INFO - [2025-06-03T14:38:37.125-0300] {override.py:1769} INFO - Created Permission View: can read on DAG:example_short_circuit_decorator
[2025-06-03T14:38:37.133-0300] {logging_mixin.py:188} INFO - [2025-06-03T14:38:37.133-0300] {override.py:1769} INFO - Created Permission View: can delete on DAG:example_short_circuit_decorator
[2025-06-03T14:38:37.134-0300] {logging_mixin.py:188} INFO - [2025-06-03T14:38:37.134-0300] {dag.py:3047} INFO - Sync 1 DAGs
[2025-06-03T14:38:37.140-0300] {logging_mixin.py:188} INFO - [2025-06-03T14:38:37.140-0300] {dag.py:3069} INFO - Creating ORM DAG for example_short_circuit_decorator
[2025-06-03T14:38:37.146-0300] {logging_mixin.py:188} INFO - [2025-06-03T14:38:37.146-0300] {dag.py:3834} INFO - Setting next_dagrun for example_short_circuit_decorator to 2025-06-02 00:00:00+00:00, run_after=2025-06-03 00:00:00+00:00
[2025-06-03T14:38:37.160-0300] {processor.py:183} INFO - Processing /home/walterg/Documentos/Data_projects/DW_AIRFLOW_DBT_PART_ONE/.venv/lib/python3.11/site-packages/airflow/example_dags/example_short_circuit_decorator.py took 0.132 seconds
[2025-06-03T14:39:23.703-0300] {processor.py:161} INFO - Started process (PID=72040) to work on /home/walterg/Documentos/Data_projects/DW_AIRFLOW_DBT_PART_ONE/.venv/lib/python3.11/site-packages/airflow/example_dags/example_short_circuit_decorator.py
[2025-06-03T14:39:23.708-0300] {processor.py:830} INFO - Processing file /home/walterg/Documentos/Data_projects/DW_AIRFLOW_DBT_PART_ONE/.venv/lib/python3.11/site-packages/airflow/example_dags/example_short_circuit_decorator.py for tasks to queue
[2025-06-03T14:39:23.710-0300] {logging_mixin.py:188} INFO - [2025-06-03T14:39:23.709-0300] {dagbag.py:540} INFO - Filling up the DagBag from /home/walterg/Documentos/Data_projects/DW_AIRFLOW_DBT_PART_ONE/.venv/lib/python3.11/site-packages/airflow/example_dags/example_short_circuit_decorator.py
[2025-06-03T14:39:23.718-0300] {processor.py:840} INFO - DAG(s) 'example_short_circuit_decorator' retrieved from /home/walterg/Documentos/Data_projects/DW_AIRFLOW_DBT_PART_ONE/.venv/lib/python3.11/site-packages/airflow/example_dags/example_short_circuit_decorator.py
[2025-06-03T14:39:23.733-0300] {logging_mixin.py:188} INFO - [2025-06-03T14:39:23.733-0300] {dag.py:3047} INFO - Sync 1 DAGs
[2025-06-03T14:39:23.747-0300] {logging_mixin.py:188} INFO - [2025-06-03T14:39:23.747-0300] {dag.py:3834} INFO - Setting next_dagrun for example_short_circuit_decorator to 2025-06-02 00:00:00+00:00, run_after=2025-06-03 00:00:00+00:00
[2025-06-03T14:39:23.762-0300] {processor.py:183} INFO - Processing /home/walterg/Documentos/Data_projects/DW_AIRFLOW_DBT_PART_ONE/.venv/lib/python3.11/site-packages/airflow/example_dags/example_short_circuit_decorator.py took 0.062 seconds
[2025-06-03T14:40:11.060-0300] {processor.py:161} INFO - Started process (PID=72653) to work on /home/walterg/Documentos/Data_projects/DW_AIRFLOW_DBT_PART_ONE/.venv/lib/python3.11/site-packages/airflow/example_dags/example_short_circuit_decorator.py
[2025-06-03T14:40:11.065-0300] {processor.py:830} INFO - Processing file /home/walterg/Documentos/Data_projects/DW_AIRFLOW_DBT_PART_ONE/.venv/lib/python3.11/site-packages/airflow/example_dags/example_short_circuit_decorator.py for tasks to queue
[2025-06-03T14:40:11.066-0300] {logging_mixin.py:188} INFO - [2025-06-03T14:40:11.066-0300] {dagbag.py:540} INFO - Filling up the DagBag from /home/walterg/Documentos/Data_projects/DW_AIRFLOW_DBT_PART_ONE/.venv/lib/python3.11/site-packages/airflow/example_dags/example_short_circuit_decorator.py
[2025-06-03T14:40:11.074-0300] {processor.py:840} INFO - DAG(s) 'example_short_circuit_decorator' retrieved from /home/walterg/Documentos/Data_projects/DW_AIRFLOW_DBT_PART_ONE/.venv/lib/python3.11/site-packages/airflow/example_dags/example_short_circuit_decorator.py
[2025-06-03T14:40:11.087-0300] {logging_mixin.py:188} INFO - [2025-06-03T14:40:11.087-0300] {dag.py:3047} INFO - Sync 1 DAGs
[2025-06-03T14:40:11.101-0300] {logging_mixin.py:188} INFO - [2025-06-03T14:40:11.101-0300] {dag.py:3834} INFO - Setting next_dagrun for example_short_circuit_decorator to 2025-06-02 00:00:00+00:00, run_after=2025-06-03 00:00:00+00:00
[2025-06-03T14:40:11.116-0300] {processor.py:183} INFO - Processing /home/walterg/Documentos/Data_projects/DW_AIRFLOW_DBT_PART_ONE/.venv/lib/python3.11/site-packages/airflow/example_dags/example_short_circuit_decorator.py took 0.059 seconds
[2025-06-03T14:40:57.329-0300] {processor.py:161} INFO - Started process (PID=73230) to work on /home/walterg/Documentos/Data_projects/DW_AIRFLOW_DBT_PART_ONE/.venv/lib/python3.11/site-packages/airflow/example_dags/example_short_circuit_decorator.py
[2025-06-03T14:40:57.330-0300] {processor.py:830} INFO - Processing file /home/walterg/Documentos/Data_projects/DW_AIRFLOW_DBT_PART_ONE/.venv/lib/python3.11/site-packages/airflow/example_dags/example_short_circuit_decorator.py for tasks to queue
[2025-06-03T14:40:57.331-0300] {logging_mixin.py:188} INFO - [2025-06-03T14:40:57.330-0300] {dagbag.py:540} INFO - Filling up the DagBag from /home/walterg/Documentos/Data_projects/DW_AIRFLOW_DBT_PART_ONE/.venv/lib/python3.11/site-packages/airflow/example_dags/example_short_circuit_decorator.py
[2025-06-03T14:40:57.338-0300] {processor.py:840} INFO - DAG(s) 'example_short_circuit_decorator' retrieved from /home/walterg/Documentos/Data_projects/DW_AIRFLOW_DBT_PART_ONE/.venv/lib/python3.11/site-packages/airflow/example_dags/example_short_circuit_decorator.py
[2025-06-03T14:40:57.352-0300] {logging_mixin.py:188} INFO - [2025-06-03T14:40:57.351-0300] {dag.py:3047} INFO - Sync 1 DAGs
[2025-06-03T14:40:57.365-0300] {logging_mixin.py:188} INFO - [2025-06-03T14:40:57.365-0300] {dag.py:3834} INFO - Setting next_dagrun for example_short_circuit_decorator to 2025-06-02 00:00:00+00:00, run_after=2025-06-03 00:00:00+00:00
[2025-06-03T14:40:57.381-0300] {processor.py:183} INFO - Processing /home/walterg/Documentos/Data_projects/DW_AIRFLOW_DBT_PART_ONE/.venv/lib/python3.11/site-packages/airflow/example_dags/example_short_circuit_decorator.py took 0.054 seconds
