[2025-06-03T14:38:42.271-0300] {processor.py:161} INFO - Started process (PID=71402) to work on /home/walterg/Documentos/Data_projects/DW_AIRFLOW_DBT_PART_ONE/.venv/lib/python3.11/site-packages/airflow/example_dags/example_latest_only_with_trigger.py
[2025-06-03T14:38:42.272-0300] {processor.py:830} INFO - Processing file /home/walterg/Documentos/Data_projects/DW_AIRFLOW_DBT_PART_ONE/.venv/lib/python3.11/site-packages/airflow/example_dags/example_latest_only_with_trigger.py for tasks to queue
[2025-06-03T14:38:42.272-0300] {logging_mixin.py:188} INFO - [2025-06-03T14:38:42.272-0300] {dagbag.py:540} INFO - Filling up the DagBag from /home/walterg/Documentos/Data_projects/DW_AIRFLOW_DBT_PART_ONE/.venv/lib/python3.11/site-packages/airflow/example_dags/example_latest_only_with_trigger.py
[2025-06-03T14:38:42.278-0300] {processor.py:840} INFO - DAG(s) 'latest_only_with_trigger' retrieved from /home/walterg/Documentos/Data_projects/DW_AIRFLOW_DBT_PART_ONE/.venv/lib/python3.11/site-packages/airflow/example_dags/example_latest_only_with_trigger.py
[2025-06-03T14:38:42.354-0300] {logging_mixin.py:188} INFO - [2025-06-03T14:38:42.354-0300] {override.py:1769} INFO - Created Permission View: can edit on DAG:latest_only_with_trigger
[2025-06-03T14:38:42.364-0300] {logging_mixin.py:188} INFO - [2025-06-03T14:38:42.364-0300] {override.py:1769} INFO - Created Permission View: can read on DAG:latest_only_with_trigger
[2025-06-03T14:38:42.372-0300] {logging_mixin.py:188} INFO - [2025-06-03T14:38:42.371-0300] {override.py:1769} INFO - Created Permission View: can delete on DAG:latest_only_with_trigger
[2025-06-03T14:38:42.372-0300] {logging_mixin.py:188} INFO - [2025-06-03T14:38:42.372-0300] {dag.py:3047} INFO - Sync 1 DAGs
[2025-06-03T14:38:42.379-0300] {logging_mixin.py:188} INFO - [2025-06-03T14:38:42.379-0300] {dag.py:3069} INFO - Creating ORM DAG for latest_only_with_trigger
[2025-06-03T14:38:42.385-0300] {logging_mixin.py:188} INFO - [2025-06-03T14:38:42.385-0300] {dag.py:3834} INFO - Setting next_dagrun for latest_only_with_trigger to 2025-06-03 12:00:00+00:00, run_after=2025-06-03 16:00:00+00:00
[2025-06-03T14:38:42.402-0300] {processor.py:183} INFO - Processing /home/walterg/Documentos/Data_projects/DW_AIRFLOW_DBT_PART_ONE/.venv/lib/python3.11/site-packages/airflow/example_dags/example_latest_only_with_trigger.py took 0.133 seconds
[2025-06-03T14:39:28.842-0300] {processor.py:161} INFO - Started process (PID=72143) to work on /home/walterg/Documentos/Data_projects/DW_AIRFLOW_DBT_PART_ONE/.venv/lib/python3.11/site-packages/airflow/example_dags/example_latest_only_with_trigger.py
[2025-06-03T14:39:28.847-0300] {processor.py:830} INFO - Processing file /home/walterg/Documentos/Data_projects/DW_AIRFLOW_DBT_PART_ONE/.venv/lib/python3.11/site-packages/airflow/example_dags/example_latest_only_with_trigger.py for tasks to queue
[2025-06-03T14:39:28.849-0300] {logging_mixin.py:188} INFO - [2025-06-03T14:39:28.848-0300] {dagbag.py:540} INFO - Filling up the DagBag from /home/walterg/Documentos/Data_projects/DW_AIRFLOW_DBT_PART_ONE/.venv/lib/python3.11/site-packages/airflow/example_dags/example_latest_only_with_trigger.py
[2025-06-03T14:39:28.854-0300] {processor.py:840} INFO - DAG(s) 'latest_only_with_trigger' retrieved from /home/walterg/Documentos/Data_projects/DW_AIRFLOW_DBT_PART_ONE/.venv/lib/python3.11/site-packages/airflow/example_dags/example_latest_only_with_trigger.py
[2025-06-03T14:39:28.867-0300] {logging_mixin.py:188} INFO - [2025-06-03T14:39:28.867-0300] {dag.py:3047} INFO - Sync 1 DAGs
[2025-06-03T14:39:28.880-0300] {logging_mixin.py:188} INFO - [2025-06-03T14:39:28.880-0300] {dag.py:3834} INFO - Setting next_dagrun for latest_only_with_trigger to 2025-06-03 12:00:00+00:00, run_after=2025-06-03 16:00:00+00:00
[2025-06-03T14:39:28.898-0300] {processor.py:183} INFO - Processing /home/walterg/Documentos/Data_projects/DW_AIRFLOW_DBT_PART_ONE/.venv/lib/python3.11/site-packages/airflow/example_dags/example_latest_only_with_trigger.py took 0.059 seconds
[2025-06-03T14:40:20.053-0300] {processor.py:161} INFO - Started process (PID=72765) to work on /home/walterg/Documentos/Data_projects/DW_AIRFLOW_DBT_PART_ONE/.venv/lib/python3.11/site-packages/airflow/example_dags/example_latest_only_with_trigger.py
[2025-06-03T14:40:20.058-0300] {processor.py:830} INFO - Processing file /home/walterg/Documentos/Data_projects/DW_AIRFLOW_DBT_PART_ONE/.venv/lib/python3.11/site-packages/airflow/example_dags/example_latest_only_with_trigger.py for tasks to queue
[2025-06-03T14:40:20.059-0300] {logging_mixin.py:188} INFO - [2025-06-03T14:40:20.059-0300] {dagbag.py:540} INFO - Filling up the DagBag from /home/walterg/Documentos/Data_projects/DW_AIRFLOW_DBT_PART_ONE/.venv/lib/python3.11/site-packages/airflow/example_dags/example_latest_only_with_trigger.py
[2025-06-03T14:40:20.064-0300] {processor.py:840} INFO - DAG(s) 'latest_only_with_trigger' retrieved from /home/walterg/Documentos/Data_projects/DW_AIRFLOW_DBT_PART_ONE/.venv/lib/python3.11/site-packages/airflow/example_dags/example_latest_only_with_trigger.py
[2025-06-03T14:40:20.077-0300] {logging_mixin.py:188} INFO - [2025-06-03T14:40:20.077-0300] {dag.py:3047} INFO - Sync 1 DAGs
[2025-06-03T14:40:20.091-0300] {logging_mixin.py:188} INFO - [2025-06-03T14:40:20.090-0300] {dag.py:3834} INFO - Setting next_dagrun for latest_only_with_trigger to 2025-06-03 12:00:00+00:00, run_after=2025-06-03 16:00:00+00:00
[2025-06-03T14:40:20.106-0300] {processor.py:183} INFO - Processing /home/walterg/Documentos/Data_projects/DW_AIRFLOW_DBT_PART_ONE/.venv/lib/python3.11/site-packages/airflow/example_dags/example_latest_only_with_trigger.py took 0.055 seconds
[2025-06-03T14:41:06.471-0300] {processor.py:161} INFO - Started process (PID=73340) to work on /home/walterg/Documentos/Data_projects/DW_AIRFLOW_DBT_PART_ONE/.venv/lib/python3.11/site-packages/airflow/example_dags/example_latest_only_with_trigger.py
[2025-06-03T14:41:06.472-0300] {processor.py:830} INFO - Processing file /home/walterg/Documentos/Data_projects/DW_AIRFLOW_DBT_PART_ONE/.venv/lib/python3.11/site-packages/airflow/example_dags/example_latest_only_with_trigger.py for tasks to queue
[2025-06-03T14:41:06.473-0300] {logging_mixin.py:188} INFO - [2025-06-03T14:41:06.473-0300] {dagbag.py:540} INFO - Filling up the DagBag from /home/walterg/Documentos/Data_projects/DW_AIRFLOW_DBT_PART_ONE/.venv/lib/python3.11/site-packages/airflow/example_dags/example_latest_only_with_trigger.py
[2025-06-03T14:41:06.478-0300] {processor.py:840} INFO - DAG(s) 'latest_only_with_trigger' retrieved from /home/walterg/Documentos/Data_projects/DW_AIRFLOW_DBT_PART_ONE/.venv/lib/python3.11/site-packages/airflow/example_dags/example_latest_only_with_trigger.py
[2025-06-03T14:41:06.491-0300] {logging_mixin.py:188} INFO - [2025-06-03T14:41:06.491-0300] {dag.py:3047} INFO - Sync 1 DAGs
[2025-06-03T14:41:06.504-0300] {logging_mixin.py:188} INFO - [2025-06-03T14:41:06.504-0300] {dag.py:3834} INFO - Setting next_dagrun for latest_only_with_trigger to 2025-06-03 12:00:00+00:00, run_after=2025-06-03 16:00:00+00:00
[2025-06-03T14:41:06.519-0300] {processor.py:183} INFO - Processing /home/walterg/Documentos/Data_projects/DW_AIRFLOW_DBT_PART_ONE/.venv/lib/python3.11/site-packages/airflow/example_dags/example_latest_only_with_trigger.py took 0.050 seconds
