[2025-06-03T14:38:33.035-0300] {processor.py:161} INFO - Started process (PID=71288) to work on /home/walterg/Documentos/Data_projects/DW_AIRFLOW_DBT_PART_ONE/.venv/lib/python3.11/site-packages/airflow/example_dags/example_subdag_operator.py
[2025-06-03T14:38:33.036-0300] {processor.py:830} INFO - Processing file /home/walterg/Documentos/Data_projects/DW_AIRFLOW_DBT_PART_ONE/.venv/lib/python3.11/site-packages/airflow/example_dags/example_subdag_operator.py for tasks to queue
[2025-06-03T14:38:33.036-0300] {logging_mixin.py:188} INFO - [2025-06-03T14:38:33.036-0300] {dagbag.py:540} INFO - Filling up the DagBag from /home/walterg/Documentos/Data_projects/DW_AIRFLOW_DBT_PART_ONE/.venv/lib/python3.11/site-packages/airflow/example_dags/example_subdag_operator.py
[2025-06-03T14:38:33.054-0300] {processor.py:840} INFO - DAG(s) 'example_subdag_operator.section-1', 'example_subdag_operator.section-2', 'example_subdag_operator' retrieved from /home/walterg/Documentos/Data_projects/DW_AIRFLOW_DBT_PART_ONE/.venv/lib/python3.11/site-packages/airflow/example_dags/example_subdag_operator.py
[2025-06-03T14:38:33.133-0300] {logging_mixin.py:188} INFO - [2025-06-03T14:38:33.132-0300] {override.py:1769} INFO - Created Permission View: can edit on DAG:example_subdag_operator
[2025-06-03T14:38:33.142-0300] {logging_mixin.py:188} INFO - [2025-06-03T14:38:33.142-0300] {override.py:1769} INFO - Created Permission View: can read on DAG:example_subdag_operator
[2025-06-03T14:38:33.154-0300] {logging_mixin.py:188} INFO - [2025-06-03T14:38:33.153-0300] {override.py:1769} INFO - Created Permission View: can delete on DAG:example_subdag_operator
[2025-06-03T14:38:33.154-0300] {logging_mixin.py:188} INFO - [2025-06-03T14:38:33.154-0300] {dag.py:3047} INFO - Sync 3 DAGs
[2025-06-03T14:38:33.160-0300] {logging_mixin.py:188} INFO - [2025-06-03T14:38:33.160-0300] {dag.py:3069} INFO - Creating ORM DAG for example_subdag_operator.section-1
[2025-06-03T14:38:33.161-0300] {logging_mixin.py:188} INFO - [2025-06-03T14:38:33.161-0300] {dag.py:3069} INFO - Creating ORM DAG for example_subdag_operator.section-2
[2025-06-03T14:38:33.161-0300] {logging_mixin.py:188} INFO - [2025-06-03T14:38:33.161-0300] {dag.py:3069} INFO - Creating ORM DAG for example_subdag_operator
[2025-06-03T14:38:33.167-0300] {logging_mixin.py:188} INFO - [2025-06-03T14:38:33.167-0300] {dag.py:3834} INFO - Setting next_dagrun for example_subdag_operator to 2022-01-01 00:00:00+00:00, run_after=2022-01-01 00:00:00+00:00
[2025-06-03T14:38:33.168-0300] {logging_mixin.py:188} INFO - [2025-06-03T14:38:33.167-0300] {dag.py:3834} INFO - Setting next_dagrun for example_subdag_operator.section-1 to None, run_after=None
[2025-06-03T14:38:33.168-0300] {logging_mixin.py:188} INFO - [2025-06-03T14:38:33.168-0300] {dag.py:3834} INFO - Setting next_dagrun for example_subdag_operator.section-2 to None, run_after=None
[2025-06-03T14:38:33.172-0300] {logging_mixin.py:188} INFO - [2025-06-03T14:38:33.172-0300] {dag.py:3047} INFO - Sync 2 DAGs
[2025-06-03T14:38:33.175-0300] {logging_mixin.py:188} INFO - [2025-06-03T14:38:33.175-0300] {dag.py:3834} INFO - Setting next_dagrun for example_subdag_operator.section-1 to None, run_after=None
[2025-06-03T14:38:33.179-0300] {logging_mixin.py:188} INFO - [2025-06-03T14:38:33.179-0300] {dag.py:3834} INFO - Setting next_dagrun for example_subdag_operator.section-2 to None, run_after=None
[2025-06-03T14:38:33.196-0300] {processor.py:183} INFO - Processing /home/walterg/Documentos/Data_projects/DW_AIRFLOW_DBT_PART_ONE/.venv/lib/python3.11/site-packages/airflow/example_dags/example_subdag_operator.py took 0.165 seconds
[2025-06-03T14:39:19.704-0300] {processor.py:161} INFO - Started process (PID=71983) to work on /home/walterg/Documentos/Data_projects/DW_AIRFLOW_DBT_PART_ONE/.venv/lib/python3.11/site-packages/airflow/example_dags/example_subdag_operator.py
[2025-06-03T14:39:19.709-0300] {processor.py:830} INFO - Processing file /home/walterg/Documentos/Data_projects/DW_AIRFLOW_DBT_PART_ONE/.venv/lib/python3.11/site-packages/airflow/example_dags/example_subdag_operator.py for tasks to queue
[2025-06-03T14:39:19.711-0300] {logging_mixin.py:188} INFO - [2025-06-03T14:39:19.710-0300] {dagbag.py:540} INFO - Filling up the DagBag from /home/walterg/Documentos/Data_projects/DW_AIRFLOW_DBT_PART_ONE/.venv/lib/python3.11/site-packages/airflow/example_dags/example_subdag_operator.py
[2025-06-03T14:39:19.728-0300] {processor.py:840} INFO - DAG(s) 'example_subdag_operator.section-1', 'example_subdag_operator.section-2', 'example_subdag_operator' retrieved from /home/walterg/Documentos/Data_projects/DW_AIRFLOW_DBT_PART_ONE/.venv/lib/python3.11/site-packages/airflow/example_dags/example_subdag_operator.py
[2025-06-03T14:39:19.740-0300] {logging_mixin.py:188} INFO - [2025-06-03T14:39:19.739-0300] {dag.py:3047} INFO - Sync 3 DAGs
[2025-06-03T14:39:19.752-0300] {logging_mixin.py:188} INFO - [2025-06-03T14:39:19.751-0300] {dag.py:3834} INFO - Setting next_dagrun for example_subdag_operator to 2022-01-01 00:00:00+00:00, run_after=2022-01-01 00:00:00+00:00
[2025-06-03T14:39:19.754-0300] {logging_mixin.py:188} INFO - [2025-06-03T14:39:19.754-0300] {dag.py:3834} INFO - Setting next_dagrun for example_subdag_operator.section-1 to None, run_after=None
[2025-06-03T14:39:19.755-0300] {logging_mixin.py:188} INFO - [2025-06-03T14:39:19.754-0300] {dag.py:3834} INFO - Setting next_dagrun for example_subdag_operator.section-2 to None, run_after=None
[2025-06-03T14:39:19.759-0300] {logging_mixin.py:188} INFO - [2025-06-03T14:39:19.759-0300] {dag.py:3047} INFO - Sync 2 DAGs
[2025-06-03T14:39:19.762-0300] {logging_mixin.py:188} INFO - [2025-06-03T14:39:19.762-0300] {dag.py:3834} INFO - Setting next_dagrun for example_subdag_operator.section-1 to None, run_after=None
[2025-06-03T14:39:19.762-0300] {logging_mixin.py:188} INFO - [2025-06-03T14:39:19.762-0300] {dag.py:3834} INFO - Setting next_dagrun for example_subdag_operator.section-2 to None, run_after=None
[2025-06-03T14:39:19.773-0300] {processor.py:183} INFO - Processing /home/walterg/Documentos/Data_projects/DW_AIRFLOW_DBT_PART_ONE/.venv/lib/python3.11/site-packages/airflow/example_dags/example_subdag_operator.py took 0.072 seconds
[2025-06-03T14:40:07.106-0300] {processor.py:161} INFO - Started process (PID=72613) to work on /home/walterg/Documentos/Data_projects/DW_AIRFLOW_DBT_PART_ONE/.venv/lib/python3.11/site-packages/airflow/example_dags/example_subdag_operator.py
[2025-06-03T14:40:07.108-0300] {processor.py:830} INFO - Processing file /home/walterg/Documentos/Data_projects/DW_AIRFLOW_DBT_PART_ONE/.venv/lib/python3.11/site-packages/airflow/example_dags/example_subdag_operator.py for tasks to queue
[2025-06-03T14:40:07.108-0300] {logging_mixin.py:188} INFO - [2025-06-03T14:40:07.108-0300] {dagbag.py:540} INFO - Filling up the DagBag from /home/walterg/Documentos/Data_projects/DW_AIRFLOW_DBT_PART_ONE/.venv/lib/python3.11/site-packages/airflow/example_dags/example_subdag_operator.py
[2025-06-03T14:40:07.124-0300] {processor.py:840} INFO - DAG(s) 'example_subdag_operator.section-1', 'example_subdag_operator.section-2', 'example_subdag_operator' retrieved from /home/walterg/Documentos/Data_projects/DW_AIRFLOW_DBT_PART_ONE/.venv/lib/python3.11/site-packages/airflow/example_dags/example_subdag_operator.py
[2025-06-03T14:40:07.134-0300] {logging_mixin.py:188} INFO - [2025-06-03T14:40:07.134-0300] {dag.py:3047} INFO - Sync 3 DAGs
[2025-06-03T14:40:07.148-0300] {logging_mixin.py:188} INFO - [2025-06-03T14:40:07.147-0300] {dag.py:3834} INFO - Setting next_dagrun for example_subdag_operator to 2022-01-01 00:00:00+00:00, run_after=2022-01-01 00:00:00+00:00
[2025-06-03T14:40:07.150-0300] {logging_mixin.py:188} INFO - [2025-06-03T14:40:07.150-0300] {dag.py:3834} INFO - Setting next_dagrun for example_subdag_operator.section-1 to None, run_after=None
[2025-06-03T14:40:07.150-0300] {logging_mixin.py:188} INFO - [2025-06-03T14:40:07.150-0300] {dag.py:3834} INFO - Setting next_dagrun for example_subdag_operator.section-2 to None, run_after=None
[2025-06-03T14:40:07.155-0300] {logging_mixin.py:188} INFO - [2025-06-03T14:40:07.154-0300] {dag.py:3047} INFO - Sync 2 DAGs
[2025-06-03T14:40:07.158-0300] {logging_mixin.py:188} INFO - [2025-06-03T14:40:07.157-0300] {dag.py:3834} INFO - Setting next_dagrun for example_subdag_operator.section-1 to None, run_after=None
[2025-06-03T14:40:07.158-0300] {logging_mixin.py:188} INFO - [2025-06-03T14:40:07.158-0300] {dag.py:3834} INFO - Setting next_dagrun for example_subdag_operator.section-2 to None, run_after=None
[2025-06-03T14:40:07.168-0300] {processor.py:183} INFO - Processing /home/walterg/Documentos/Data_projects/DW_AIRFLOW_DBT_PART_ONE/.venv/lib/python3.11/site-packages/airflow/example_dags/example_subdag_operator.py took 0.064 seconds
[2025-06-03T14:40:53.322-0300] {processor.py:161} INFO - Started process (PID=73176) to work on /home/walterg/Documentos/Data_projects/DW_AIRFLOW_DBT_PART_ONE/.venv/lib/python3.11/site-packages/airflow/example_dags/example_subdag_operator.py
[2025-06-03T14:40:53.327-0300] {processor.py:830} INFO - Processing file /home/walterg/Documentos/Data_projects/DW_AIRFLOW_DBT_PART_ONE/.venv/lib/python3.11/site-packages/airflow/example_dags/example_subdag_operator.py for tasks to queue
[2025-06-03T14:40:53.328-0300] {logging_mixin.py:188} INFO - [2025-06-03T14:40:53.327-0300] {dagbag.py:540} INFO - Filling up the DagBag from /home/walterg/Documentos/Data_projects/DW_AIRFLOW_DBT_PART_ONE/.venv/lib/python3.11/site-packages/airflow/example_dags/example_subdag_operator.py
[2025-06-03T14:40:53.343-0300] {processor.py:840} INFO - DAG(s) 'example_subdag_operator.section-1', 'example_subdag_operator.section-2', 'example_subdag_operator' retrieved from /home/walterg/Documentos/Data_projects/DW_AIRFLOW_DBT_PART_ONE/.venv/lib/python3.11/site-packages/airflow/example_dags/example_subdag_operator.py
[2025-06-03T14:40:53.353-0300] {logging_mixin.py:188} INFO - [2025-06-03T14:40:53.353-0300] {dag.py:3047} INFO - Sync 3 DAGs
[2025-06-03T14:40:53.366-0300] {logging_mixin.py:188} INFO - [2025-06-03T14:40:53.365-0300] {dag.py:3834} INFO - Setting next_dagrun for example_subdag_operator to 2022-01-01 00:00:00+00:00, run_after=2022-01-01 00:00:00+00:00
[2025-06-03T14:40:53.368-0300] {logging_mixin.py:188} INFO - [2025-06-03T14:40:53.367-0300] {dag.py:3834} INFO - Setting next_dagrun for example_subdag_operator.section-1 to None, run_after=None
[2025-06-03T14:40:53.368-0300] {logging_mixin.py:188} INFO - [2025-06-03T14:40:53.368-0300] {dag.py:3834} INFO - Setting next_dagrun for example_subdag_operator.section-2 to None, run_after=None
[2025-06-03T14:40:53.372-0300] {logging_mixin.py:188} INFO - [2025-06-03T14:40:53.372-0300] {dag.py:3047} INFO - Sync 2 DAGs
[2025-06-03T14:40:53.375-0300] {logging_mixin.py:188} INFO - [2025-06-03T14:40:53.375-0300] {dag.py:3834} INFO - Setting next_dagrun for example_subdag_operator.section-1 to None, run_after=None
[2025-06-03T14:40:53.375-0300] {logging_mixin.py:188} INFO - [2025-06-03T14:40:53.375-0300] {dag.py:3834} INFO - Setting next_dagrun for example_subdag_operator.section-2 to None, run_after=None
[2025-06-03T14:40:53.386-0300] {processor.py:183} INFO - Processing /home/walterg/Documentos/Data_projects/DW_AIRFLOW_DBT_PART_ONE/.venv/lib/python3.11/site-packages/airflow/example_dags/example_subdag_operator.py took 0.067 seconds
