[2025-06-03T14:39:04.280-0300] {processor.py:161} INFO - Started process (PID=71727) to work on /home/walterg/Documentos/Data_projects/DW_AIRFLOW_DBT_PART_ONE/.venv/lib/python3.11/site-packages/airflow/example_dags/example_branch_labels.py
[2025-06-03T14:39:04.281-0300] {processor.py:830} INFO - Processing file /home/walterg/Documentos/Data_projects/DW_AIRFLOW_DBT_PART_ONE/.venv/lib/python3.11/site-packages/airflow/example_dags/example_branch_labels.py for tasks to queue
[2025-06-03T14:39:04.282-0300] {logging_mixin.py:188} INFO - [2025-06-03T14:39:04.281-0300] {dagbag.py:540} INFO - Filling up the DagBag from /home/walterg/Documentos/Data_projects/DW_AIRFLOW_DBT_PART_ONE/.venv/lib/python3.11/site-packages/airflow/example_dags/example_branch_labels.py
[2025-06-03T14:39:04.288-0300] {processor.py:840} INFO - DAG(s) 'example_branch_labels' retrieved from /home/walterg/Documentos/Data_projects/DW_AIRFLOW_DBT_PART_ONE/.venv/lib/python3.11/site-packages/airflow/example_dags/example_branch_labels.py
[2025-06-03T14:39:04.363-0300] {logging_mixin.py:188} INFO - [2025-06-03T14:39:04.362-0300] {override.py:1769} INFO - Created Permission View: can edit on DAG:example_branch_labels
[2025-06-03T14:39:04.373-0300] {logging_mixin.py:188} INFO - [2025-06-03T14:39:04.373-0300] {override.py:1769} INFO - Created Permission View: can read on DAG:example_branch_labels
[2025-06-03T14:39:04.382-0300] {logging_mixin.py:188} INFO - [2025-06-03T14:39:04.382-0300] {override.py:1769} INFO - Created Permission View: can delete on DAG:example_branch_labels
[2025-06-03T14:39:04.382-0300] {logging_mixin.py:188} INFO - [2025-06-03T14:39:04.382-0300] {dag.py:3047} INFO - Sync 1 DAGs
[2025-06-03T14:39:04.390-0300] {logging_mixin.py:188} INFO - [2025-06-03T14:39:04.390-0300] {dag.py:3069} INFO - Creating ORM DAG for example_branch_labels
[2025-06-03T14:39:04.397-0300] {logging_mixin.py:188} INFO - [2025-06-03T14:39:04.396-0300] {dag.py:3834} INFO - Setting next_dagrun for example_branch_labels to 2025-06-02 00:00:00+00:00, run_after=2025-06-03 00:00:00+00:00
[2025-06-03T14:39:04.410-0300] {processor.py:183} INFO - Processing /home/walterg/Documentos/Data_projects/DW_AIRFLOW_DBT_PART_ONE/.venv/lib/python3.11/site-packages/airflow/example_dags/example_branch_labels.py took 0.132 seconds
[2025-06-03T14:39:54.551-0300] {processor.py:161} INFO - Started process (PID=72465) to work on /home/walterg/Documentos/Data_projects/DW_AIRFLOW_DBT_PART_ONE/.venv/lib/python3.11/site-packages/airflow/example_dags/example_branch_labels.py
[2025-06-03T14:39:54.556-0300] {processor.py:830} INFO - Processing file /home/walterg/Documentos/Data_projects/DW_AIRFLOW_DBT_PART_ONE/.venv/lib/python3.11/site-packages/airflow/example_dags/example_branch_labels.py for tasks to queue
[2025-06-03T14:39:54.558-0300] {logging_mixin.py:188} INFO - [2025-06-03T14:39:54.557-0300] {dagbag.py:540} INFO - Filling up the DagBag from /home/walterg/Documentos/Data_projects/DW_AIRFLOW_DBT_PART_ONE/.venv/lib/python3.11/site-packages/airflow/example_dags/example_branch_labels.py
[2025-06-03T14:39:54.564-0300] {processor.py:840} INFO - DAG(s) 'example_branch_labels' retrieved from /home/walterg/Documentos/Data_projects/DW_AIRFLOW_DBT_PART_ONE/.venv/lib/python3.11/site-packages/airflow/example_dags/example_branch_labels.py
[2025-06-03T14:39:54.577-0300] {logging_mixin.py:188} INFO - [2025-06-03T14:39:54.577-0300] {dag.py:3047} INFO - Sync 1 DAGs
[2025-06-03T14:39:54.591-0300] {logging_mixin.py:188} INFO - [2025-06-03T14:39:54.591-0300] {dag.py:3834} INFO - Setting next_dagrun for example_branch_labels to 2025-06-02 00:00:00+00:00, run_after=2025-06-03 00:00:00+00:00
[2025-06-03T14:39:54.606-0300] {processor.py:183} INFO - Processing /home/walterg/Documentos/Data_projects/DW_AIRFLOW_DBT_PART_ONE/.venv/lib/python3.11/site-packages/airflow/example_dags/example_branch_labels.py took 0.058 seconds
[2025-06-03T14:40:43.042-0300] {processor.py:161} INFO - Started process (PID=73046) to work on /home/walterg/Documentos/Data_projects/DW_AIRFLOW_DBT_PART_ONE/.venv/lib/python3.11/site-packages/airflow/example_dags/example_branch_labels.py
[2025-06-03T14:40:43.046-0300] {processor.py:830} INFO - Processing file /home/walterg/Documentos/Data_projects/DW_AIRFLOW_DBT_PART_ONE/.venv/lib/python3.11/site-packages/airflow/example_dags/example_branch_labels.py for tasks to queue
[2025-06-03T14:40:43.048-0300] {logging_mixin.py:188} INFO - [2025-06-03T14:40:43.047-0300] {dagbag.py:540} INFO - Filling up the DagBag from /home/walterg/Documentos/Data_projects/DW_AIRFLOW_DBT_PART_ONE/.venv/lib/python3.11/site-packages/airflow/example_dags/example_branch_labels.py
[2025-06-03T14:40:43.054-0300] {processor.py:840} INFO - DAG(s) 'example_branch_labels' retrieved from /home/walterg/Documentos/Data_projects/DW_AIRFLOW_DBT_PART_ONE/.venv/lib/python3.11/site-packages/airflow/example_dags/example_branch_labels.py
[2025-06-03T14:40:43.067-0300] {logging_mixin.py:188} INFO - [2025-06-03T14:40:43.067-0300] {dag.py:3047} INFO - Sync 1 DAGs
[2025-06-03T14:40:43.081-0300] {logging_mixin.py:188} INFO - [2025-06-03T14:40:43.081-0300] {dag.py:3834} INFO - Setting next_dagrun for example_branch_labels to 2025-06-02 00:00:00+00:00, run_after=2025-06-03 00:00:00+00:00
[2025-06-03T14:40:43.097-0300] {processor.py:183} INFO - Processing /home/walterg/Documentos/Data_projects/DW_AIRFLOW_DBT_PART_ONE/.venv/lib/python3.11/site-packages/airflow/example_dags/example_branch_labels.py took 0.058 seconds
[2025-06-03T14:41:31.002-0300] {processor.py:161} INFO - Started process (PID=73674) to work on /home/walterg/Documentos/Data_projects/DW_AIRFLOW_DBT_PART_ONE/.venv/lib/python3.11/site-packages/airflow/example_dags/example_branch_labels.py
[2025-06-03T14:41:31.006-0300] {processor.py:830} INFO - Processing file /home/walterg/Documentos/Data_projects/DW_AIRFLOW_DBT_PART_ONE/.venv/lib/python3.11/site-packages/airflow/example_dags/example_branch_labels.py for tasks to queue
[2025-06-03T14:41:31.008-0300] {logging_mixin.py:188} INFO - [2025-06-03T14:41:31.007-0300] {dagbag.py:540} INFO - Filling up the DagBag from /home/walterg/Documentos/Data_projects/DW_AIRFLOW_DBT_PART_ONE/.venv/lib/python3.11/site-packages/airflow/example_dags/example_branch_labels.py
[2025-06-03T14:41:31.015-0300] {processor.py:840} INFO - DAG(s) 'example_branch_labels' retrieved from /home/walterg/Documentos/Data_projects/DW_AIRFLOW_DBT_PART_ONE/.venv/lib/python3.11/site-packages/airflow/example_dags/example_branch_labels.py
[2025-06-03T14:41:31.028-0300] {logging_mixin.py:188} INFO - [2025-06-03T14:41:31.028-0300] {dag.py:3047} INFO - Sync 1 DAGs
[2025-06-03T14:41:31.042-0300] {logging_mixin.py:188} INFO - [2025-06-03T14:41:31.042-0300] {dag.py:3834} INFO - Setting next_dagrun for example_branch_labels to 2025-06-02 00:00:00+00:00, run_after=2025-06-03 00:00:00+00:00
[2025-06-03T14:41:31.059-0300] {processor.py:183} INFO - Processing /home/walterg/Documentos/Data_projects/DW_AIRFLOW_DBT_PART_ONE/.venv/lib/python3.11/site-packages/airflow/example_dags/example_branch_labels.py took 0.060 seconds
