[2025-06-03T14:38:59.040-0300] {processor.py:161} INFO - Started process (PID=71646) to work on /home/walterg/Documentos/Data_projects/DW_AIRFLOW_DBT_PART_ONE/.venv/lib/python3.11/site-packages/airflow/example_dags/example_dynamic_task_mapping.py
[2025-06-03T14:38:59.041-0300] {processor.py:830} INFO - Processing file /home/walterg/Documentos/Data_projects/DW_AIRFLOW_DBT_PART_ONE/.venv/lib/python3.11/site-packages/airflow/example_dags/example_dynamic_task_mapping.py for tasks to queue
[2025-06-03T14:38:59.042-0300] {logging_mixin.py:188} INFO - [2025-06-03T14:38:59.042-0300] {dagbag.py:540} INFO - Filling up the DagBag from /home/walterg/Documentos/Data_projects/DW_AIRFLOW_DBT_PART_ONE/.venv/lib/python3.11/site-packages/airflow/example_dags/example_dynamic_task_mapping.py
[2025-06-03T14:38:59.049-0300] {processor.py:840} INFO - DAG(s) 'example_dynamic_task_mapping' retrieved from /home/walterg/Documentos/Data_projects/DW_AIRFLOW_DBT_PART_ONE/.venv/lib/python3.11/site-packages/airflow/example_dags/example_dynamic_task_mapping.py
[2025-06-03T14:38:59.123-0300] {logging_mixin.py:188} INFO - [2025-06-03T14:38:59.123-0300] {override.py:1769} INFO - Created Permission View: can edit on DAG:example_dynamic_task_mapping
[2025-06-03T14:38:59.133-0300] {logging_mixin.py:188} INFO - [2025-06-03T14:38:59.133-0300] {override.py:1769} INFO - Created Permission View: can read on DAG:example_dynamic_task_mapping
[2025-06-03T14:38:59.141-0300] {logging_mixin.py:188} INFO - [2025-06-03T14:38:59.141-0300] {override.py:1769} INFO - Created Permission View: can delete on DAG:example_dynamic_task_mapping
[2025-06-03T14:38:59.141-0300] {logging_mixin.py:188} INFO - [2025-06-03T14:38:59.141-0300] {dag.py:3047} INFO - Sync 1 DAGs
[2025-06-03T14:38:59.149-0300] {logging_mixin.py:188} INFO - [2025-06-03T14:38:59.149-0300] {dag.py:3069} INFO - Creating ORM DAG for example_dynamic_task_mapping
[2025-06-03T14:38:59.155-0300] {logging_mixin.py:188} INFO - [2025-06-03T14:38:59.155-0300] {dag.py:3834} INFO - Setting next_dagrun for example_dynamic_task_mapping to 2022-03-04 00:00:00+00:00, run_after=2022-03-05 00:00:00+00:00
[2025-06-03T14:38:59.168-0300] {processor.py:183} INFO - Processing /home/walterg/Documentos/Data_projects/DW_AIRFLOW_DBT_PART_ONE/.venv/lib/python3.11/site-packages/airflow/example_dags/example_dynamic_task_mapping.py took 0.131 seconds
[2025-06-03T14:39:49.412-0300] {processor.py:161} INFO - Started process (PID=72382) to work on /home/walterg/Documentos/Data_projects/DW_AIRFLOW_DBT_PART_ONE/.venv/lib/python3.11/site-packages/airflow/example_dags/example_dynamic_task_mapping.py
[2025-06-03T14:39:49.417-0300] {processor.py:830} INFO - Processing file /home/walterg/Documentos/Data_projects/DW_AIRFLOW_DBT_PART_ONE/.venv/lib/python3.11/site-packages/airflow/example_dags/example_dynamic_task_mapping.py for tasks to queue
[2025-06-03T14:39:49.418-0300] {logging_mixin.py:188} INFO - [2025-06-03T14:39:49.417-0300] {dagbag.py:540} INFO - Filling up the DagBag from /home/walterg/Documentos/Data_projects/DW_AIRFLOW_DBT_PART_ONE/.venv/lib/python3.11/site-packages/airflow/example_dags/example_dynamic_task_mapping.py
[2025-06-03T14:39:49.425-0300] {processor.py:840} INFO - DAG(s) 'example_dynamic_task_mapping' retrieved from /home/walterg/Documentos/Data_projects/DW_AIRFLOW_DBT_PART_ONE/.venv/lib/python3.11/site-packages/airflow/example_dags/example_dynamic_task_mapping.py
[2025-06-03T14:39:49.440-0300] {logging_mixin.py:188} INFO - [2025-06-03T14:39:49.440-0300] {dag.py:3047} INFO - Sync 1 DAGs
[2025-06-03T14:39:49.460-0300] {logging_mixin.py:188} INFO - [2025-06-03T14:39:49.460-0300] {dag.py:3834} INFO - Setting next_dagrun for example_dynamic_task_mapping to 2022-03-04 00:00:00+00:00, run_after=2022-03-05 00:00:00+00:00
[2025-06-03T14:39:49.482-0300] {processor.py:183} INFO - Processing /home/walterg/Documentos/Data_projects/DW_AIRFLOW_DBT_PART_ONE/.venv/lib/python3.11/site-packages/airflow/example_dags/example_dynamic_task_mapping.py took 0.074 seconds
[2025-06-03T14:40:38.057-0300] {processor.py:161} INFO - Started process (PID=72993) to work on /home/walterg/Documentos/Data_projects/DW_AIRFLOW_DBT_PART_ONE/.venv/lib/python3.11/site-packages/airflow/example_dags/example_dynamic_task_mapping.py
[2025-06-03T14:40:38.057-0300] {processor.py:830} INFO - Processing file /home/walterg/Documentos/Data_projects/DW_AIRFLOW_DBT_PART_ONE/.venv/lib/python3.11/site-packages/airflow/example_dags/example_dynamic_task_mapping.py for tasks to queue
[2025-06-03T14:40:38.058-0300] {logging_mixin.py:188} INFO - [2025-06-03T14:40:38.058-0300] {dagbag.py:540} INFO - Filling up the DagBag from /home/walterg/Documentos/Data_projects/DW_AIRFLOW_DBT_PART_ONE/.venv/lib/python3.11/site-packages/airflow/example_dags/example_dynamic_task_mapping.py
[2025-06-03T14:40:38.065-0300] {processor.py:840} INFO - DAG(s) 'example_dynamic_task_mapping' retrieved from /home/walterg/Documentos/Data_projects/DW_AIRFLOW_DBT_PART_ONE/.venv/lib/python3.11/site-packages/airflow/example_dags/example_dynamic_task_mapping.py
[2025-06-03T14:40:38.076-0300] {logging_mixin.py:188} INFO - [2025-06-03T14:40:38.076-0300] {dag.py:3047} INFO - Sync 1 DAGs
[2025-06-03T14:40:38.089-0300] {logging_mixin.py:188} INFO - [2025-06-03T14:40:38.088-0300] {dag.py:3834} INFO - Setting next_dagrun for example_dynamic_task_mapping to 2022-03-04 00:00:00+00:00, run_after=2022-03-05 00:00:00+00:00
[2025-06-03T14:40:38.103-0300] {processor.py:183} INFO - Processing /home/walterg/Documentos/Data_projects/DW_AIRFLOW_DBT_PART_ONE/.venv/lib/python3.11/site-packages/airflow/example_dags/example_dynamic_task_mapping.py took 0.049 seconds
[2025-06-03T14:41:26.438-0300] {processor.py:161} INFO - Started process (PID=73615) to work on /home/walterg/Documentos/Data_projects/DW_AIRFLOW_DBT_PART_ONE/.venv/lib/python3.11/site-packages/airflow/example_dags/example_dynamic_task_mapping.py
[2025-06-03T14:41:26.443-0300] {processor.py:830} INFO - Processing file /home/walterg/Documentos/Data_projects/DW_AIRFLOW_DBT_PART_ONE/.venv/lib/python3.11/site-packages/airflow/example_dags/example_dynamic_task_mapping.py for tasks to queue
[2025-06-03T14:41:26.445-0300] {logging_mixin.py:188} INFO - [2025-06-03T14:41:26.444-0300] {dagbag.py:540} INFO - Filling up the DagBag from /home/walterg/Documentos/Data_projects/DW_AIRFLOW_DBT_PART_ONE/.venv/lib/python3.11/site-packages/airflow/example_dags/example_dynamic_task_mapping.py
[2025-06-03T14:41:26.451-0300] {processor.py:840} INFO - DAG(s) 'example_dynamic_task_mapping' retrieved from /home/walterg/Documentos/Data_projects/DW_AIRFLOW_DBT_PART_ONE/.venv/lib/python3.11/site-packages/airflow/example_dags/example_dynamic_task_mapping.py
[2025-06-03T14:41:26.464-0300] {logging_mixin.py:188} INFO - [2025-06-03T14:41:26.463-0300] {dag.py:3047} INFO - Sync 1 DAGs
[2025-06-03T14:41:26.477-0300] {logging_mixin.py:188} INFO - [2025-06-03T14:41:26.477-0300] {dag.py:3834} INFO - Setting next_dagrun for example_dynamic_task_mapping to 2022-03-04 00:00:00+00:00, run_after=2022-03-05 00:00:00+00:00
[2025-06-03T14:41:26.492-0300] {processor.py:183} INFO - Processing /home/walterg/Documentos/Data_projects/DW_AIRFLOW_DBT_PART_ONE/.venv/lib/python3.11/site-packages/airflow/example_dags/example_dynamic_task_mapping.py took 0.056 seconds
