[2025-06-03T14:38:40.740-0300] {processor.py:161} INFO - Started process (PID=71377) to work on /home/walterg/Documentos/Data_projects/DW_AIRFLOW_DBT_PART_ONE/.venv/lib/python3.11/site-packages/airflow/example_dags/example_short_circuit_operator.py
[2025-06-03T14:38:40.741-0300] {processor.py:830} INFO - Processing file /home/walterg/Documentos/Data_projects/DW_AIRFLOW_DBT_PART_ONE/.venv/lib/python3.11/site-packages/airflow/example_dags/example_short_circuit_operator.py for tasks to queue
[2025-06-03T14:38:40.741-0300] {logging_mixin.py:188} INFO - [2025-06-03T14:38:40.741-0300] {dagbag.py:540} INFO - Filling up the DagBag from /home/walterg/Documentos/Data_projects/DW_AIRFLOW_DBT_PART_ONE/.venv/lib/python3.11/site-packages/airflow/example_dags/example_short_circuit_operator.py
[2025-06-03T14:38:40.748-0300] {processor.py:840} INFO - DAG(s) 'example_short_circuit_operator' retrieved from /home/walterg/Documentos/Data_projects/DW_AIRFLOW_DBT_PART_ONE/.venv/lib/python3.11/site-packages/airflow/example_dags/example_short_circuit_operator.py
[2025-06-03T14:38:40.826-0300] {logging_mixin.py:188} INFO - [2025-06-03T14:38:40.825-0300] {override.py:1769} INFO - Created Permission View: can edit on DAG:example_short_circuit_operator
[2025-06-03T14:38:40.836-0300] {logging_mixin.py:188} INFO - [2025-06-03T14:38:40.836-0300] {override.py:1769} INFO - Created Permission View: can read on DAG:example_short_circuit_operator
[2025-06-03T14:38:40.844-0300] {logging_mixin.py:188} INFO - [2025-06-03T14:38:40.844-0300] {override.py:1769} INFO - Created Permission View: can delete on DAG:example_short_circuit_operator
[2025-06-03T14:38:40.845-0300] {logging_mixin.py:188} INFO - [2025-06-03T14:38:40.845-0300] {dag.py:3047} INFO - Sync 1 DAGs
[2025-06-03T14:38:40.852-0300] {logging_mixin.py:188} INFO - [2025-06-03T14:38:40.852-0300] {dag.py:3069} INFO - Creating ORM DAG for example_short_circuit_operator
[2025-06-03T14:38:40.858-0300] {logging_mixin.py:188} INFO - [2025-06-03T14:38:40.858-0300] {dag.py:3834} INFO - Setting next_dagrun for example_short_circuit_operator to 2025-06-02 00:00:00+00:00, run_after=2025-06-03 00:00:00+00:00
[2025-06-03T14:38:40.874-0300] {processor.py:183} INFO - Processing /home/walterg/Documentos/Data_projects/DW_AIRFLOW_DBT_PART_ONE/.venv/lib/python3.11/site-packages/airflow/example_dags/example_short_circuit_operator.py took 0.136 seconds
[2025-06-03T14:39:27.112-0300] {processor.py:161} INFO - Started process (PID=72114) to work on /home/walterg/Documentos/Data_projects/DW_AIRFLOW_DBT_PART_ONE/.venv/lib/python3.11/site-packages/airflow/example_dags/example_short_circuit_operator.py
[2025-06-03T14:39:27.118-0300] {processor.py:830} INFO - Processing file /home/walterg/Documentos/Data_projects/DW_AIRFLOW_DBT_PART_ONE/.venv/lib/python3.11/site-packages/airflow/example_dags/example_short_circuit_operator.py for tasks to queue
[2025-06-03T14:39:27.119-0300] {logging_mixin.py:188} INFO - [2025-06-03T14:39:27.118-0300] {dagbag.py:540} INFO - Filling up the DagBag from /home/walterg/Documentos/Data_projects/DW_AIRFLOW_DBT_PART_ONE/.venv/lib/python3.11/site-packages/airflow/example_dags/example_short_circuit_operator.py
[2025-06-03T14:39:27.130-0300] {processor.py:840} INFO - DAG(s) 'example_short_circuit_operator' retrieved from /home/walterg/Documentos/Data_projects/DW_AIRFLOW_DBT_PART_ONE/.venv/lib/python3.11/site-packages/airflow/example_dags/example_short_circuit_operator.py
[2025-06-03T14:39:27.147-0300] {logging_mixin.py:188} INFO - [2025-06-03T14:39:27.146-0300] {dag.py:3047} INFO - Sync 1 DAGs
[2025-06-03T14:39:27.163-0300] {logging_mixin.py:188} INFO - [2025-06-03T14:39:27.162-0300] {dag.py:3834} INFO - Setting next_dagrun for example_short_circuit_operator to 2025-06-02 00:00:00+00:00, run_after=2025-06-03 00:00:00+00:00
[2025-06-03T14:39:27.178-0300] {processor.py:183} INFO - Processing /home/walterg/Documentos/Data_projects/DW_AIRFLOW_DBT_PART_ONE/.venv/lib/python3.11/site-packages/airflow/example_dags/example_short_circuit_operator.py took 0.070 seconds
[2025-06-03T14:40:17.786-0300] {processor.py:161} INFO - Started process (PID=72744) to work on /home/walterg/Documentos/Data_projects/DW_AIRFLOW_DBT_PART_ONE/.venv/lib/python3.11/site-packages/airflow/example_dags/example_short_circuit_operator.py
[2025-06-03T14:40:17.791-0300] {processor.py:830} INFO - Processing file /home/walterg/Documentos/Data_projects/DW_AIRFLOW_DBT_PART_ONE/.venv/lib/python3.11/site-packages/airflow/example_dags/example_short_circuit_operator.py for tasks to queue
[2025-06-03T14:40:17.792-0300] {logging_mixin.py:188} INFO - [2025-06-03T14:40:17.792-0300] {dagbag.py:540} INFO - Filling up the DagBag from /home/walterg/Documentos/Data_projects/DW_AIRFLOW_DBT_PART_ONE/.venv/lib/python3.11/site-packages/airflow/example_dags/example_short_circuit_operator.py
[2025-06-03T14:40:17.798-0300] {processor.py:840} INFO - DAG(s) 'example_short_circuit_operator' retrieved from /home/walterg/Documentos/Data_projects/DW_AIRFLOW_DBT_PART_ONE/.venv/lib/python3.11/site-packages/airflow/example_dags/example_short_circuit_operator.py
[2025-06-03T14:40:17.812-0300] {logging_mixin.py:188} INFO - [2025-06-03T14:40:17.812-0300] {dag.py:3047} INFO - Sync 1 DAGs
[2025-06-03T14:40:17.825-0300] {logging_mixin.py:188} INFO - [2025-06-03T14:40:17.825-0300] {dag.py:3834} INFO - Setting next_dagrun for example_short_circuit_operator to 2025-06-02 00:00:00+00:00, run_after=2025-06-03 00:00:00+00:00
[2025-06-03T14:40:17.841-0300] {processor.py:183} INFO - Processing /home/walterg/Documentos/Data_projects/DW_AIRFLOW_DBT_PART_ONE/.venv/lib/python3.11/site-packages/airflow/example_dags/example_short_circuit_operator.py took 0.057 seconds
[2025-06-03T14:41:05.077-0300] {processor.py:161} INFO - Started process (PID=73323) to work on /home/walterg/Documentos/Data_projects/DW_AIRFLOW_DBT_PART_ONE/.venv/lib/python3.11/site-packages/airflow/example_dags/example_short_circuit_operator.py
[2025-06-03T14:41:05.083-0300] {processor.py:830} INFO - Processing file /home/walterg/Documentos/Data_projects/DW_AIRFLOW_DBT_PART_ONE/.venv/lib/python3.11/site-packages/airflow/example_dags/example_short_circuit_operator.py for tasks to queue
[2025-06-03T14:41:05.084-0300] {logging_mixin.py:188} INFO - [2025-06-03T14:41:05.084-0300] {dagbag.py:540} INFO - Filling up the DagBag from /home/walterg/Documentos/Data_projects/DW_AIRFLOW_DBT_PART_ONE/.venv/lib/python3.11/site-packages/airflow/example_dags/example_short_circuit_operator.py
[2025-06-03T14:41:05.094-0300] {processor.py:840} INFO - DAG(s) 'example_short_circuit_operator' retrieved from /home/walterg/Documentos/Data_projects/DW_AIRFLOW_DBT_PART_ONE/.venv/lib/python3.11/site-packages/airflow/example_dags/example_short_circuit_operator.py
[2025-06-03T14:41:05.110-0300] {logging_mixin.py:188} INFO - [2025-06-03T14:41:05.110-0300] {dag.py:3047} INFO - Sync 1 DAGs
[2025-06-03T14:41:05.123-0300] {logging_mixin.py:188} INFO - [2025-06-03T14:41:05.123-0300] {dag.py:3834} INFO - Setting next_dagrun for example_short_circuit_operator to 2025-06-02 00:00:00+00:00, run_after=2025-06-03 00:00:00+00:00
[2025-06-03T14:41:05.141-0300] {processor.py:183} INFO - Processing /home/walterg/Documentos/Data_projects/DW_AIRFLOW_DBT_PART_ONE/.venv/lib/python3.11/site-packages/airflow/example_dags/example_short_circuit_operator.py took 0.067 seconds
