[2025-06-03T14:38:49.883-0300] {processor.py:161} INFO - Started process (PID=71493) to work on /home/walterg/Documentos/Data_projects/DW_AIRFLOW_DBT_PART_ONE/.venv/lib/python3.11/site-packages/airflow/example_dags/example_python_operator.py
[2025-06-03T14:38:49.884-0300] {processor.py:830} INFO - Processing file /home/walterg/Documentos/Data_projects/DW_AIRFLOW_DBT_PART_ONE/.venv/lib/python3.11/site-packages/airflow/example_dags/example_python_operator.py for tasks to queue
[2025-06-03T14:38:49.884-0300] {logging_mixin.py:188} INFO - [2025-06-03T14:38:49.884-0300] {dagbag.py:540} INFO - Filling up the DagBag from /home/walterg/Documentos/Data_projects/DW_AIRFLOW_DBT_PART_ONE/.venv/lib/python3.11/site-packages/airflow/example_dags/example_python_operator.py
[2025-06-03T14:38:49.890-0300] {logging_mixin.py:188} INFO - [2025-06-03T14:38:49.890-0300] {example_python_operator.py:88} WARNING - The virtalenv_python example task requires virtualenv, please install it.
[2025-06-03T14:38:49.890-0300] {processor.py:840} INFO - DAG(s) 'example_python_operator' retrieved from /home/walterg/Documentos/Data_projects/DW_AIRFLOW_DBT_PART_ONE/.venv/lib/python3.11/site-packages/airflow/example_dags/example_python_operator.py
[2025-06-03T14:38:49.967-0300] {logging_mixin.py:188} INFO - [2025-06-03T14:38:49.966-0300] {override.py:1769} INFO - Created Permission View: can edit on DAG:example_python_operator
[2025-06-03T14:38:49.976-0300] {logging_mixin.py:188} INFO - [2025-06-03T14:38:49.976-0300] {override.py:1769} INFO - Created Permission View: can read on DAG:example_python_operator
[2025-06-03T14:38:49.985-0300] {logging_mixin.py:188} INFO - [2025-06-03T14:38:49.984-0300] {override.py:1769} INFO - Created Permission View: can delete on DAG:example_python_operator
[2025-06-03T14:38:49.985-0300] {logging_mixin.py:188} INFO - [2025-06-03T14:38:49.985-0300] {dag.py:3047} INFO - Sync 1 DAGs
[2025-06-03T14:38:49.991-0300] {logging_mixin.py:188} INFO - [2025-06-03T14:38:49.991-0300] {dag.py:3069} INFO - Creating ORM DAG for example_python_operator
[2025-06-03T14:38:49.992-0300] {logging_mixin.py:188} INFO - [2025-06-03T14:38:49.992-0300] {dag.py:3834} INFO - Setting next_dagrun for example_python_operator to None, run_after=None
[2025-06-03T14:38:50.007-0300] {processor.py:183} INFO - Processing /home/walterg/Documentos/Data_projects/DW_AIRFLOW_DBT_PART_ONE/.venv/lib/python3.11/site-packages/airflow/example_dags/example_python_operator.py took 0.127 seconds
[2025-06-03T14:39:36.258-0300] {processor.py:161} INFO - Started process (PID=72210) to work on /home/walterg/Documentos/Data_projects/DW_AIRFLOW_DBT_PART_ONE/.venv/lib/python3.11/site-packages/airflow/example_dags/example_python_operator.py
[2025-06-03T14:39:36.263-0300] {processor.py:830} INFO - Processing file /home/walterg/Documentos/Data_projects/DW_AIRFLOW_DBT_PART_ONE/.venv/lib/python3.11/site-packages/airflow/example_dags/example_python_operator.py for tasks to queue
[2025-06-03T14:39:36.264-0300] {logging_mixin.py:188} INFO - [2025-06-03T14:39:36.264-0300] {dagbag.py:540} INFO - Filling up the DagBag from /home/walterg/Documentos/Data_projects/DW_AIRFLOW_DBT_PART_ONE/.venv/lib/python3.11/site-packages/airflow/example_dags/example_python_operator.py
[2025-06-03T14:39:36.270-0300] {logging_mixin.py:188} INFO - [2025-06-03T14:39:36.269-0300] {example_python_operator.py:88} WARNING - The virtalenv_python example task requires virtualenv, please install it.
[2025-06-03T14:39:36.270-0300] {processor.py:840} INFO - DAG(s) 'example_python_operator' retrieved from /home/walterg/Documentos/Data_projects/DW_AIRFLOW_DBT_PART_ONE/.venv/lib/python3.11/site-packages/airflow/example_dags/example_python_operator.py
[2025-06-03T14:39:36.283-0300] {logging_mixin.py:188} INFO - [2025-06-03T14:39:36.283-0300] {dag.py:3047} INFO - Sync 1 DAGs
[2025-06-03T14:39:36.291-0300] {logging_mixin.py:188} INFO - [2025-06-03T14:39:36.291-0300] {dag.py:3834} INFO - Setting next_dagrun for example_python_operator to None, run_after=None
[2025-06-03T14:39:36.306-0300] {processor.py:183} INFO - Processing /home/walterg/Documentos/Data_projects/DW_AIRFLOW_DBT_PART_ONE/.venv/lib/python3.11/site-packages/airflow/example_dags/example_python_operator.py took 0.051 seconds
[2025-06-03T14:40:26.484-0300] {processor.py:161} INFO - Started process (PID=72845) to work on /home/walterg/Documentos/Data_projects/DW_AIRFLOW_DBT_PART_ONE/.venv/lib/python3.11/site-packages/airflow/example_dags/example_python_operator.py
[2025-06-03T14:40:26.489-0300] {processor.py:830} INFO - Processing file /home/walterg/Documentos/Data_projects/DW_AIRFLOW_DBT_PART_ONE/.venv/lib/python3.11/site-packages/airflow/example_dags/example_python_operator.py for tasks to queue
[2025-06-03T14:40:26.490-0300] {logging_mixin.py:188} INFO - [2025-06-03T14:40:26.490-0300] {dagbag.py:540} INFO - Filling up the DagBag from /home/walterg/Documentos/Data_projects/DW_AIRFLOW_DBT_PART_ONE/.venv/lib/python3.11/site-packages/airflow/example_dags/example_python_operator.py
[2025-06-03T14:40:26.496-0300] {logging_mixin.py:188} INFO - [2025-06-03T14:40:26.496-0300] {example_python_operator.py:88} WARNING - The virtalenv_python example task requires virtualenv, please install it.
[2025-06-03T14:40:26.496-0300] {processor.py:840} INFO - DAG(s) 'example_python_operator' retrieved from /home/walterg/Documentos/Data_projects/DW_AIRFLOW_DBT_PART_ONE/.venv/lib/python3.11/site-packages/airflow/example_dags/example_python_operator.py
[2025-06-03T14:40:26.510-0300] {logging_mixin.py:188} INFO - [2025-06-03T14:40:26.509-0300] {dag.py:3047} INFO - Sync 1 DAGs
[2025-06-03T14:40:26.517-0300] {logging_mixin.py:188} INFO - [2025-06-03T14:40:26.517-0300] {dag.py:3834} INFO - Setting next_dagrun for example_python_operator to None, run_after=None
[2025-06-03T14:40:26.533-0300] {processor.py:183} INFO - Processing /home/walterg/Documentos/Data_projects/DW_AIRFLOW_DBT_PART_ONE/.venv/lib/python3.11/site-packages/airflow/example_dags/example_python_operator.py took 0.051 seconds
[2025-06-03T14:41:13.887-0300] {processor.py:161} INFO - Started process (PID=73438) to work on /home/walterg/Documentos/Data_projects/DW_AIRFLOW_DBT_PART_ONE/.venv/lib/python3.11/site-packages/airflow/example_dags/example_python_operator.py
[2025-06-03T14:41:13.893-0300] {processor.py:830} INFO - Processing file /home/walterg/Documentos/Data_projects/DW_AIRFLOW_DBT_PART_ONE/.venv/lib/python3.11/site-packages/airflow/example_dags/example_python_operator.py for tasks to queue
[2025-06-03T14:41:13.894-0300] {logging_mixin.py:188} INFO - [2025-06-03T14:41:13.893-0300] {dagbag.py:540} INFO - Filling up the DagBag from /home/walterg/Documentos/Data_projects/DW_AIRFLOW_DBT_PART_ONE/.venv/lib/python3.11/site-packages/airflow/example_dags/example_python_operator.py
[2025-06-03T14:41:13.900-0300] {logging_mixin.py:188} INFO - [2025-06-03T14:41:13.900-0300] {example_python_operator.py:88} WARNING - The virtalenv_python example task requires virtualenv, please install it.
[2025-06-03T14:41:13.901-0300] {processor.py:840} INFO - DAG(s) 'example_python_operator' retrieved from /home/walterg/Documentos/Data_projects/DW_AIRFLOW_DBT_PART_ONE/.venv/lib/python3.11/site-packages/airflow/example_dags/example_python_operator.py
[2025-06-03T14:41:13.915-0300] {logging_mixin.py:188} INFO - [2025-06-03T14:41:13.915-0300] {dag.py:3047} INFO - Sync 1 DAGs
[2025-06-03T14:41:13.922-0300] {logging_mixin.py:188} INFO - [2025-06-03T14:41:13.922-0300] {dag.py:3834} INFO - Setting next_dagrun for example_python_operator to None, run_after=None
[2025-06-03T14:41:13.938-0300] {processor.py:183} INFO - Processing /home/walterg/Documentos/Data_projects/DW_AIRFLOW_DBT_PART_ONE/.venv/lib/python3.11/site-packages/airflow/example_dags/example_python_operator.py took 0.054 seconds
