[2025-06-03T14:38:46.541-0300] {processor.py:161} INFO - Started process (PID=71453) to work on /home/walterg/Documentos/Data_projects/DW_AIRFLOW_DBT_PART_ONE/.venv/lib/python3.11/site-packages/airflow/example_dags/example_sensor_decorator.py
[2025-06-03T14:38:46.542-0300] {processor.py:830} INFO - Processing file /home/walterg/Documentos/Data_projects/DW_AIRFLOW_DBT_PART_ONE/.venv/lib/python3.11/site-packages/airflow/example_dags/example_sensor_decorator.py for tasks to queue
[2025-06-03T14:38:46.543-0300] {logging_mixin.py:188} INFO - [2025-06-03T14:38:46.543-0300] {dagbag.py:540} INFO - Filling up the DagBag from /home/walterg/Documentos/Data_projects/DW_AIRFLOW_DBT_PART_ONE/.venv/lib/python3.11/site-packages/airflow/example_dags/example_sensor_decorator.py
[2025-06-03T14:38:46.548-0300] {processor.py:840} INFO - DAG(s) 'example_sensor_decorator' retrieved from /home/walterg/Documentos/Data_projects/DW_AIRFLOW_DBT_PART_ONE/.venv/lib/python3.11/site-packages/airflow/example_dags/example_sensor_decorator.py
[2025-06-03T14:38:46.622-0300] {logging_mixin.py:188} INFO - [2025-06-03T14:38:46.622-0300] {override.py:1769} INFO - Created Permission View: can edit on DAG:example_sensor_decorator
[2025-06-03T14:38:46.632-0300] {logging_mixin.py:188} INFO - [2025-06-03T14:38:46.632-0300] {override.py:1769} INFO - Created Permission View: can read on DAG:example_sensor_decorator
[2025-06-03T14:38:46.640-0300] {logging_mixin.py:188} INFO - [2025-06-03T14:38:46.639-0300] {override.py:1769} INFO - Created Permission View: can delete on DAG:example_sensor_decorator
[2025-06-03T14:38:46.640-0300] {logging_mixin.py:188} INFO - [2025-06-03T14:38:46.640-0300] {dag.py:3047} INFO - Sync 1 DAGs
[2025-06-03T14:38:46.647-0300] {logging_mixin.py:188} INFO - [2025-06-03T14:38:46.647-0300] {dag.py:3069} INFO - Creating ORM DAG for example_sensor_decorator
[2025-06-03T14:38:46.648-0300] {logging_mixin.py:188} INFO - [2025-06-03T14:38:46.648-0300] {dag.py:3834} INFO - Setting next_dagrun for example_sensor_decorator to None, run_after=None
[2025-06-03T14:38:46.663-0300] {processor.py:183} INFO - Processing /home/walterg/Documentos/Data_projects/DW_AIRFLOW_DBT_PART_ONE/.venv/lib/python3.11/site-packages/airflow/example_dags/example_sensor_decorator.py took 0.125 seconds
[2025-06-03T14:39:33.117-0300] {processor.py:161} INFO - Started process (PID=72188) to work on /home/walterg/Documentos/Data_projects/DW_AIRFLOW_DBT_PART_ONE/.venv/lib/python3.11/site-packages/airflow/example_dags/example_sensor_decorator.py
[2025-06-03T14:39:33.122-0300] {processor.py:830} INFO - Processing file /home/walterg/Documentos/Data_projects/DW_AIRFLOW_DBT_PART_ONE/.venv/lib/python3.11/site-packages/airflow/example_dags/example_sensor_decorator.py for tasks to queue
[2025-06-03T14:39:33.123-0300] {logging_mixin.py:188} INFO - [2025-06-03T14:39:33.123-0300] {dagbag.py:540} INFO - Filling up the DagBag from /home/walterg/Documentos/Data_projects/DW_AIRFLOW_DBT_PART_ONE/.venv/lib/python3.11/site-packages/airflow/example_dags/example_sensor_decorator.py
[2025-06-03T14:39:33.128-0300] {processor.py:840} INFO - DAG(s) 'example_sensor_decorator' retrieved from /home/walterg/Documentos/Data_projects/DW_AIRFLOW_DBT_PART_ONE/.venv/lib/python3.11/site-packages/airflow/example_dags/example_sensor_decorator.py
[2025-06-03T14:39:33.142-0300] {logging_mixin.py:188} INFO - [2025-06-03T14:39:33.141-0300] {dag.py:3047} INFO - Sync 1 DAGs
[2025-06-03T14:39:33.151-0300] {logging_mixin.py:188} INFO - [2025-06-03T14:39:33.151-0300] {dag.py:3834} INFO - Setting next_dagrun for example_sensor_decorator to None, run_after=None
[2025-06-03T14:39:33.168-0300] {processor.py:183} INFO - Processing /home/walterg/Documentos/Data_projects/DW_AIRFLOW_DBT_PART_ONE/.venv/lib/python3.11/site-packages/airflow/example_dags/example_sensor_decorator.py took 0.053 seconds
[2025-06-03T14:40:23.611-0300] {processor.py:161} INFO - Started process (PID=72810) to work on /home/walterg/Documentos/Data_projects/DW_AIRFLOW_DBT_PART_ONE/.venv/lib/python3.11/site-packages/airflow/example_dags/example_sensor_decorator.py
[2025-06-03T14:40:23.616-0300] {processor.py:830} INFO - Processing file /home/walterg/Documentos/Data_projects/DW_AIRFLOW_DBT_PART_ONE/.venv/lib/python3.11/site-packages/airflow/example_dags/example_sensor_decorator.py for tasks to queue
[2025-06-03T14:40:23.617-0300] {logging_mixin.py:188} INFO - [2025-06-03T14:40:23.617-0300] {dagbag.py:540} INFO - Filling up the DagBag from /home/walterg/Documentos/Data_projects/DW_AIRFLOW_DBT_PART_ONE/.venv/lib/python3.11/site-packages/airflow/example_dags/example_sensor_decorator.py
[2025-06-03T14:40:23.622-0300] {processor.py:840} INFO - DAG(s) 'example_sensor_decorator' retrieved from /home/walterg/Documentos/Data_projects/DW_AIRFLOW_DBT_PART_ONE/.venv/lib/python3.11/site-packages/airflow/example_dags/example_sensor_decorator.py
[2025-06-03T14:40:23.634-0300] {logging_mixin.py:188} INFO - [2025-06-03T14:40:23.634-0300] {dag.py:3047} INFO - Sync 1 DAGs
[2025-06-03T14:40:23.643-0300] {logging_mixin.py:188} INFO - [2025-06-03T14:40:23.643-0300] {dag.py:3834} INFO - Setting next_dagrun for example_sensor_decorator to None, run_after=None
[2025-06-03T14:40:23.660-0300] {processor.py:183} INFO - Processing /home/walterg/Documentos/Data_projects/DW_AIRFLOW_DBT_PART_ONE/.venv/lib/python3.11/site-packages/airflow/example_dags/example_sensor_decorator.py took 0.052 seconds
[2025-06-03T14:41:10.730-0300] {processor.py:161} INFO - Started process (PID=73401) to work on /home/walterg/Documentos/Data_projects/DW_AIRFLOW_DBT_PART_ONE/.venv/lib/python3.11/site-packages/airflow/example_dags/example_sensor_decorator.py
[2025-06-03T14:41:10.735-0300] {processor.py:830} INFO - Processing file /home/walterg/Documentos/Data_projects/DW_AIRFLOW_DBT_PART_ONE/.venv/lib/python3.11/site-packages/airflow/example_dags/example_sensor_decorator.py for tasks to queue
[2025-06-03T14:41:10.736-0300] {logging_mixin.py:188} INFO - [2025-06-03T14:41:10.736-0300] {dagbag.py:540} INFO - Filling up the DagBag from /home/walterg/Documentos/Data_projects/DW_AIRFLOW_DBT_PART_ONE/.venv/lib/python3.11/site-packages/airflow/example_dags/example_sensor_decorator.py
[2025-06-03T14:41:10.741-0300] {processor.py:840} INFO - DAG(s) 'example_sensor_decorator' retrieved from /home/walterg/Documentos/Data_projects/DW_AIRFLOW_DBT_PART_ONE/.venv/lib/python3.11/site-packages/airflow/example_dags/example_sensor_decorator.py
[2025-06-03T14:41:10.754-0300] {logging_mixin.py:188} INFO - [2025-06-03T14:41:10.754-0300] {dag.py:3047} INFO - Sync 1 DAGs
[2025-06-03T14:41:10.762-0300] {logging_mixin.py:188} INFO - [2025-06-03T14:41:10.761-0300] {dag.py:3834} INFO - Setting next_dagrun for example_sensor_decorator to None, run_after=None
[2025-06-03T14:41:10.777-0300] {processor.py:183} INFO - Processing /home/walterg/Documentos/Data_projects/DW_AIRFLOW_DBT_PART_ONE/.venv/lib/python3.11/site-packages/airflow/example_dags/example_sensor_decorator.py took 0.049 seconds
