[2025-06-03T14:38:36.513-0300] {processor.py:161} INFO - Started process (PID=71328) to work on /home/walterg/Documentos/Data_projects/DW_AIRFLOW_DBT_PART_ONE/.venv/lib/python3.11/site-packages/airflow/example_dags/example_task_group.py
[2025-06-03T14:38:36.514-0300] {processor.py:830} INFO - Processing file /home/walterg/Documentos/Data_projects/DW_AIRFLOW_DBT_PART_ONE/.venv/lib/python3.11/site-packages/airflow/example_dags/example_task_group.py for tasks to queue
[2025-06-03T14:38:36.515-0300] {logging_mixin.py:188} INFO - [2025-06-03T14:38:36.515-0300] {dagbag.py:540} INFO - Filling up the DagBag from /home/walterg/Documentos/Data_projects/DW_AIRFLOW_DBT_PART_ONE/.venv/lib/python3.11/site-packages/airflow/example_dags/example_task_group.py
[2025-06-03T14:38:36.522-0300] {processor.py:840} INFO - DAG(s) 'example_task_group' retrieved from /home/walterg/Documentos/Data_projects/DW_AIRFLOW_DBT_PART_ONE/.venv/lib/python3.11/site-packages/airflow/example_dags/example_task_group.py
[2025-06-03T14:38:36.599-0300] {logging_mixin.py:188} INFO - [2025-06-03T14:38:36.598-0300] {override.py:1769} INFO - Created Permission View: can edit on DAG:example_task_group
[2025-06-03T14:38:36.609-0300] {logging_mixin.py:188} INFO - [2025-06-03T14:38:36.609-0300] {override.py:1769} INFO - Created Permission View: can read on DAG:example_task_group
[2025-06-03T14:38:36.617-0300] {logging_mixin.py:188} INFO - [2025-06-03T14:38:36.617-0300] {override.py:1769} INFO - Created Permission View: can delete on DAG:example_task_group
[2025-06-03T14:38:36.618-0300] {logging_mixin.py:188} INFO - [2025-06-03T14:38:36.617-0300] {dag.py:3047} INFO - Sync 1 DAGs
[2025-06-03T14:38:36.624-0300] {logging_mixin.py:188} INFO - [2025-06-03T14:38:36.624-0300] {dag.py:3069} INFO - Creating ORM DAG for example_task_group
[2025-06-03T14:38:36.630-0300] {logging_mixin.py:188} INFO - [2025-06-03T14:38:36.630-0300] {dag.py:3834} INFO - Setting next_dagrun for example_task_group to 2025-06-02 00:00:00+00:00, run_after=2025-06-03 00:00:00+00:00
[2025-06-03T14:38:36.646-0300] {processor.py:183} INFO - Processing /home/walterg/Documentos/Data_projects/DW_AIRFLOW_DBT_PART_ONE/.venv/lib/python3.11/site-packages/airflow/example_dags/example_task_group.py took 0.135 seconds
[2025-06-03T14:39:23.107-0300] {processor.py:161} INFO - Started process (PID=72039) to work on /home/walterg/Documentos/Data_projects/DW_AIRFLOW_DBT_PART_ONE/.venv/lib/python3.11/site-packages/airflow/example_dags/example_task_group.py
[2025-06-03T14:39:23.111-0300] {processor.py:830} INFO - Processing file /home/walterg/Documentos/Data_projects/DW_AIRFLOW_DBT_PART_ONE/.venv/lib/python3.11/site-packages/airflow/example_dags/example_task_group.py for tasks to queue
[2025-06-03T14:39:23.112-0300] {logging_mixin.py:188} INFO - [2025-06-03T14:39:23.112-0300] {dagbag.py:540} INFO - Filling up the DagBag from /home/walterg/Documentos/Data_projects/DW_AIRFLOW_DBT_PART_ONE/.venv/lib/python3.11/site-packages/airflow/example_dags/example_task_group.py
[2025-06-03T14:39:23.119-0300] {processor.py:840} INFO - DAG(s) 'example_task_group' retrieved from /home/walterg/Documentos/Data_projects/DW_AIRFLOW_DBT_PART_ONE/.venv/lib/python3.11/site-packages/airflow/example_dags/example_task_group.py
[2025-06-03T14:39:23.133-0300] {logging_mixin.py:188} INFO - [2025-06-03T14:39:23.133-0300] {dag.py:3047} INFO - Sync 1 DAGs
[2025-06-03T14:39:23.147-0300] {logging_mixin.py:188} INFO - [2025-06-03T14:39:23.147-0300] {dag.py:3834} INFO - Setting next_dagrun for example_task_group to 2025-06-02 00:00:00+00:00, run_after=2025-06-03 00:00:00+00:00
[2025-06-03T14:39:23.163-0300] {processor.py:183} INFO - Processing /home/walterg/Documentos/Data_projects/DW_AIRFLOW_DBT_PART_ONE/.venv/lib/python3.11/site-packages/airflow/example_dags/example_task_group.py took 0.059 seconds
[2025-06-03T14:40:09.918-0300] {processor.py:161} INFO - Started process (PID=72651) to work on /home/walterg/Documentos/Data_projects/DW_AIRFLOW_DBT_PART_ONE/.venv/lib/python3.11/site-packages/airflow/example_dags/example_task_group.py
[2025-06-03T14:40:09.923-0300] {processor.py:830} INFO - Processing file /home/walterg/Documentos/Data_projects/DW_AIRFLOW_DBT_PART_ONE/.venv/lib/python3.11/site-packages/airflow/example_dags/example_task_group.py for tasks to queue
[2025-06-03T14:40:09.925-0300] {logging_mixin.py:188} INFO - [2025-06-03T14:40:09.924-0300] {dagbag.py:540} INFO - Filling up the DagBag from /home/walterg/Documentos/Data_projects/DW_AIRFLOW_DBT_PART_ONE/.venv/lib/python3.11/site-packages/airflow/example_dags/example_task_group.py
[2025-06-03T14:40:09.932-0300] {processor.py:840} INFO - DAG(s) 'example_task_group' retrieved from /home/walterg/Documentos/Data_projects/DW_AIRFLOW_DBT_PART_ONE/.venv/lib/python3.11/site-packages/airflow/example_dags/example_task_group.py
[2025-06-03T14:40:09.945-0300] {logging_mixin.py:188} INFO - [2025-06-03T14:40:09.945-0300] {dag.py:3047} INFO - Sync 1 DAGs
[2025-06-03T14:40:09.960-0300] {logging_mixin.py:188} INFO - [2025-06-03T14:40:09.960-0300] {dag.py:3834} INFO - Setting next_dagrun for example_task_group to 2025-06-02 00:00:00+00:00, run_after=2025-06-03 00:00:00+00:00
[2025-06-03T14:40:09.977-0300] {processor.py:183} INFO - Processing /home/walterg/Documentos/Data_projects/DW_AIRFLOW_DBT_PART_ONE/.venv/lib/python3.11/site-packages/airflow/example_dags/example_task_group.py took 0.061 seconds
[2025-06-03T14:40:56.188-0300] {processor.py:161} INFO - Started process (PID=73214) to work on /home/walterg/Documentos/Data_projects/DW_AIRFLOW_DBT_PART_ONE/.venv/lib/python3.11/site-packages/airflow/example_dags/example_task_group.py
[2025-06-03T14:40:56.189-0300] {processor.py:830} INFO - Processing file /home/walterg/Documentos/Data_projects/DW_AIRFLOW_DBT_PART_ONE/.venv/lib/python3.11/site-packages/airflow/example_dags/example_task_group.py for tasks to queue
[2025-06-03T14:40:56.190-0300] {logging_mixin.py:188} INFO - [2025-06-03T14:40:56.190-0300] {dagbag.py:540} INFO - Filling up the DagBag from /home/walterg/Documentos/Data_projects/DW_AIRFLOW_DBT_PART_ONE/.venv/lib/python3.11/site-packages/airflow/example_dags/example_task_group.py
[2025-06-03T14:40:56.197-0300] {processor.py:840} INFO - DAG(s) 'example_task_group' retrieved from /home/walterg/Documentos/Data_projects/DW_AIRFLOW_DBT_PART_ONE/.venv/lib/python3.11/site-packages/airflow/example_dags/example_task_group.py
[2025-06-03T14:40:56.209-0300] {logging_mixin.py:188} INFO - [2025-06-03T14:40:56.209-0300] {dag.py:3047} INFO - Sync 1 DAGs
[2025-06-03T14:40:56.222-0300] {logging_mixin.py:188} INFO - [2025-06-03T14:40:56.222-0300] {dag.py:3834} INFO - Setting next_dagrun for example_task_group to 2025-06-02 00:00:00+00:00, run_after=2025-06-03 00:00:00+00:00
[2025-06-03T14:40:56.237-0300] {processor.py:183} INFO - Processing /home/walterg/Documentos/Data_projects/DW_AIRFLOW_DBT_PART_ONE/.venv/lib/python3.11/site-packages/airflow/example_dags/example_task_group.py took 0.051 seconds
