[2025-06-03T14:39:00.272-0300] {processor.py:161} INFO - Started process (PID=71677) to work on /home/walterg/Documentos/Data_projects/DW_AIRFLOW_DBT_PART_ONE/.venv/lib/python3.11/site-packages/airflow/example_dags/example_dag_decorator.py
[2025-06-03T14:39:00.273-0300] {processor.py:830} INFO - Processing file /home/walterg/Documentos/Data_projects/DW_AIRFLOW_DBT_PART_ONE/.venv/lib/python3.11/site-packages/airflow/example_dags/example_dag_decorator.py for tasks to queue
[2025-06-03T14:39:00.274-0300] {logging_mixin.py:188} INFO - [2025-06-03T14:39:00.274-0300] {dagbag.py:540} INFO - Filling up the DagBag from /home/walterg/Documentos/Data_projects/DW_AIRFLOW_DBT_PART_ONE/.venv/lib/python3.11/site-packages/airflow/example_dags/example_dag_decorator.py
[2025-06-03T14:39:00.335-0300] {processor.py:840} INFO - DAG(s) 'example_dag_decorator' retrieved from /home/walterg/Documentos/Data_projects/DW_AIRFLOW_DBT_PART_ONE/.venv/lib/python3.11/site-packages/airflow/example_dags/example_dag_decorator.py
[2025-06-03T14:39:00.408-0300] {logging_mixin.py:188} INFO - [2025-06-03T14:39:00.407-0300] {override.py:1769} INFO - Created Permission View: can edit on DAG:example_dag_decorator
[2025-06-03T14:39:00.418-0300] {logging_mixin.py:188} INFO - [2025-06-03T14:39:00.418-0300] {override.py:1769} INFO - Created Permission View: can read on DAG:example_dag_decorator
[2025-06-03T14:39:00.426-0300] {logging_mixin.py:188} INFO - [2025-06-03T14:39:00.425-0300] {override.py:1769} INFO - Created Permission View: can delete on DAG:example_dag_decorator
[2025-06-03T14:39:00.426-0300] {logging_mixin.py:188} INFO - [2025-06-03T14:39:00.426-0300] {dag.py:3047} INFO - Sync 1 DAGs
[2025-06-03T14:39:00.432-0300] {logging_mixin.py:188} INFO - [2025-06-03T14:39:00.432-0300] {dag.py:3069} INFO - Creating ORM DAG for example_dag_decorator
[2025-06-03T14:39:00.432-0300] {logging_mixin.py:188} INFO - [2025-06-03T14:39:00.432-0300] {dag.py:3834} INFO - Setting next_dagrun for example_dag_decorator to None, run_after=None
[2025-06-03T14:39:00.448-0300] {processor.py:183} INFO - Processing /home/walterg/Documentos/Data_projects/DW_AIRFLOW_DBT_PART_ONE/.venv/lib/python3.11/site-packages/airflow/example_dags/example_dag_decorator.py took 0.179 seconds
[2025-06-03T14:39:50.551-0300] {processor.py:161} INFO - Started process (PID=72383) to work on /home/walterg/Documentos/Data_projects/DW_AIRFLOW_DBT_PART_ONE/.venv/lib/python3.11/site-packages/airflow/example_dags/example_dag_decorator.py
[2025-06-03T14:39:50.556-0300] {processor.py:830} INFO - Processing file /home/walterg/Documentos/Data_projects/DW_AIRFLOW_DBT_PART_ONE/.venv/lib/python3.11/site-packages/airflow/example_dags/example_dag_decorator.py for tasks to queue
[2025-06-03T14:39:50.557-0300] {logging_mixin.py:188} INFO - [2025-06-03T14:39:50.557-0300] {dagbag.py:540} INFO - Filling up the DagBag from /home/walterg/Documentos/Data_projects/DW_AIRFLOW_DBT_PART_ONE/.venv/lib/python3.11/site-packages/airflow/example_dags/example_dag_decorator.py
[2025-06-03T14:39:50.617-0300] {processor.py:840} INFO - DAG(s) 'example_dag_decorator' retrieved from /home/walterg/Documentos/Data_projects/DW_AIRFLOW_DBT_PART_ONE/.venv/lib/python3.11/site-packages/airflow/example_dags/example_dag_decorator.py
[2025-06-03T14:39:50.682-0300] {logging_mixin.py:188} INFO - [2025-06-03T14:39:50.682-0300] {dag.py:3047} INFO - Sync 1 DAGs
[2025-06-03T14:39:50.688-0300] {logging_mixin.py:188} INFO - [2025-06-03T14:39:50.688-0300] {dag.py:3834} INFO - Setting next_dagrun for example_dag_decorator to None, run_after=None
[2025-06-03T14:39:50.710-0300] {processor.py:183} INFO - Processing /home/walterg/Documentos/Data_projects/DW_AIRFLOW_DBT_PART_ONE/.venv/lib/python3.11/site-packages/airflow/example_dags/example_dag_decorator.py took 0.162 seconds
[2025-06-03T14:40:39.192-0300] {processor.py:161} INFO - Started process (PID=73000) to work on /home/walterg/Documentos/Data_projects/DW_AIRFLOW_DBT_PART_ONE/.venv/lib/python3.11/site-packages/airflow/example_dags/example_dag_decorator.py
[2025-06-03T14:40:39.197-0300] {processor.py:830} INFO - Processing file /home/walterg/Documentos/Data_projects/DW_AIRFLOW_DBT_PART_ONE/.venv/lib/python3.11/site-packages/airflow/example_dags/example_dag_decorator.py for tasks to queue
[2025-06-03T14:40:39.198-0300] {logging_mixin.py:188} INFO - [2025-06-03T14:40:39.197-0300] {dagbag.py:540} INFO - Filling up the DagBag from /home/walterg/Documentos/Data_projects/DW_AIRFLOW_DBT_PART_ONE/.venv/lib/python3.11/site-packages/airflow/example_dags/example_dag_decorator.py
[2025-06-03T14:40:39.254-0300] {processor.py:840} INFO - DAG(s) 'example_dag_decorator' retrieved from /home/walterg/Documentos/Data_projects/DW_AIRFLOW_DBT_PART_ONE/.venv/lib/python3.11/site-packages/airflow/example_dags/example_dag_decorator.py
[2025-06-03T14:40:39.316-0300] {logging_mixin.py:188} INFO - [2025-06-03T14:40:39.316-0300] {dag.py:3047} INFO - Sync 1 DAGs
[2025-06-03T14:40:39.322-0300] {logging_mixin.py:188} INFO - [2025-06-03T14:40:39.322-0300] {dag.py:3834} INFO - Setting next_dagrun for example_dag_decorator to None, run_after=None
[2025-06-03T14:40:39.339-0300] {processor.py:183} INFO - Processing /home/walterg/Documentos/Data_projects/DW_AIRFLOW_DBT_PART_ONE/.venv/lib/python3.11/site-packages/airflow/example_dags/example_dag_decorator.py took 0.150 seconds
[2025-06-03T14:41:27.034-0300] {processor.py:161} INFO - Started process (PID=73637) to work on /home/walterg/Documentos/Data_projects/DW_AIRFLOW_DBT_PART_ONE/.venv/lib/python3.11/site-packages/airflow/example_dags/example_dag_decorator.py
[2025-06-03T14:41:27.039-0300] {processor.py:830} INFO - Processing file /home/walterg/Documentos/Data_projects/DW_AIRFLOW_DBT_PART_ONE/.venv/lib/python3.11/site-packages/airflow/example_dags/example_dag_decorator.py for tasks to queue
[2025-06-03T14:41:27.040-0300] {logging_mixin.py:188} INFO - [2025-06-03T14:41:27.039-0300] {dagbag.py:540} INFO - Filling up the DagBag from /home/walterg/Documentos/Data_projects/DW_AIRFLOW_DBT_PART_ONE/.venv/lib/python3.11/site-packages/airflow/example_dags/example_dag_decorator.py
[2025-06-03T14:41:27.095-0300] {processor.py:840} INFO - DAG(s) 'example_dag_decorator' retrieved from /home/walterg/Documentos/Data_projects/DW_AIRFLOW_DBT_PART_ONE/.venv/lib/python3.11/site-packages/airflow/example_dags/example_dag_decorator.py
[2025-06-03T14:41:27.158-0300] {logging_mixin.py:188} INFO - [2025-06-03T14:41:27.158-0300] {dag.py:3047} INFO - Sync 1 DAGs
[2025-06-03T14:41:27.165-0300] {logging_mixin.py:188} INFO - [2025-06-03T14:41:27.165-0300] {dag.py:3834} INFO - Setting next_dagrun for example_dag_decorator to None, run_after=None
[2025-06-03T14:41:27.182-0300] {processor.py:183} INFO - Processing /home/walterg/Documentos/Data_projects/DW_AIRFLOW_DBT_PART_ONE/.venv/lib/python3.11/site-packages/airflow/example_dags/example_dag_decorator.py took 0.150 seconds
