[2025-06-03T14:38:22.555-0300] {processor.py:161} INFO - Started process (PID=71131) to work on /home/walterg/Documentos/Data_projects/DW_AIRFLOW_DBT_PART_ONE/.venv/lib/python3.11/site-packages/airflow/example_dags/example_trigger_controller_dag.py
[2025-06-03T14:38:22.556-0300] {processor.py:830} INFO - Processing file /home/walterg/Documentos/Data_projects/DW_AIRFLOW_DBT_PART_ONE/.venv/lib/python3.11/site-packages/airflow/example_dags/example_trigger_controller_dag.py for tasks to queue
[2025-06-03T14:38:22.556-0300] {logging_mixin.py:188} INFO - [2025-06-03T14:38:22.556-0300] {dagbag.py:540} INFO - Filling up the DagBag from /home/walterg/Documentos/Data_projects/DW_AIRFLOW_DBT_PART_ONE/.venv/lib/python3.11/site-packages/airflow/example_dags/example_trigger_controller_dag.py
[2025-06-03T14:38:22.562-0300] {processor.py:840} INFO - DAG(s) 'example_trigger_controller_dag' retrieved from /home/walterg/Documentos/Data_projects/DW_AIRFLOW_DBT_PART_ONE/.venv/lib/python3.11/site-packages/airflow/example_dags/example_trigger_controller_dag.py
[2025-06-03T14:38:22.641-0300] {logging_mixin.py:188} INFO - [2025-06-03T14:38:22.641-0300] {override.py:1769} INFO - Created Permission View: can edit on DAG:example_trigger_controller_dag
[2025-06-03T14:38:22.651-0300] {logging_mixin.py:188} INFO - [2025-06-03T14:38:22.651-0300] {override.py:1769} INFO - Created Permission View: can read on DAG:example_trigger_controller_dag
[2025-06-03T14:38:22.660-0300] {logging_mixin.py:188} INFO - [2025-06-03T14:38:22.660-0300] {override.py:1769} INFO - Created Permission View: can delete on DAG:example_trigger_controller_dag
[2025-06-03T14:38:22.660-0300] {logging_mixin.py:188} INFO - [2025-06-03T14:38:22.660-0300] {dag.py:3047} INFO - Sync 1 DAGs
[2025-06-03T14:38:22.667-0300] {logging_mixin.py:188} INFO - [2025-06-03T14:38:22.666-0300] {dag.py:3069} INFO - Creating ORM DAG for example_trigger_controller_dag
[2025-06-03T14:38:22.672-0300] {logging_mixin.py:188} INFO - [2025-06-03T14:38:22.672-0300] {dag.py:3834} INFO - Setting next_dagrun for example_trigger_controller_dag to 2021-01-01 00:00:00+00:00, run_after=2021-01-01 00:00:00+00:00
[2025-06-03T14:38:22.686-0300] {processor.py:183} INFO - Processing /home/walterg/Documentos/Data_projects/DW_AIRFLOW_DBT_PART_ONE/.venv/lib/python3.11/site-packages/airflow/example_dags/example_trigger_controller_dag.py took 0.133 seconds
[2025-06-03T14:39:11.683-0300] {processor.py:161} INFO - Started process (PID=71841) to work on /home/walterg/Documentos/Data_projects/DW_AIRFLOW_DBT_PART_ONE/.venv/lib/python3.11/site-packages/airflow/example_dags/example_trigger_controller_dag.py
[2025-06-03T14:39:11.688-0300] {processor.py:830} INFO - Processing file /home/walterg/Documentos/Data_projects/DW_AIRFLOW_DBT_PART_ONE/.venv/lib/python3.11/site-packages/airflow/example_dags/example_trigger_controller_dag.py for tasks to queue
[2025-06-03T14:39:11.690-0300] {logging_mixin.py:188} INFO - [2025-06-03T14:39:11.689-0300] {dagbag.py:540} INFO - Filling up the DagBag from /home/walterg/Documentos/Data_projects/DW_AIRFLOW_DBT_PART_ONE/.venv/lib/python3.11/site-packages/airflow/example_dags/example_trigger_controller_dag.py
[2025-06-03T14:39:11.694-0300] {processor.py:840} INFO - DAG(s) 'example_trigger_controller_dag' retrieved from /home/walterg/Documentos/Data_projects/DW_AIRFLOW_DBT_PART_ONE/.venv/lib/python3.11/site-packages/airflow/example_dags/example_trigger_controller_dag.py
[2025-06-03T14:39:11.707-0300] {logging_mixin.py:188} INFO - [2025-06-03T14:39:11.707-0300] {dag.py:3047} INFO - Sync 1 DAGs
[2025-06-03T14:39:11.721-0300] {logging_mixin.py:188} INFO - [2025-06-03T14:39:11.721-0300] {dag.py:3834} INFO - Setting next_dagrun for example_trigger_controller_dag to 2021-01-01 00:00:00+00:00, run_after=2021-01-01 00:00:00+00:00
[2025-06-03T14:39:11.739-0300] {processor.py:183} INFO - Processing /home/walterg/Documentos/Data_projects/DW_AIRFLOW_DBT_PART_ONE/.venv/lib/python3.11/site-packages/airflow/example_dags/example_trigger_controller_dag.py took 0.059 seconds
[2025-06-03T14:39:57.516-0300] {processor.py:161} INFO - Started process (PID=72509) to work on /home/walterg/Documentos/Data_projects/DW_AIRFLOW_DBT_PART_ONE/.venv/lib/python3.11/site-packages/airflow/example_dags/example_trigger_controller_dag.py
[2025-06-03T14:39:57.521-0300] {processor.py:830} INFO - Processing file /home/walterg/Documentos/Data_projects/DW_AIRFLOW_DBT_PART_ONE/.venv/lib/python3.11/site-packages/airflow/example_dags/example_trigger_controller_dag.py for tasks to queue
[2025-06-03T14:39:57.522-0300] {logging_mixin.py:188} INFO - [2025-06-03T14:39:57.522-0300] {dagbag.py:540} INFO - Filling up the DagBag from /home/walterg/Documentos/Data_projects/DW_AIRFLOW_DBT_PART_ONE/.venv/lib/python3.11/site-packages/airflow/example_dags/example_trigger_controller_dag.py
[2025-06-03T14:39:57.526-0300] {processor.py:840} INFO - DAG(s) 'example_trigger_controller_dag' retrieved from /home/walterg/Documentos/Data_projects/DW_AIRFLOW_DBT_PART_ONE/.venv/lib/python3.11/site-packages/airflow/example_dags/example_trigger_controller_dag.py
[2025-06-03T14:39:57.539-0300] {logging_mixin.py:188} INFO - [2025-06-03T14:39:57.539-0300] {dag.py:3047} INFO - Sync 1 DAGs
[2025-06-03T14:39:57.553-0300] {logging_mixin.py:188} INFO - [2025-06-03T14:39:57.552-0300] {dag.py:3834} INFO - Setting next_dagrun for example_trigger_controller_dag to 2021-01-01 00:00:00+00:00, run_after=2021-01-01 00:00:00+00:00
[2025-06-03T14:39:57.569-0300] {processor.py:183} INFO - Processing /home/walterg/Documentos/Data_projects/DW_AIRFLOW_DBT_PART_ONE/.venv/lib/python3.11/site-packages/airflow/example_dags/example_trigger_controller_dag.py took 0.056 seconds
[2025-06-03T14:40:30.484-0300] {processor.py:161} INFO - Started process (PID=72893) to work on /home/walterg/Documentos/Data_projects/DW_AIRFLOW_DBT_PART_ONE/.venv/lib/python3.11/site-packages/airflow/example_dags/example_trigger_controller_dag.py
[2025-06-03T14:40:30.489-0300] {processor.py:830} INFO - Processing file /home/walterg/Documentos/Data_projects/DW_AIRFLOW_DBT_PART_ONE/.venv/lib/python3.11/site-packages/airflow/example_dags/example_trigger_controller_dag.py for tasks to queue
[2025-06-03T14:40:30.490-0300] {logging_mixin.py:188} INFO - [2025-06-03T14:40:30.490-0300] {dagbag.py:540} INFO - Filling up the DagBag from /home/walterg/Documentos/Data_projects/DW_AIRFLOW_DBT_PART_ONE/.venv/lib/python3.11/site-packages/airflow/example_dags/example_trigger_controller_dag.py
[2025-06-03T14:40:30.494-0300] {processor.py:840} INFO - DAG(s) 'example_trigger_controller_dag' retrieved from /home/walterg/Documentos/Data_projects/DW_AIRFLOW_DBT_PART_ONE/.venv/lib/python3.11/site-packages/airflow/example_dags/example_trigger_controller_dag.py
[2025-06-03T14:40:30.507-0300] {logging_mixin.py:188} INFO - [2025-06-03T14:40:30.507-0300] {dag.py:3047} INFO - Sync 1 DAGs
[2025-06-03T14:40:30.520-0300] {logging_mixin.py:188} INFO - [2025-06-03T14:40:30.520-0300] {dag.py:3834} INFO - Setting next_dagrun for example_trigger_controller_dag to 2021-01-01 00:00:00+00:00, run_after=2021-01-01 00:00:00+00:00
[2025-06-03T14:40:30.535-0300] {processor.py:183} INFO - Processing /home/walterg/Documentos/Data_projects/DW_AIRFLOW_DBT_PART_ONE/.venv/lib/python3.11/site-packages/airflow/example_dags/example_trigger_controller_dag.py took 0.053 seconds
[2025-06-03T14:41:03.941-0300] {processor.py:161} INFO - Started process (PID=73300) to work on /home/walterg/Documentos/Data_projects/DW_AIRFLOW_DBT_PART_ONE/.venv/lib/python3.11/site-packages/airflow/example_dags/example_trigger_controller_dag.py
[2025-06-03T14:41:03.946-0300] {processor.py:830} INFO - Processing file /home/walterg/Documentos/Data_projects/DW_AIRFLOW_DBT_PART_ONE/.venv/lib/python3.11/site-packages/airflow/example_dags/example_trigger_controller_dag.py for tasks to queue
[2025-06-03T14:41:03.947-0300] {logging_mixin.py:188} INFO - [2025-06-03T14:41:03.947-0300] {dagbag.py:540} INFO - Filling up the DagBag from /home/walterg/Documentos/Data_projects/DW_AIRFLOW_DBT_PART_ONE/.venv/lib/python3.11/site-packages/airflow/example_dags/example_trigger_controller_dag.py
[2025-06-03T14:41:03.951-0300] {processor.py:840} INFO - DAG(s) 'example_trigger_controller_dag' retrieved from /home/walterg/Documentos/Data_projects/DW_AIRFLOW_DBT_PART_ONE/.venv/lib/python3.11/site-packages/airflow/example_dags/example_trigger_controller_dag.py
[2025-06-03T14:41:03.964-0300] {logging_mixin.py:188} INFO - [2025-06-03T14:41:03.964-0300] {dag.py:3047} INFO - Sync 1 DAGs
[2025-06-03T14:41:03.976-0300] {logging_mixin.py:188} INFO - [2025-06-03T14:41:03.976-0300] {dag.py:3834} INFO - Setting next_dagrun for example_trigger_controller_dag to 2021-01-01 00:00:00+00:00, run_after=2021-01-01 00:00:00+00:00
[2025-06-03T14:41:03.991-0300] {processor.py:183} INFO - Processing /home/walterg/Documentos/Data_projects/DW_AIRFLOW_DBT_PART_ONE/.venv/lib/python3.11/site-packages/airflow/example_dags/example_trigger_controller_dag.py took 0.053 seconds
