[2025-06-03T14:38:39.505-0300] {processor.py:161} INFO - Started process (PID=71375) to work on /home/walterg/Documentos/Data_projects/DW_AIRFLOW_DBT_PART_ONE/.venv/lib/python3.11/site-packages/airflow/example_dags/example_sla_dag.py
[2025-06-03T14:38:39.506-0300] {processor.py:830} INFO - Processing file /home/walterg/Documentos/Data_projects/DW_AIRFLOW_DBT_PART_ONE/.venv/lib/python3.11/site-packages/airflow/example_dags/example_sla_dag.py for tasks to queue
[2025-06-03T14:38:39.507-0300] {logging_mixin.py:188} INFO - [2025-06-03T14:38:39.507-0300] {dagbag.py:540} INFO - Filling up the DagBag from /home/walterg/Documentos/Data_projects/DW_AIRFLOW_DBT_PART_ONE/.venv/lib/python3.11/site-packages/airflow/example_dags/example_sla_dag.py
[2025-06-03T14:38:39.514-0300] {processor.py:840} INFO - DAG(s) 'example_sla_dag' retrieved from /home/walterg/Documentos/Data_projects/DW_AIRFLOW_DBT_PART_ONE/.venv/lib/python3.11/site-packages/airflow/example_dags/example_sla_dag.py
[2025-06-03T14:38:39.590-0300] {logging_mixin.py:188} INFO - [2025-06-03T14:38:39.590-0300] {override.py:1769} INFO - Created Permission View: can edit on DAG:example_sla_dag
[2025-06-03T14:38:39.600-0300] {logging_mixin.py:188} INFO - [2025-06-03T14:38:39.599-0300] {override.py:1769} INFO - Created Permission View: can read on DAG:example_sla_dag
[2025-06-03T14:38:39.607-0300] {logging_mixin.py:188} INFO - [2025-06-03T14:38:39.607-0300] {override.py:1769} INFO - Created Permission View: can delete on DAG:example_sla_dag
[2025-06-03T14:38:39.608-0300] {logging_mixin.py:188} INFO - [2025-06-03T14:38:39.607-0300] {dag.py:3047} INFO - Sync 1 DAGs
[2025-06-03T14:38:39.615-0300] {logging_mixin.py:188} INFO - [2025-06-03T14:38:39.615-0300] {dag.py:3069} INFO - Creating ORM DAG for example_sla_dag
[2025-06-03T14:38:39.624-0300] {logging_mixin.py:188} INFO - [2025-06-03T14:38:39.624-0300] {dag.py:3834} INFO - Setting next_dagrun for example_sla_dag to 2025-06-03 17:36:00+00:00, run_after=2025-06-03 17:38:00+00:00
[2025-06-03T14:38:39.637-0300] {processor.py:183} INFO - Processing /home/walterg/Documentos/Data_projects/DW_AIRFLOW_DBT_PART_ONE/.venv/lib/python3.11/site-packages/airflow/example_dags/example_sla_dag.py took 0.135 seconds
[2025-06-03T14:39:25.977-0300] {processor.py:161} INFO - Started process (PID=72095) to work on /home/walterg/Documentos/Data_projects/DW_AIRFLOW_DBT_PART_ONE/.venv/lib/python3.11/site-packages/airflow/example_dags/example_sla_dag.py
[2025-06-03T14:39:25.982-0300] {processor.py:830} INFO - Processing file /home/walterg/Documentos/Data_projects/DW_AIRFLOW_DBT_PART_ONE/.venv/lib/python3.11/site-packages/airflow/example_dags/example_sla_dag.py for tasks to queue
[2025-06-03T14:39:25.984-0300] {logging_mixin.py:188} INFO - [2025-06-03T14:39:25.983-0300] {dagbag.py:540} INFO - Filling up the DagBag from /home/walterg/Documentos/Data_projects/DW_AIRFLOW_DBT_PART_ONE/.venv/lib/python3.11/site-packages/airflow/example_dags/example_sla_dag.py
[2025-06-03T14:39:25.990-0300] {processor.py:840} INFO - DAG(s) 'example_sla_dag' retrieved from /home/walterg/Documentos/Data_projects/DW_AIRFLOW_DBT_PART_ONE/.venv/lib/python3.11/site-packages/airflow/example_dags/example_sla_dag.py
[2025-06-03T14:39:26.003-0300] {logging_mixin.py:188} INFO - [2025-06-03T14:39:26.003-0300] {dag.py:3047} INFO - Sync 1 DAGs
[2025-06-03T14:39:26.017-0300] {logging_mixin.py:188} INFO - [2025-06-03T14:39:26.017-0300] {dag.py:3834} INFO - Setting next_dagrun for example_sla_dag to 2025-06-03 17:36:00+00:00, run_after=2025-06-03 17:38:00+00:00
[2025-06-03T14:39:26.034-0300] {processor.py:183} INFO - Processing /home/walterg/Documentos/Data_projects/DW_AIRFLOW_DBT_PART_ONE/.venv/lib/python3.11/site-packages/airflow/example_dags/example_sla_dag.py took 0.059 seconds
[2025-06-03T14:40:13.326-0300] {processor.py:161} INFO - Started process (PID=72690) to work on /home/walterg/Documentos/Data_projects/DW_AIRFLOW_DBT_PART_ONE/.venv/lib/python3.11/site-packages/airflow/example_dags/example_sla_dag.py
[2025-06-03T14:40:13.331-0300] {processor.py:830} INFO - Processing file /home/walterg/Documentos/Data_projects/DW_AIRFLOW_DBT_PART_ONE/.venv/lib/python3.11/site-packages/airflow/example_dags/example_sla_dag.py for tasks to queue
[2025-06-03T14:40:13.332-0300] {logging_mixin.py:188} INFO - [2025-06-03T14:40:13.332-0300] {dagbag.py:540} INFO - Filling up the DagBag from /home/walterg/Documentos/Data_projects/DW_AIRFLOW_DBT_PART_ONE/.venv/lib/python3.11/site-packages/airflow/example_dags/example_sla_dag.py
[2025-06-03T14:40:13.339-0300] {processor.py:840} INFO - DAG(s) 'example_sla_dag' retrieved from /home/walterg/Documentos/Data_projects/DW_AIRFLOW_DBT_PART_ONE/.venv/lib/python3.11/site-packages/airflow/example_dags/example_sla_dag.py
[2025-06-03T14:40:13.351-0300] {logging_mixin.py:188} INFO - [2025-06-03T14:40:13.351-0300] {dag.py:3047} INFO - Sync 1 DAGs
[2025-06-03T14:40:13.367-0300] {logging_mixin.py:188} INFO - [2025-06-03T14:40:13.366-0300] {dag.py:3834} INFO - Setting next_dagrun for example_sla_dag to 2025-06-03 17:38:00+00:00, run_after=2025-06-03 17:40:00+00:00
[2025-06-03T14:40:13.384-0300] {processor.py:183} INFO - Processing /home/walterg/Documentos/Data_projects/DW_AIRFLOW_DBT_PART_ONE/.venv/lib/python3.11/site-packages/airflow/example_dags/example_sla_dag.py took 0.060 seconds
[2025-06-03T14:40:59.462-0300] {processor.py:161} INFO - Started process (PID=73253) to work on /home/walterg/Documentos/Data_projects/DW_AIRFLOW_DBT_PART_ONE/.venv/lib/python3.11/site-packages/airflow/example_dags/example_sla_dag.py
[2025-06-03T14:40:59.467-0300] {processor.py:830} INFO - Processing file /home/walterg/Documentos/Data_projects/DW_AIRFLOW_DBT_PART_ONE/.venv/lib/python3.11/site-packages/airflow/example_dags/example_sla_dag.py for tasks to queue
[2025-06-03T14:40:59.468-0300] {logging_mixin.py:188} INFO - [2025-06-03T14:40:59.468-0300] {dagbag.py:540} INFO - Filling up the DagBag from /home/walterg/Documentos/Data_projects/DW_AIRFLOW_DBT_PART_ONE/.venv/lib/python3.11/site-packages/airflow/example_dags/example_sla_dag.py
[2025-06-03T14:40:59.475-0300] {processor.py:840} INFO - DAG(s) 'example_sla_dag' retrieved from /home/walterg/Documentos/Data_projects/DW_AIRFLOW_DBT_PART_ONE/.venv/lib/python3.11/site-packages/airflow/example_dags/example_sla_dag.py
[2025-06-03T14:40:59.487-0300] {logging_mixin.py:188} INFO - [2025-06-03T14:40:59.486-0300] {dag.py:3047} INFO - Sync 1 DAGs
[2025-06-03T14:40:59.501-0300] {logging_mixin.py:188} INFO - [2025-06-03T14:40:59.501-0300] {dag.py:3834} INFO - Setting next_dagrun for example_sla_dag to 2025-06-03 17:38:00+00:00, run_after=2025-06-03 17:40:00+00:00
[2025-06-03T14:40:59.516-0300] {processor.py:183} INFO - Processing /home/walterg/Documentos/Data_projects/DW_AIRFLOW_DBT_PART_ONE/.venv/lib/python3.11/site-packages/airflow/example_dags/example_sla_dag.py took 0.057 seconds
