[2025-06-03T14:38:31.791-0300] {processor.py:161} INFO - Started process (PID=71276) to work on /home/walterg/Documentos/Data_projects/DW_AIRFLOW_DBT_PART_ONE/.venv/lib/python3.11/site-packages/airflow/example_dags/example_setup_teardown_taskflow.py
[2025-06-03T14:38:31.791-0300] {processor.py:830} INFO - Processing file /home/walterg/Documentos/Data_projects/DW_AIRFLOW_DBT_PART_ONE/.venv/lib/python3.11/site-packages/airflow/example_dags/example_setup_teardown_taskflow.py for tasks to queue
[2025-06-03T14:38:31.792-0300] {logging_mixin.py:188} INFO - [2025-06-03T14:38:31.792-0300] {dagbag.py:540} INFO - Filling up the DagBag from /home/walterg/Documentos/Data_projects/DW_AIRFLOW_DBT_PART_ONE/.venv/lib/python3.11/site-packages/airflow/example_dags/example_setup_teardown_taskflow.py
[2025-06-03T14:38:31.803-0300] {processor.py:840} INFO - DAG(s) 'example_setup_teardown_taskflow' retrieved from /home/walterg/Documentos/Data_projects/DW_AIRFLOW_DBT_PART_ONE/.venv/lib/python3.11/site-packages/airflow/example_dags/example_setup_teardown_taskflow.py
[2025-06-03T14:38:31.886-0300] {logging_mixin.py:188} INFO - [2025-06-03T14:38:31.885-0300] {override.py:1769} INFO - Created Permission View: can edit on DAG:example_setup_teardown_taskflow
[2025-06-03T14:38:31.896-0300] {logging_mixin.py:188} INFO - [2025-06-03T14:38:31.895-0300] {override.py:1769} INFO - Created Permission View: can read on DAG:example_setup_teardown_taskflow
[2025-06-03T14:38:31.906-0300] {logging_mixin.py:188} INFO - [2025-06-03T14:38:31.906-0300] {override.py:1769} INFO - Created Permission View: can delete on DAG:example_setup_teardown_taskflow
[2025-06-03T14:38:31.906-0300] {logging_mixin.py:188} INFO - [2025-06-03T14:38:31.906-0300] {dag.py:3047} INFO - Sync 1 DAGs
[2025-06-03T14:38:31.913-0300] {logging_mixin.py:188} INFO - [2025-06-03T14:38:31.913-0300] {dag.py:3069} INFO - Creating ORM DAG for example_setup_teardown_taskflow
[2025-06-03T14:38:31.919-0300] {logging_mixin.py:188} INFO - [2025-06-03T14:38:31.919-0300] {dag.py:3834} INFO - Setting next_dagrun for example_setup_teardown_taskflow to 2025-06-02 00:00:00+00:00, run_after=2025-06-03 00:00:00+00:00
[2025-06-03T14:38:31.933-0300] {processor.py:183} INFO - Processing /home/walterg/Documentos/Data_projects/DW_AIRFLOW_DBT_PART_ONE/.venv/lib/python3.11/site-packages/airflow/example_dags/example_setup_teardown_taskflow.py took 0.145 seconds
[2025-06-03T14:39:18.563-0300] {processor.py:161} INFO - Started process (PID=71971) to work on /home/walterg/Documentos/Data_projects/DW_AIRFLOW_DBT_PART_ONE/.venv/lib/python3.11/site-packages/airflow/example_dags/example_setup_teardown_taskflow.py
[2025-06-03T14:39:18.569-0300] {processor.py:830} INFO - Processing file /home/walterg/Documentos/Data_projects/DW_AIRFLOW_DBT_PART_ONE/.venv/lib/python3.11/site-packages/airflow/example_dags/example_setup_teardown_taskflow.py for tasks to queue
[2025-06-03T14:39:18.570-0300] {logging_mixin.py:188} INFO - [2025-06-03T14:39:18.569-0300] {dagbag.py:540} INFO - Filling up the DagBag from /home/walterg/Documentos/Data_projects/DW_AIRFLOW_DBT_PART_ONE/.venv/lib/python3.11/site-packages/airflow/example_dags/example_setup_teardown_taskflow.py
[2025-06-03T14:39:18.578-0300] {processor.py:840} INFO - DAG(s) 'example_setup_teardown_taskflow' retrieved from /home/walterg/Documentos/Data_projects/DW_AIRFLOW_DBT_PART_ONE/.venv/lib/python3.11/site-packages/airflow/example_dags/example_setup_teardown_taskflow.py
[2025-06-03T14:39:18.591-0300] {logging_mixin.py:188} INFO - [2025-06-03T14:39:18.591-0300] {dag.py:3047} INFO - Sync 1 DAGs
[2025-06-03T14:39:18.603-0300] {logging_mixin.py:188} INFO - [2025-06-03T14:39:18.603-0300] {dag.py:3834} INFO - Setting next_dagrun for example_setup_teardown_taskflow to 2025-06-02 00:00:00+00:00, run_after=2025-06-03 00:00:00+00:00
[2025-06-03T14:39:18.618-0300] {processor.py:183} INFO - Processing /home/walterg/Documentos/Data_projects/DW_AIRFLOW_DBT_PART_ONE/.venv/lib/python3.11/site-packages/airflow/example_dags/example_setup_teardown_taskflow.py took 0.058 seconds
[2025-06-03T14:40:05.975-0300] {processor.py:161} INFO - Started process (PID=72606) to work on /home/walterg/Documentos/Data_projects/DW_AIRFLOW_DBT_PART_ONE/.venv/lib/python3.11/site-packages/airflow/example_dags/example_setup_teardown_taskflow.py
[2025-06-03T14:40:05.981-0300] {processor.py:830} INFO - Processing file /home/walterg/Documentos/Data_projects/DW_AIRFLOW_DBT_PART_ONE/.venv/lib/python3.11/site-packages/airflow/example_dags/example_setup_teardown_taskflow.py for tasks to queue
[2025-06-03T14:40:05.982-0300] {logging_mixin.py:188} INFO - [2025-06-03T14:40:05.982-0300] {dagbag.py:540} INFO - Filling up the DagBag from /home/walterg/Documentos/Data_projects/DW_AIRFLOW_DBT_PART_ONE/.venv/lib/python3.11/site-packages/airflow/example_dags/example_setup_teardown_taskflow.py
[2025-06-03T14:40:05.990-0300] {processor.py:840} INFO - DAG(s) 'example_setup_teardown_taskflow' retrieved from /home/walterg/Documentos/Data_projects/DW_AIRFLOW_DBT_PART_ONE/.venv/lib/python3.11/site-packages/airflow/example_dags/example_setup_teardown_taskflow.py
[2025-06-03T14:40:06.003-0300] {logging_mixin.py:188} INFO - [2025-06-03T14:40:06.002-0300] {dag.py:3047} INFO - Sync 1 DAGs
[2025-06-03T14:40:06.015-0300] {logging_mixin.py:188} INFO - [2025-06-03T14:40:06.015-0300] {dag.py:3834} INFO - Setting next_dagrun for example_setup_teardown_taskflow to 2025-06-02 00:00:00+00:00, run_after=2025-06-03 00:00:00+00:00
[2025-06-03T14:40:06.032-0300] {processor.py:183} INFO - Processing /home/walterg/Documentos/Data_projects/DW_AIRFLOW_DBT_PART_ONE/.venv/lib/python3.11/site-packages/airflow/example_dags/example_setup_teardown_taskflow.py took 0.059 seconds
[2025-06-03T14:40:52.188-0300] {processor.py:161} INFO - Started process (PID=73165) to work on /home/walterg/Documentos/Data_projects/DW_AIRFLOW_DBT_PART_ONE/.venv/lib/python3.11/site-packages/airflow/example_dags/example_setup_teardown_taskflow.py
[2025-06-03T14:40:52.193-0300] {processor.py:830} INFO - Processing file /home/walterg/Documentos/Data_projects/DW_AIRFLOW_DBT_PART_ONE/.venv/lib/python3.11/site-packages/airflow/example_dags/example_setup_teardown_taskflow.py for tasks to queue
[2025-06-03T14:40:52.194-0300] {logging_mixin.py:188} INFO - [2025-06-03T14:40:52.194-0300] {dagbag.py:540} INFO - Filling up the DagBag from /home/walterg/Documentos/Data_projects/DW_AIRFLOW_DBT_PART_ONE/.venv/lib/python3.11/site-packages/airflow/example_dags/example_setup_teardown_taskflow.py
[2025-06-03T14:40:52.202-0300] {processor.py:840} INFO - DAG(s) 'example_setup_teardown_taskflow' retrieved from /home/walterg/Documentos/Data_projects/DW_AIRFLOW_DBT_PART_ONE/.venv/lib/python3.11/site-packages/airflow/example_dags/example_setup_teardown_taskflow.py
[2025-06-03T14:40:52.215-0300] {logging_mixin.py:188} INFO - [2025-06-03T14:40:52.215-0300] {dag.py:3047} INFO - Sync 1 DAGs
[2025-06-03T14:40:52.228-0300] {logging_mixin.py:188} INFO - [2025-06-03T14:40:52.228-0300] {dag.py:3834} INFO - Setting next_dagrun for example_setup_teardown_taskflow to 2025-06-02 00:00:00+00:00, run_after=2025-06-03 00:00:00+00:00
[2025-06-03T14:40:52.243-0300] {processor.py:183} INFO - Processing /home/walterg/Documentos/Data_projects/DW_AIRFLOW_DBT_PART_ONE/.venv/lib/python3.11/site-packages/airflow/example_dags/example_setup_teardown_taskflow.py took 0.057 seconds
