[2025-06-03T14:38:27.790-0300] {processor.py:161} INFO - Started process (PID=71226) to work on /home/walterg/Documentos/Data_projects/DW_AIRFLOW_DBT_PART_ONE/.venv/lib/python3.11/site-packages/airflow/example_dags/example_trigger_target_dag.py
[2025-06-03T14:38:27.790-0300] {processor.py:830} INFO - Processing file /home/walterg/Documentos/Data_projects/DW_AIRFLOW_DBT_PART_ONE/.venv/lib/python3.11/site-packages/airflow/example_dags/example_trigger_target_dag.py for tasks to queue
[2025-06-03T14:38:27.791-0300] {logging_mixin.py:188} INFO - [2025-06-03T14:38:27.791-0300] {dagbag.py:540} INFO - Filling up the DagBag from /home/walterg/Documentos/Data_projects/DW_AIRFLOW_DBT_PART_ONE/.venv/lib/python3.11/site-packages/airflow/example_dags/example_trigger_target_dag.py
[2025-06-03T14:38:27.798-0300] {processor.py:840} INFO - DAG(s) 'example_trigger_target_dag' retrieved from /home/walterg/Documentos/Data_projects/DW_AIRFLOW_DBT_PART_ONE/.venv/lib/python3.11/site-packages/airflow/example_dags/example_trigger_target_dag.py
[2025-06-03T14:38:27.872-0300] {logging_mixin.py:188} INFO - [2025-06-03T14:38:27.871-0300] {override.py:1769} INFO - Created Permission View: can edit on DAG:example_trigger_target_dag
[2025-06-03T14:38:27.882-0300] {logging_mixin.py:188} INFO - [2025-06-03T14:38:27.882-0300] {override.py:1769} INFO - Created Permission View: can read on DAG:example_trigger_target_dag
[2025-06-03T14:38:27.891-0300] {logging_mixin.py:188} INFO - [2025-06-03T14:38:27.891-0300] {override.py:1769} INFO - Created Permission View: can delete on DAG:example_trigger_target_dag
[2025-06-03T14:38:27.892-0300] {logging_mixin.py:188} INFO - [2025-06-03T14:38:27.892-0300] {dag.py:3047} INFO - Sync 1 DAGs
[2025-06-03T14:38:27.899-0300] {logging_mixin.py:188} INFO - [2025-06-03T14:38:27.899-0300] {dag.py:3069} INFO - Creating ORM DAG for example_trigger_target_dag
[2025-06-03T14:38:27.899-0300] {logging_mixin.py:188} INFO - [2025-06-03T14:38:27.899-0300] {dag.py:3834} INFO - Setting next_dagrun for example_trigger_target_dag to None, run_after=None
[2025-06-03T14:38:27.914-0300] {processor.py:183} INFO - Processing /home/walterg/Documentos/Data_projects/DW_AIRFLOW_DBT_PART_ONE/.venv/lib/python3.11/site-packages/airflow/example_dags/example_trigger_target_dag.py took 0.127 seconds
[2025-06-03T14:39:16.307-0300] {processor.py:161} INFO - Started process (PID=71942) to work on /home/walterg/Documentos/Data_projects/DW_AIRFLOW_DBT_PART_ONE/.venv/lib/python3.11/site-packages/airflow/example_dags/example_trigger_target_dag.py
[2025-06-03T14:39:16.312-0300] {processor.py:830} INFO - Processing file /home/walterg/Documentos/Data_projects/DW_AIRFLOW_DBT_PART_ONE/.venv/lib/python3.11/site-packages/airflow/example_dags/example_trigger_target_dag.py for tasks to queue
[2025-06-03T14:39:16.314-0300] {logging_mixin.py:188} INFO - [2025-06-03T14:39:16.313-0300] {dagbag.py:540} INFO - Filling up the DagBag from /home/walterg/Documentos/Data_projects/DW_AIRFLOW_DBT_PART_ONE/.venv/lib/python3.11/site-packages/airflow/example_dags/example_trigger_target_dag.py
[2025-06-03T14:39:16.319-0300] {processor.py:840} INFO - DAG(s) 'example_trigger_target_dag' retrieved from /home/walterg/Documentos/Data_projects/DW_AIRFLOW_DBT_PART_ONE/.venv/lib/python3.11/site-packages/airflow/example_dags/example_trigger_target_dag.py
[2025-06-03T14:39:16.332-0300] {logging_mixin.py:188} INFO - [2025-06-03T14:39:16.331-0300] {dag.py:3047} INFO - Sync 1 DAGs
[2025-06-03T14:39:16.340-0300] {logging_mixin.py:188} INFO - [2025-06-03T14:39:16.339-0300] {dag.py:3834} INFO - Setting next_dagrun for example_trigger_target_dag to None, run_after=None
[2025-06-03T14:39:16.355-0300] {processor.py:183} INFO - Processing /home/walterg/Documentos/Data_projects/DW_AIRFLOW_DBT_PART_ONE/.venv/lib/python3.11/site-packages/airflow/example_dags/example_trigger_target_dag.py took 0.051 seconds
[2025-06-03T14:40:02.257-0300] {processor.py:161} INFO - Started process (PID=72562) to work on /home/walterg/Documentos/Data_projects/DW_AIRFLOW_DBT_PART_ONE/.venv/lib/python3.11/site-packages/airflow/example_dags/example_trigger_target_dag.py
[2025-06-03T14:40:02.262-0300] {processor.py:830} INFO - Processing file /home/walterg/Documentos/Data_projects/DW_AIRFLOW_DBT_PART_ONE/.venv/lib/python3.11/site-packages/airflow/example_dags/example_trigger_target_dag.py for tasks to queue
[2025-06-03T14:40:02.263-0300] {logging_mixin.py:188} INFO - [2025-06-03T14:40:02.263-0300] {dagbag.py:540} INFO - Filling up the DagBag from /home/walterg/Documentos/Data_projects/DW_AIRFLOW_DBT_PART_ONE/.venv/lib/python3.11/site-packages/airflow/example_dags/example_trigger_target_dag.py
[2025-06-03T14:40:02.268-0300] {processor.py:840} INFO - DAG(s) 'example_trigger_target_dag' retrieved from /home/walterg/Documentos/Data_projects/DW_AIRFLOW_DBT_PART_ONE/.venv/lib/python3.11/site-packages/airflow/example_dags/example_trigger_target_dag.py
[2025-06-03T14:40:02.280-0300] {logging_mixin.py:188} INFO - [2025-06-03T14:40:02.280-0300] {dag.py:3047} INFO - Sync 1 DAGs
[2025-06-03T14:40:02.288-0300] {logging_mixin.py:188} INFO - [2025-06-03T14:40:02.287-0300] {dag.py:3834} INFO - Setting next_dagrun for example_trigger_target_dag to None, run_after=None
[2025-06-03T14:40:02.303-0300] {processor.py:183} INFO - Processing /home/walterg/Documentos/Data_projects/DW_AIRFLOW_DBT_PART_ONE/.venv/lib/python3.11/site-packages/airflow/example_dags/example_trigger_target_dag.py took 0.048 seconds
[2025-06-03T14:40:48.191-0300] {processor.py:161} INFO - Started process (PID=73126) to work on /home/walterg/Documentos/Data_projects/DW_AIRFLOW_DBT_PART_ONE/.venv/lib/python3.11/site-packages/airflow/example_dags/example_trigger_target_dag.py
[2025-06-03T14:40:48.196-0300] {processor.py:830} INFO - Processing file /home/walterg/Documentos/Data_projects/DW_AIRFLOW_DBT_PART_ONE/.venv/lib/python3.11/site-packages/airflow/example_dags/example_trigger_target_dag.py for tasks to queue
[2025-06-03T14:40:48.198-0300] {logging_mixin.py:188} INFO - [2025-06-03T14:40:48.197-0300] {dagbag.py:540} INFO - Filling up the DagBag from /home/walterg/Documentos/Data_projects/DW_AIRFLOW_DBT_PART_ONE/.venv/lib/python3.11/site-packages/airflow/example_dags/example_trigger_target_dag.py
[2025-06-03T14:40:48.203-0300] {processor.py:840} INFO - DAG(s) 'example_trigger_target_dag' retrieved from /home/walterg/Documentos/Data_projects/DW_AIRFLOW_DBT_PART_ONE/.venv/lib/python3.11/site-packages/airflow/example_dags/example_trigger_target_dag.py
[2025-06-03T14:40:48.215-0300] {logging_mixin.py:188} INFO - [2025-06-03T14:40:48.215-0300] {dag.py:3047} INFO - Sync 1 DAGs
[2025-06-03T14:40:48.223-0300] {logging_mixin.py:188} INFO - [2025-06-03T14:40:48.223-0300] {dag.py:3834} INFO - Setting next_dagrun for example_trigger_target_dag to None, run_after=None
[2025-06-03T14:40:48.238-0300] {processor.py:183} INFO - Processing /home/walterg/Documentos/Data_projects/DW_AIRFLOW_DBT_PART_ONE/.venv/lib/python3.11/site-packages/airflow/example_dags/example_trigger_target_dag.py took 0.050 seconds
[2025-06-03T14:41:36.435-0300] {processor.py:161} INFO - Started process (PID=73729) to work on /home/walterg/Documentos/Data_projects/DW_AIRFLOW_DBT_PART_ONE/.venv/lib/python3.11/site-packages/airflow/example_dags/example_trigger_target_dag.py
[2025-06-03T14:41:36.440-0300] {processor.py:830} INFO - Processing file /home/walterg/Documentos/Data_projects/DW_AIRFLOW_DBT_PART_ONE/.venv/lib/python3.11/site-packages/airflow/example_dags/example_trigger_target_dag.py for tasks to queue
[2025-06-03T14:41:36.441-0300] {logging_mixin.py:188} INFO - [2025-06-03T14:41:36.441-0300] {dagbag.py:540} INFO - Filling up the DagBag from /home/walterg/Documentos/Data_projects/DW_AIRFLOW_DBT_PART_ONE/.venv/lib/python3.11/site-packages/airflow/example_dags/example_trigger_target_dag.py
[2025-06-03T14:41:36.446-0300] {processor.py:840} INFO - DAG(s) 'example_trigger_target_dag' retrieved from /home/walterg/Documentos/Data_projects/DW_AIRFLOW_DBT_PART_ONE/.venv/lib/python3.11/site-packages/airflow/example_dags/example_trigger_target_dag.py
[2025-06-03T14:41:36.458-0300] {logging_mixin.py:188} INFO - [2025-06-03T14:41:36.458-0300] {dag.py:3047} INFO - Sync 1 DAGs
[2025-06-03T14:41:36.466-0300] {logging_mixin.py:188} INFO - [2025-06-03T14:41:36.465-0300] {dag.py:3834} INFO - Setting next_dagrun for example_trigger_target_dag to None, run_after=None
[2025-06-03T14:41:36.481-0300] {processor.py:183} INFO - Processing /home/walterg/Documentos/Data_projects/DW_AIRFLOW_DBT_PART_ONE/.venv/lib/python3.11/site-packages/airflow/example_dags/example_trigger_target_dag.py took 0.049 seconds
