[2025-06-03T14:38:45.978-0300] {processor.py:161} INFO - Started process (PID=71452) to work on /home/walterg/Documentos/Data_projects/DW_AIRFLOW_DBT_PART_ONE/.venv/lib/python3.11/site-packages/airflow/example_dags/example_params_trigger_ui.py
[2025-06-03T14:38:45.979-0300] {processor.py:830} INFO - Processing file /home/walterg/Documentos/Data_projects/DW_AIRFLOW_DBT_PART_ONE/.venv/lib/python3.11/site-packages/airflow/example_dags/example_params_trigger_ui.py for tasks to queue
[2025-06-03T14:38:45.980-0300] {logging_mixin.py:188} INFO - [2025-06-03T14:38:45.980-0300] {dagbag.py:540} INFO - Filling up the DagBag from /home/walterg/Documentos/Data_projects/DW_AIRFLOW_DBT_PART_ONE/.venv/lib/python3.11/site-packages/airflow/example_dags/example_params_trigger_ui.py
[2025-06-03T14:38:45.991-0300] {processor.py:840} INFO - DAG(s) 'example_params_trigger_ui' retrieved from /home/walterg/Documentos/Data_projects/DW_AIRFLOW_DBT_PART_ONE/.venv/lib/python3.11/site-packages/airflow/example_dags/example_params_trigger_ui.py
[2025-06-03T14:38:46.076-0300] {logging_mixin.py:188} INFO - [2025-06-03T14:38:46.076-0300] {override.py:1769} INFO - Created Permission View: can edit on DAG:example_params_trigger_ui
[2025-06-03T14:38:46.086-0300] {logging_mixin.py:188} INFO - [2025-06-03T14:38:46.086-0300] {override.py:1769} INFO - Created Permission View: can read on DAG:example_params_trigger_ui
[2025-06-03T14:38:46.095-0300] {logging_mixin.py:188} INFO - [2025-06-03T14:38:46.095-0300] {override.py:1769} INFO - Created Permission View: can delete on DAG:example_params_trigger_ui
[2025-06-03T14:38:46.096-0300] {logging_mixin.py:188} INFO - [2025-06-03T14:38:46.096-0300] {dag.py:3047} INFO - Sync 1 DAGs
[2025-06-03T14:38:46.102-0300] {logging_mixin.py:188} INFO - [2025-06-03T14:38:46.102-0300] {dag.py:3069} INFO - Creating ORM DAG for example_params_trigger_ui
[2025-06-03T14:38:46.102-0300] {logging_mixin.py:188} INFO - [2025-06-03T14:38:46.102-0300] {dag.py:3834} INFO - Setting next_dagrun for example_params_trigger_ui to None, run_after=None
[2025-06-03T14:38:46.119-0300] {processor.py:183} INFO - Processing /home/walterg/Documentos/Data_projects/DW_AIRFLOW_DBT_PART_ONE/.venv/lib/python3.11/site-packages/airflow/example_dags/example_params_trigger_ui.py took 0.143 seconds
[2025-06-03T14:39:31.983-0300] {processor.py:161} INFO - Started process (PID=72167) to work on /home/walterg/Documentos/Data_projects/DW_AIRFLOW_DBT_PART_ONE/.venv/lib/python3.11/site-packages/airflow/example_dags/example_params_trigger_ui.py
[2025-06-03T14:39:31.988-0300] {processor.py:830} INFO - Processing file /home/walterg/Documentos/Data_projects/DW_AIRFLOW_DBT_PART_ONE/.venv/lib/python3.11/site-packages/airflow/example_dags/example_params_trigger_ui.py for tasks to queue
[2025-06-03T14:39:31.989-0300] {logging_mixin.py:188} INFO - [2025-06-03T14:39:31.988-0300] {dagbag.py:540} INFO - Filling up the DagBag from /home/walterg/Documentos/Data_projects/DW_AIRFLOW_DBT_PART_ONE/.venv/lib/python3.11/site-packages/airflow/example_dags/example_params_trigger_ui.py
[2025-06-03T14:39:32.000-0300] {processor.py:840} INFO - DAG(s) 'example_params_trigger_ui' retrieved from /home/walterg/Documentos/Data_projects/DW_AIRFLOW_DBT_PART_ONE/.venv/lib/python3.11/site-packages/airflow/example_dags/example_params_trigger_ui.py
[2025-06-03T14:39:32.025-0300] {logging_mixin.py:188} INFO - [2025-06-03T14:39:32.024-0300] {dag.py:3047} INFO - Sync 1 DAGs
[2025-06-03T14:39:32.033-0300] {logging_mixin.py:188} INFO - [2025-06-03T14:39:32.033-0300] {dag.py:3834} INFO - Setting next_dagrun for example_params_trigger_ui to None, run_after=None
[2025-06-03T14:39:32.049-0300] {processor.py:183} INFO - Processing /home/walterg/Documentos/Data_projects/DW_AIRFLOW_DBT_PART_ONE/.venv/lib/python3.11/site-packages/airflow/example_dags/example_params_trigger_ui.py took 0.069 seconds
[2025-06-03T14:40:22.476-0300] {processor.py:161} INFO - Started process (PID=72795) to work on /home/walterg/Documentos/Data_projects/DW_AIRFLOW_DBT_PART_ONE/.venv/lib/python3.11/site-packages/airflow/example_dags/example_params_trigger_ui.py
[2025-06-03T14:40:22.478-0300] {processor.py:830} INFO - Processing file /home/walterg/Documentos/Data_projects/DW_AIRFLOW_DBT_PART_ONE/.venv/lib/python3.11/site-packages/airflow/example_dags/example_params_trigger_ui.py for tasks to queue
[2025-06-03T14:40:22.478-0300] {logging_mixin.py:188} INFO - [2025-06-03T14:40:22.478-0300] {dagbag.py:540} INFO - Filling up the DagBag from /home/walterg/Documentos/Data_projects/DW_AIRFLOW_DBT_PART_ONE/.venv/lib/python3.11/site-packages/airflow/example_dags/example_params_trigger_ui.py
[2025-06-03T14:40:22.489-0300] {processor.py:840} INFO - DAG(s) 'example_params_trigger_ui' retrieved from /home/walterg/Documentos/Data_projects/DW_AIRFLOW_DBT_PART_ONE/.venv/lib/python3.11/site-packages/airflow/example_dags/example_params_trigger_ui.py
[2025-06-03T14:40:22.514-0300] {logging_mixin.py:188} INFO - [2025-06-03T14:40:22.514-0300] {dag.py:3047} INFO - Sync 1 DAGs
[2025-06-03T14:40:22.521-0300] {logging_mixin.py:188} INFO - [2025-06-03T14:40:22.521-0300] {dag.py:3834} INFO - Setting next_dagrun for example_params_trigger_ui to None, run_after=None
[2025-06-03T14:40:22.538-0300] {processor.py:183} INFO - Processing /home/walterg/Documentos/Data_projects/DW_AIRFLOW_DBT_PART_ONE/.venv/lib/python3.11/site-packages/airflow/example_dags/example_params_trigger_ui.py took 0.064 seconds
[2025-06-03T14:41:09.599-0300] {processor.py:161} INFO - Started process (PID=73379) to work on /home/walterg/Documentos/Data_projects/DW_AIRFLOW_DBT_PART_ONE/.venv/lib/python3.11/site-packages/airflow/example_dags/example_params_trigger_ui.py
[2025-06-03T14:41:09.604-0300] {processor.py:830} INFO - Processing file /home/walterg/Documentos/Data_projects/DW_AIRFLOW_DBT_PART_ONE/.venv/lib/python3.11/site-packages/airflow/example_dags/example_params_trigger_ui.py for tasks to queue
[2025-06-03T14:41:09.605-0300] {logging_mixin.py:188} INFO - [2025-06-03T14:41:09.605-0300] {dagbag.py:540} INFO - Filling up the DagBag from /home/walterg/Documentos/Data_projects/DW_AIRFLOW_DBT_PART_ONE/.venv/lib/python3.11/site-packages/airflow/example_dags/example_params_trigger_ui.py
[2025-06-03T14:41:09.616-0300] {processor.py:840} INFO - DAG(s) 'example_params_trigger_ui' retrieved from /home/walterg/Documentos/Data_projects/DW_AIRFLOW_DBT_PART_ONE/.venv/lib/python3.11/site-packages/airflow/example_dags/example_params_trigger_ui.py
[2025-06-03T14:41:09.640-0300] {logging_mixin.py:188} INFO - [2025-06-03T14:41:09.640-0300] {dag.py:3047} INFO - Sync 1 DAGs
[2025-06-03T14:41:09.648-0300] {logging_mixin.py:188} INFO - [2025-06-03T14:41:09.647-0300] {dag.py:3834} INFO - Setting next_dagrun for example_params_trigger_ui to None, run_after=None
[2025-06-03T14:41:09.664-0300] {processor.py:183} INFO - Processing /home/walterg/Documentos/Data_projects/DW_AIRFLOW_DBT_PART_ONE/.venv/lib/python3.11/site-packages/airflow/example_dags/example_params_trigger_ui.py took 0.067 seconds
