[2025-06-03T14:38:26.276-0300] {processor.py:161} INFO - Started process (PID=71202) to work on /home/walterg/Documentos/Data_projects/DW_AIRFLOW_DBT_PART_ONE/.venv/lib/python3.11/site-packages/airflow/example_dags/example_xcomargs.py
[2025-06-03T14:38:26.277-0300] {processor.py:830} INFO - Processing file /home/walterg/Documentos/Data_projects/DW_AIRFLOW_DBT_PART_ONE/.venv/lib/python3.11/site-packages/airflow/example_dags/example_xcomargs.py for tasks to queue
[2025-06-03T14:38:26.278-0300] {logging_mixin.py:188} INFO - [2025-06-03T14:38:26.277-0300] {dagbag.py:540} INFO - Filling up the DagBag from /home/walterg/Documentos/Data_projects/DW_AIRFLOW_DBT_PART_ONE/.venv/lib/python3.11/site-packages/airflow/example_dags/example_xcomargs.py
[2025-06-03T14:38:26.286-0300] {processor.py:840} INFO - DAG(s) 'example_xcom_args_with_operators', 'example_xcom_args' retrieved from /home/walterg/Documentos/Data_projects/DW_AIRFLOW_DBT_PART_ONE/.venv/lib/python3.11/site-packages/airflow/example_dags/example_xcomargs.py
[2025-06-03T14:38:26.361-0300] {logging_mixin.py:188} INFO - [2025-06-03T14:38:26.360-0300] {override.py:1769} INFO - Created Permission View: can edit on DAG:example_xcom_args_with_operators
[2025-06-03T14:38:26.371-0300] {logging_mixin.py:188} INFO - [2025-06-03T14:38:26.371-0300] {override.py:1769} INFO - Created Permission View: can read on DAG:example_xcom_args_with_operators
[2025-06-03T14:38:26.379-0300] {logging_mixin.py:188} INFO - [2025-06-03T14:38:26.378-0300] {override.py:1769} INFO - Created Permission View: can delete on DAG:example_xcom_args_with_operators
[2025-06-03T14:38:26.399-0300] {logging_mixin.py:188} INFO - [2025-06-03T14:38:26.398-0300] {override.py:1769} INFO - Created Permission View: can edit on DAG:example_xcom_args
[2025-06-03T14:38:26.406-0300] {logging_mixin.py:188} INFO - [2025-06-03T14:38:26.406-0300] {override.py:1769} INFO - Created Permission View: can read on DAG:example_xcom_args
[2025-06-03T14:38:26.414-0300] {logging_mixin.py:188} INFO - [2025-06-03T14:38:26.414-0300] {override.py:1769} INFO - Created Permission View: can delete on DAG:example_xcom_args
[2025-06-03T14:38:26.415-0300] {logging_mixin.py:188} INFO - [2025-06-03T14:38:26.415-0300] {dag.py:3047} INFO - Sync 2 DAGs
[2025-06-03T14:38:26.422-0300] {logging_mixin.py:188} INFO - [2025-06-03T14:38:26.421-0300] {dag.py:3069} INFO - Creating ORM DAG for example_xcom_args_with_operators
[2025-06-03T14:38:26.422-0300] {logging_mixin.py:188} INFO - [2025-06-03T14:38:26.422-0300] {dag.py:3069} INFO - Creating ORM DAG for example_xcom_args
[2025-06-03T14:38:26.422-0300] {logging_mixin.py:188} INFO - [2025-06-03T14:38:26.422-0300] {dag.py:3834} INFO - Setting next_dagrun for example_xcom_args to None, run_after=None
[2025-06-03T14:38:26.423-0300] {logging_mixin.py:188} INFO - [2025-06-03T14:38:26.423-0300] {dag.py:3834} INFO - Setting next_dagrun for example_xcom_args_with_operators to None, run_after=None
[2025-06-03T14:38:26.438-0300] {processor.py:183} INFO - Processing /home/walterg/Documentos/Data_projects/DW_AIRFLOW_DBT_PART_ONE/.venv/lib/python3.11/site-packages/airflow/example_dags/example_xcomargs.py took 0.165 seconds
[2025-06-03T14:39:14.565-0300] {processor.py:161} INFO - Started process (PID=71910) to work on /home/walterg/Documentos/Data_projects/DW_AIRFLOW_DBT_PART_ONE/.venv/lib/python3.11/site-packages/airflow/example_dags/example_xcomargs.py
[2025-06-03T14:39:14.570-0300] {processor.py:830} INFO - Processing file /home/walterg/Documentos/Data_projects/DW_AIRFLOW_DBT_PART_ONE/.venv/lib/python3.11/site-packages/airflow/example_dags/example_xcomargs.py for tasks to queue
[2025-06-03T14:39:14.572-0300] {logging_mixin.py:188} INFO - [2025-06-03T14:39:14.571-0300] {dagbag.py:540} INFO - Filling up the DagBag from /home/walterg/Documentos/Data_projects/DW_AIRFLOW_DBT_PART_ONE/.venv/lib/python3.11/site-packages/airflow/example_dags/example_xcomargs.py
[2025-06-03T14:39:14.579-0300] {processor.py:840} INFO - DAG(s) 'example_xcom_args_with_operators', 'example_xcom_args' retrieved from /home/walterg/Documentos/Data_projects/DW_AIRFLOW_DBT_PART_ONE/.venv/lib/python3.11/site-packages/airflow/example_dags/example_xcomargs.py
[2025-06-03T14:39:14.594-0300] {logging_mixin.py:188} INFO - [2025-06-03T14:39:14.594-0300] {dag.py:3047} INFO - Sync 2 DAGs
[2025-06-03T14:39:14.602-0300] {logging_mixin.py:188} INFO - [2025-06-03T14:39:14.602-0300] {dag.py:3834} INFO - Setting next_dagrun for example_xcom_args to None, run_after=None
[2025-06-03T14:39:14.605-0300] {logging_mixin.py:188} INFO - [2025-06-03T14:39:14.605-0300] {dag.py:3834} INFO - Setting next_dagrun for example_xcom_args_with_operators to None, run_after=None
[2025-06-03T14:39:14.620-0300] {processor.py:183} INFO - Processing /home/walterg/Documentos/Data_projects/DW_AIRFLOW_DBT_PART_ONE/.venv/lib/python3.11/site-packages/airflow/example_dags/example_xcomargs.py took 0.057 seconds
[2025-06-03T14:40:00.833-0300] {processor.py:161} INFO - Started process (PID=72540) to work on /home/walterg/Documentos/Data_projects/DW_AIRFLOW_DBT_PART_ONE/.venv/lib/python3.11/site-packages/airflow/example_dags/example_xcomargs.py
[2025-06-03T14:40:00.838-0300] {processor.py:830} INFO - Processing file /home/walterg/Documentos/Data_projects/DW_AIRFLOW_DBT_PART_ONE/.venv/lib/python3.11/site-packages/airflow/example_dags/example_xcomargs.py for tasks to queue
[2025-06-03T14:40:00.839-0300] {logging_mixin.py:188} INFO - [2025-06-03T14:40:00.839-0300] {dagbag.py:540} INFO - Filling up the DagBag from /home/walterg/Documentos/Data_projects/DW_AIRFLOW_DBT_PART_ONE/.venv/lib/python3.11/site-packages/airflow/example_dags/example_xcomargs.py
[2025-06-03T14:40:00.846-0300] {processor.py:840} INFO - DAG(s) 'example_xcom_args_with_operators', 'example_xcom_args' retrieved from /home/walterg/Documentos/Data_projects/DW_AIRFLOW_DBT_PART_ONE/.venv/lib/python3.11/site-packages/airflow/example_dags/example_xcomargs.py
[2025-06-03T14:40:00.860-0300] {logging_mixin.py:188} INFO - [2025-06-03T14:40:00.860-0300] {dag.py:3047} INFO - Sync 2 DAGs
[2025-06-03T14:40:00.868-0300] {logging_mixin.py:188} INFO - [2025-06-03T14:40:00.868-0300] {dag.py:3834} INFO - Setting next_dagrun for example_xcom_args to None, run_after=None
[2025-06-03T14:40:00.870-0300] {logging_mixin.py:188} INFO - [2025-06-03T14:40:00.870-0300] {dag.py:3834} INFO - Setting next_dagrun for example_xcom_args_with_operators to None, run_after=None
[2025-06-03T14:40:00.885-0300] {processor.py:183} INFO - Processing /home/walterg/Documentos/Data_projects/DW_AIRFLOW_DBT_PART_ONE/.venv/lib/python3.11/site-packages/airflow/example_dags/example_xcomargs.py took 0.055 seconds
[2025-06-03T14:40:47.049-0300] {processor.py:161} INFO - Started process (PID=73102) to work on /home/walterg/Documentos/Data_projects/DW_AIRFLOW_DBT_PART_ONE/.venv/lib/python3.11/site-packages/airflow/example_dags/example_xcomargs.py
[2025-06-03T14:40:47.054-0300] {processor.py:830} INFO - Processing file /home/walterg/Documentos/Data_projects/DW_AIRFLOW_DBT_PART_ONE/.venv/lib/python3.11/site-packages/airflow/example_dags/example_xcomargs.py for tasks to queue
[2025-06-03T14:40:47.055-0300] {logging_mixin.py:188} INFO - [2025-06-03T14:40:47.055-0300] {dagbag.py:540} INFO - Filling up the DagBag from /home/walterg/Documentos/Data_projects/DW_AIRFLOW_DBT_PART_ONE/.venv/lib/python3.11/site-packages/airflow/example_dags/example_xcomargs.py
[2025-06-03T14:40:47.064-0300] {processor.py:840} INFO - DAG(s) 'example_xcom_args', 'example_xcom_args_with_operators' retrieved from /home/walterg/Documentos/Data_projects/DW_AIRFLOW_DBT_PART_ONE/.venv/lib/python3.11/site-packages/airflow/example_dags/example_xcomargs.py
[2025-06-03T14:40:47.079-0300] {logging_mixin.py:188} INFO - [2025-06-03T14:40:47.079-0300] {dag.py:3047} INFO - Sync 2 DAGs
[2025-06-03T14:40:47.087-0300] {logging_mixin.py:188} INFO - [2025-06-03T14:40:47.086-0300] {dag.py:3834} INFO - Setting next_dagrun for example_xcom_args to None, run_after=None
[2025-06-03T14:40:47.089-0300] {logging_mixin.py:188} INFO - [2025-06-03T14:40:47.089-0300] {dag.py:3834} INFO - Setting next_dagrun for example_xcom_args_with_operators to None, run_after=None
[2025-06-03T14:40:47.103-0300] {processor.py:183} INFO - Processing /home/walterg/Documentos/Data_projects/DW_AIRFLOW_DBT_PART_ONE/.venv/lib/python3.11/site-packages/airflow/example_dags/example_xcomargs.py took 0.057 seconds
[2025-06-03T14:41:34.170-0300] {processor.py:161} INFO - Started process (PID=73706) to work on /home/walterg/Documentos/Data_projects/DW_AIRFLOW_DBT_PART_ONE/.venv/lib/python3.11/site-packages/airflow/example_dags/example_xcomargs.py
[2025-06-03T14:41:34.172-0300] {processor.py:830} INFO - Processing file /home/walterg/Documentos/Data_projects/DW_AIRFLOW_DBT_PART_ONE/.venv/lib/python3.11/site-packages/airflow/example_dags/example_xcomargs.py for tasks to queue
[2025-06-03T14:41:34.172-0300] {logging_mixin.py:188} INFO - [2025-06-03T14:41:34.172-0300] {dagbag.py:540} INFO - Filling up the DagBag from /home/walterg/Documentos/Data_projects/DW_AIRFLOW_DBT_PART_ONE/.venv/lib/python3.11/site-packages/airflow/example_dags/example_xcomargs.py
[2025-06-03T14:41:34.179-0300] {processor.py:840} INFO - DAG(s) 'example_xcom_args', 'example_xcom_args_with_operators' retrieved from /home/walterg/Documentos/Data_projects/DW_AIRFLOW_DBT_PART_ONE/.venv/lib/python3.11/site-packages/airflow/example_dags/example_xcomargs.py
[2025-06-03T14:41:34.194-0300] {logging_mixin.py:188} INFO - [2025-06-03T14:41:34.193-0300] {dag.py:3047} INFO - Sync 2 DAGs
[2025-06-03T14:41:34.201-0300] {logging_mixin.py:188} INFO - [2025-06-03T14:41:34.201-0300] {dag.py:3834} INFO - Setting next_dagrun for example_xcom_args to None, run_after=None
[2025-06-03T14:41:34.204-0300] {logging_mixin.py:188} INFO - [2025-06-03T14:41:34.203-0300] {dag.py:3834} INFO - Setting next_dagrun for example_xcom_args_with_operators to None, run_after=None
[2025-06-03T14:41:34.217-0300] {processor.py:183} INFO - Processing /home/walterg/Documentos/Data_projects/DW_AIRFLOW_DBT_PART_ONE/.venv/lib/python3.11/site-packages/airflow/example_dags/example_xcomargs.py took 0.050 seconds
