[2025-06-03T14:39:01.509-0300] {processor.py:161} INFO - Started process (PID=71685) to work on /home/walterg/Documentos/Data_projects/DW_AIRFLOW_DBT_PART_ONE/.venv/lib/python3.11/site-packages/airflow/example_dags/example_branch_datetime_operator.py
[2025-06-03T14:39:01.509-0300] {processor.py:830} INFO - Processing file /home/walterg/Documentos/Data_projects/DW_AIRFLOW_DBT_PART_ONE/.venv/lib/python3.11/site-packages/airflow/example_dags/example_branch_datetime_operator.py for tasks to queue
[2025-06-03T14:39:01.510-0300] {logging_mixin.py:188} INFO - [2025-06-03T14:39:01.510-0300] {dagbag.py:540} INFO - Filling up the DagBag from /home/walterg/Documentos/Data_projects/DW_AIRFLOW_DBT_PART_ONE/.venv/lib/python3.11/site-packages/airflow/example_dags/example_branch_datetime_operator.py
[2025-06-03T14:39:01.518-0300] {processor.py:840} INFO - DAG(s) 'example_branch_datetime_operator_2', 'example_branch_datetime_operator', 'example_branch_datetime_operator_3' retrieved from /home/walterg/Documentos/Data_projects/DW_AIRFLOW_DBT_PART_ONE/.venv/lib/python3.11/site-packages/airflow/example_dags/example_branch_datetime_operator.py
[2025-06-03T14:39:01.591-0300] {logging_mixin.py:188} INFO - [2025-06-03T14:39:01.591-0300] {override.py:1769} INFO - Created Permission View: can edit on DAG:example_branch_datetime_operator_2
[2025-06-03T14:39:01.601-0300] {logging_mixin.py:188} INFO - [2025-06-03T14:39:01.601-0300] {override.py:1769} INFO - Created Permission View: can read on DAG:example_branch_datetime_operator_2
[2025-06-03T14:39:01.609-0300] {logging_mixin.py:188} INFO - [2025-06-03T14:39:01.608-0300] {override.py:1769} INFO - Created Permission View: can delete on DAG:example_branch_datetime_operator_2
[2025-06-03T14:39:01.628-0300] {logging_mixin.py:188} INFO - [2025-06-03T14:39:01.627-0300] {override.py:1769} INFO - Created Permission View: can edit on DAG:example_branch_datetime_operator
[2025-06-03T14:39:01.636-0300] {logging_mixin.py:188} INFO - [2025-06-03T14:39:01.635-0300] {override.py:1769} INFO - Created Permission View: can read on DAG:example_branch_datetime_operator
[2025-06-03T14:39:01.644-0300] {logging_mixin.py:188} INFO - [2025-06-03T14:39:01.643-0300] {override.py:1769} INFO - Created Permission View: can delete on DAG:example_branch_datetime_operator
[2025-06-03T14:39:01.659-0300] {logging_mixin.py:188} INFO - [2025-06-03T14:39:01.659-0300] {override.py:1769} INFO - Created Permission View: can edit on DAG:example_branch_datetime_operator_3
[2025-06-03T14:39:01.667-0300] {logging_mixin.py:188} INFO - [2025-06-03T14:39:01.667-0300] {override.py:1769} INFO - Created Permission View: can read on DAG:example_branch_datetime_operator_3
[2025-06-03T14:39:01.675-0300] {logging_mixin.py:188} INFO - [2025-06-03T14:39:01.674-0300] {override.py:1769} INFO - Created Permission View: can delete on DAG:example_branch_datetime_operator_3
[2025-06-03T14:39:01.675-0300] {logging_mixin.py:188} INFO - [2025-06-03T14:39:01.675-0300] {dag.py:3047} INFO - Sync 3 DAGs
[2025-06-03T14:39:01.682-0300] {logging_mixin.py:188} INFO - [2025-06-03T14:39:01.682-0300] {dag.py:3069} INFO - Creating ORM DAG for example_branch_datetime_operator
[2025-06-03T14:39:01.682-0300] {logging_mixin.py:188} INFO - [2025-06-03T14:39:01.682-0300] {dag.py:3069} INFO - Creating ORM DAG for example_branch_datetime_operator_2
[2025-06-03T14:39:01.683-0300] {logging_mixin.py:188} INFO - [2025-06-03T14:39:01.683-0300] {dag.py:3069} INFO - Creating ORM DAG for example_branch_datetime_operator_3
[2025-06-03T14:39:01.689-0300] {logging_mixin.py:188} INFO - [2025-06-03T14:39:01.689-0300] {dag.py:3834} INFO - Setting next_dagrun for example_branch_datetime_operator to 2025-06-02 00:00:00+00:00, run_after=2025-06-03 00:00:00+00:00
[2025-06-03T14:39:01.690-0300] {logging_mixin.py:188} INFO - [2025-06-03T14:39:01.690-0300] {dag.py:3834} INFO - Setting next_dagrun for example_branch_datetime_operator_2 to 2025-06-02 00:00:00+00:00, run_after=2025-06-03 00:00:00+00:00
[2025-06-03T14:39:01.691-0300] {logging_mixin.py:188} INFO - [2025-06-03T14:39:01.691-0300] {dag.py:3834} INFO - Setting next_dagrun for example_branch_datetime_operator_3 to 2025-06-02 00:00:00+00:00, run_after=2025-06-03 00:00:00+00:00
[2025-06-03T14:39:01.706-0300] {processor.py:183} INFO - Processing /home/walterg/Documentos/Data_projects/DW_AIRFLOW_DBT_PART_ONE/.venv/lib/python3.11/site-packages/airflow/example_dags/example_branch_datetime_operator.py took 0.200 seconds
[2025-06-03T14:39:51.783-0300] {processor.py:161} INFO - Started process (PID=72404) to work on /home/walterg/Documentos/Data_projects/DW_AIRFLOW_DBT_PART_ONE/.venv/lib/python3.11/site-packages/airflow/example_dags/example_branch_datetime_operator.py
[2025-06-03T14:39:51.788-0300] {processor.py:830} INFO - Processing file /home/walterg/Documentos/Data_projects/DW_AIRFLOW_DBT_PART_ONE/.venv/lib/python3.11/site-packages/airflow/example_dags/example_branch_datetime_operator.py for tasks to queue
[2025-06-03T14:39:51.789-0300] {logging_mixin.py:188} INFO - [2025-06-03T14:39:51.789-0300] {dagbag.py:540} INFO - Filling up the DagBag from /home/walterg/Documentos/Data_projects/DW_AIRFLOW_DBT_PART_ONE/.venv/lib/python3.11/site-packages/airflow/example_dags/example_branch_datetime_operator.py
[2025-06-03T14:39:51.796-0300] {processor.py:840} INFO - DAG(s) 'example_branch_datetime_operator_3', 'example_branch_datetime_operator', 'example_branch_datetime_operator_2' retrieved from /home/walterg/Documentos/Data_projects/DW_AIRFLOW_DBT_PART_ONE/.venv/lib/python3.11/site-packages/airflow/example_dags/example_branch_datetime_operator.py
[2025-06-03T14:39:51.813-0300] {logging_mixin.py:188} INFO - [2025-06-03T14:39:51.813-0300] {dag.py:3047} INFO - Sync 3 DAGs
[2025-06-03T14:39:51.828-0300] {logging_mixin.py:188} INFO - [2025-06-03T14:39:51.827-0300] {dag.py:3834} INFO - Setting next_dagrun for example_branch_datetime_operator to 2025-06-02 00:00:00+00:00, run_after=2025-06-03 00:00:00+00:00
[2025-06-03T14:39:51.831-0300] {logging_mixin.py:188} INFO - [2025-06-03T14:39:51.830-0300] {dag.py:3834} INFO - Setting next_dagrun for example_branch_datetime_operator_2 to 2025-06-02 00:00:00+00:00, run_after=2025-06-03 00:00:00+00:00
[2025-06-03T14:39:51.832-0300] {logging_mixin.py:188} INFO - [2025-06-03T14:39:51.832-0300] {dag.py:3834} INFO - Setting next_dagrun for example_branch_datetime_operator_3 to 2025-06-02 00:00:00+00:00, run_after=2025-06-03 00:00:00+00:00
[2025-06-03T14:39:51.847-0300] {processor.py:183} INFO - Processing /home/walterg/Documentos/Data_projects/DW_AIRFLOW_DBT_PART_ONE/.venv/lib/python3.11/site-packages/airflow/example_dags/example_branch_datetime_operator.py took 0.066 seconds
[2025-06-03T14:40:40.429-0300] {processor.py:161} INFO - Started process (PID=73022) to work on /home/walterg/Documentos/Data_projects/DW_AIRFLOW_DBT_PART_ONE/.venv/lib/python3.11/site-packages/airflow/example_dags/example_branch_datetime_operator.py
[2025-06-03T14:40:40.434-0300] {processor.py:830} INFO - Processing file /home/walterg/Documentos/Data_projects/DW_AIRFLOW_DBT_PART_ONE/.venv/lib/python3.11/site-packages/airflow/example_dags/example_branch_datetime_operator.py for tasks to queue
[2025-06-03T14:40:40.435-0300] {logging_mixin.py:188} INFO - [2025-06-03T14:40:40.434-0300] {dagbag.py:540} INFO - Filling up the DagBag from /home/walterg/Documentos/Data_projects/DW_AIRFLOW_DBT_PART_ONE/.venv/lib/python3.11/site-packages/airflow/example_dags/example_branch_datetime_operator.py
[2025-06-03T14:40:40.442-0300] {processor.py:840} INFO - DAG(s) 'example_branch_datetime_operator', 'example_branch_datetime_operator_3', 'example_branch_datetime_operator_2' retrieved from /home/walterg/Documentos/Data_projects/DW_AIRFLOW_DBT_PART_ONE/.venv/lib/python3.11/site-packages/airflow/example_dags/example_branch_datetime_operator.py
[2025-06-03T14:40:40.459-0300] {logging_mixin.py:188} INFO - [2025-06-03T14:40:40.459-0300] {dag.py:3047} INFO - Sync 3 DAGs
[2025-06-03T14:40:40.473-0300] {logging_mixin.py:188} INFO - [2025-06-03T14:40:40.473-0300] {dag.py:3834} INFO - Setting next_dagrun for example_branch_datetime_operator to 2025-06-02 00:00:00+00:00, run_after=2025-06-03 00:00:00+00:00
[2025-06-03T14:40:40.476-0300] {logging_mixin.py:188} INFO - [2025-06-03T14:40:40.476-0300] {dag.py:3834} INFO - Setting next_dagrun for example_branch_datetime_operator_2 to 2025-06-02 00:00:00+00:00, run_after=2025-06-03 00:00:00+00:00
[2025-06-03T14:40:40.477-0300] {logging_mixin.py:188} INFO - [2025-06-03T14:40:40.477-0300] {dag.py:3834} INFO - Setting next_dagrun for example_branch_datetime_operator_3 to 2025-06-02 00:00:00+00:00, run_after=2025-06-03 00:00:00+00:00
[2025-06-03T14:40:40.491-0300] {processor.py:183} INFO - Processing /home/walterg/Documentos/Data_projects/DW_AIRFLOW_DBT_PART_ONE/.venv/lib/python3.11/site-packages/airflow/example_dags/example_branch_datetime_operator.py took 0.065 seconds
[2025-06-03T14:41:28.275-0300] {processor.py:161} INFO - Started process (PID=73642) to work on /home/walterg/Documentos/Data_projects/DW_AIRFLOW_DBT_PART_ONE/.venv/lib/python3.11/site-packages/airflow/example_dags/example_branch_datetime_operator.py
[2025-06-03T14:41:28.280-0300] {processor.py:830} INFO - Processing file /home/walterg/Documentos/Data_projects/DW_AIRFLOW_DBT_PART_ONE/.venv/lib/python3.11/site-packages/airflow/example_dags/example_branch_datetime_operator.py for tasks to queue
[2025-06-03T14:41:28.281-0300] {logging_mixin.py:188} INFO - [2025-06-03T14:41:28.281-0300] {dagbag.py:540} INFO - Filling up the DagBag from /home/walterg/Documentos/Data_projects/DW_AIRFLOW_DBT_PART_ONE/.venv/lib/python3.11/site-packages/airflow/example_dags/example_branch_datetime_operator.py
[2025-06-03T14:41:28.289-0300] {processor.py:840} INFO - DAG(s) 'example_branch_datetime_operator_2', 'example_branch_datetime_operator', 'example_branch_datetime_operator_3' retrieved from /home/walterg/Documentos/Data_projects/DW_AIRFLOW_DBT_PART_ONE/.venv/lib/python3.11/site-packages/airflow/example_dags/example_branch_datetime_operator.py
[2025-06-03T14:41:28.305-0300] {logging_mixin.py:188} INFO - [2025-06-03T14:41:28.305-0300] {dag.py:3047} INFO - Sync 3 DAGs
[2025-06-03T14:41:28.319-0300] {logging_mixin.py:188} INFO - [2025-06-03T14:41:28.319-0300] {dag.py:3834} INFO - Setting next_dagrun for example_branch_datetime_operator to 2025-06-02 00:00:00+00:00, run_after=2025-06-03 00:00:00+00:00
[2025-06-03T14:41:28.322-0300] {logging_mixin.py:188} INFO - [2025-06-03T14:41:28.322-0300] {dag.py:3834} INFO - Setting next_dagrun for example_branch_datetime_operator_2 to 2025-06-02 00:00:00+00:00, run_after=2025-06-03 00:00:00+00:00
[2025-06-03T14:41:28.324-0300] {logging_mixin.py:188} INFO - [2025-06-03T14:41:28.323-0300] {dag.py:3834} INFO - Setting next_dagrun for example_branch_datetime_operator_3 to 2025-06-02 00:00:00+00:00, run_after=2025-06-03 00:00:00+00:00
[2025-06-03T14:41:28.339-0300] {processor.py:183} INFO - Processing /home/walterg/Documentos/Data_projects/DW_AIRFLOW_DBT_PART_ONE/.venv/lib/python3.11/site-packages/airflow/example_dags/example_branch_datetime_operator.py took 0.067 seconds
