[2025-06-03T14:38:34.267-0300] {processor.py:161} INFO - Started process (PID=71308) to work on /home/walterg/Documentos/Data_projects/DW_AIRFLOW_DBT_PART_ONE/.venv/lib/python3.11/site-packages/airflow/example_dags/example_setup_teardown.py
[2025-06-03T14:38:34.267-0300] {processor.py:830} INFO - Processing file /home/walterg/Documentos/Data_projects/DW_AIRFLOW_DBT_PART_ONE/.venv/lib/python3.11/site-packages/airflow/example_dags/example_setup_teardown.py for tasks to queue
[2025-06-03T14:38:34.268-0300] {logging_mixin.py:188} INFO - [2025-06-03T14:38:34.268-0300] {dagbag.py:540} INFO - Filling up the DagBag from /home/walterg/Documentos/Data_projects/DW_AIRFLOW_DBT_PART_ONE/.venv/lib/python3.11/site-packages/airflow/example_dags/example_setup_teardown.py
[2025-06-03T14:38:34.276-0300] {processor.py:840} INFO - DAG(s) 'example_setup_teardown' retrieved from /home/walterg/Documentos/Data_projects/DW_AIRFLOW_DBT_PART_ONE/.venv/lib/python3.11/site-packages/airflow/example_dags/example_setup_teardown.py
[2025-06-03T14:38:34.354-0300] {logging_mixin.py:188} INFO - [2025-06-03T14:38:34.353-0300] {override.py:1769} INFO - Created Permission View: can edit on DAG:example_setup_teardown
[2025-06-03T14:38:34.363-0300] {logging_mixin.py:188} INFO - [2025-06-03T14:38:34.363-0300] {override.py:1769} INFO - Created Permission View: can read on DAG:example_setup_teardown
[2025-06-03T14:38:34.371-0300] {logging_mixin.py:188} INFO - [2025-06-03T14:38:34.371-0300] {override.py:1769} INFO - Created Permission View: can delete on DAG:example_setup_teardown
[2025-06-03T14:38:34.371-0300] {logging_mixin.py:188} INFO - [2025-06-03T14:38:34.371-0300] {dag.py:3047} INFO - Sync 1 DAGs
[2025-06-03T14:38:34.378-0300] {logging_mixin.py:188} INFO - [2025-06-03T14:38:34.377-0300] {dag.py:3069} INFO - Creating ORM DAG for example_setup_teardown
[2025-06-03T14:38:34.383-0300] {logging_mixin.py:188} INFO - [2025-06-03T14:38:34.383-0300] {dag.py:3834} INFO - Setting next_dagrun for example_setup_teardown to 2025-06-02 00:00:00+00:00, run_after=2025-06-03 00:00:00+00:00
[2025-06-03T14:38:34.398-0300] {processor.py:183} INFO - Processing /home/walterg/Documentos/Data_projects/DW_AIRFLOW_DBT_PART_ONE/.venv/lib/python3.11/site-packages/airflow/example_dags/example_setup_teardown.py took 0.134 seconds
[2025-06-03T14:39:20.839-0300] {processor.py:161} INFO - Started process (PID=72010) to work on /home/walterg/Documentos/Data_projects/DW_AIRFLOW_DBT_PART_ONE/.venv/lib/python3.11/site-packages/airflow/example_dags/example_setup_teardown.py
[2025-06-03T14:39:20.844-0300] {processor.py:830} INFO - Processing file /home/walterg/Documentos/Data_projects/DW_AIRFLOW_DBT_PART_ONE/.venv/lib/python3.11/site-packages/airflow/example_dags/example_setup_teardown.py for tasks to queue
[2025-06-03T14:39:20.845-0300] {logging_mixin.py:188} INFO - [2025-06-03T14:39:20.845-0300] {dagbag.py:540} INFO - Filling up the DagBag from /home/walterg/Documentos/Data_projects/DW_AIRFLOW_DBT_PART_ONE/.venv/lib/python3.11/site-packages/airflow/example_dags/example_setup_teardown.py
[2025-06-03T14:39:20.851-0300] {processor.py:840} INFO - DAG(s) 'example_setup_teardown' retrieved from /home/walterg/Documentos/Data_projects/DW_AIRFLOW_DBT_PART_ONE/.venv/lib/python3.11/site-packages/airflow/example_dags/example_setup_teardown.py
[2025-06-03T14:39:20.864-0300] {logging_mixin.py:188} INFO - [2025-06-03T14:39:20.864-0300] {dag.py:3047} INFO - Sync 1 DAGs
[2025-06-03T14:39:20.877-0300] {logging_mixin.py:188} INFO - [2025-06-03T14:39:20.877-0300] {dag.py:3834} INFO - Setting next_dagrun for example_setup_teardown to 2025-06-02 00:00:00+00:00, run_after=2025-06-03 00:00:00+00:00
[2025-06-03T14:39:20.892-0300] {processor.py:183} INFO - Processing /home/walterg/Documentos/Data_projects/DW_AIRFLOW_DBT_PART_ONE/.venv/lib/python3.11/site-packages/airflow/example_dags/example_setup_teardown.py took 0.055 seconds
[2025-06-03T14:40:07.652-0300] {processor.py:161} INFO - Started process (PID=72628) to work on /home/walterg/Documentos/Data_projects/DW_AIRFLOW_DBT_PART_ONE/.venv/lib/python3.11/site-packages/airflow/example_dags/example_setup_teardown.py
[2025-06-03T14:40:07.657-0300] {processor.py:830} INFO - Processing file /home/walterg/Documentos/Data_projects/DW_AIRFLOW_DBT_PART_ONE/.venv/lib/python3.11/site-packages/airflow/example_dags/example_setup_teardown.py for tasks to queue
[2025-06-03T14:40:07.658-0300] {logging_mixin.py:188} INFO - [2025-06-03T14:40:07.658-0300] {dagbag.py:540} INFO - Filling up the DagBag from /home/walterg/Documentos/Data_projects/DW_AIRFLOW_DBT_PART_ONE/.venv/lib/python3.11/site-packages/airflow/example_dags/example_setup_teardown.py
[2025-06-03T14:40:07.665-0300] {processor.py:840} INFO - DAG(s) 'example_setup_teardown' retrieved from /home/walterg/Documentos/Data_projects/DW_AIRFLOW_DBT_PART_ONE/.venv/lib/python3.11/site-packages/airflow/example_dags/example_setup_teardown.py
[2025-06-03T14:40:07.676-0300] {logging_mixin.py:188} INFO - [2025-06-03T14:40:07.676-0300] {dag.py:3047} INFO - Sync 1 DAGs
[2025-06-03T14:40:07.689-0300] {logging_mixin.py:188} INFO - [2025-06-03T14:40:07.689-0300] {dag.py:3834} INFO - Setting next_dagrun for example_setup_teardown to 2025-06-02 00:00:00+00:00, run_after=2025-06-03 00:00:00+00:00
[2025-06-03T14:40:07.705-0300] {processor.py:183} INFO - Processing /home/walterg/Documentos/Data_projects/DW_AIRFLOW_DBT_PART_ONE/.venv/lib/python3.11/site-packages/airflow/example_dags/example_setup_teardown.py took 0.055 seconds
[2025-06-03T14:40:54.454-0300] {processor.py:161} INFO - Started process (PID=73198) to work on /home/walterg/Documentos/Data_projects/DW_AIRFLOW_DBT_PART_ONE/.venv/lib/python3.11/site-packages/airflow/example_dags/example_setup_teardown.py
[2025-06-03T14:40:54.455-0300] {processor.py:830} INFO - Processing file /home/walterg/Documentos/Data_projects/DW_AIRFLOW_DBT_PART_ONE/.venv/lib/python3.11/site-packages/airflow/example_dags/example_setup_teardown.py for tasks to queue
[2025-06-03T14:40:54.455-0300] {logging_mixin.py:188} INFO - [2025-06-03T14:40:54.455-0300] {dagbag.py:540} INFO - Filling up the DagBag from /home/walterg/Documentos/Data_projects/DW_AIRFLOW_DBT_PART_ONE/.venv/lib/python3.11/site-packages/airflow/example_dags/example_setup_teardown.py
[2025-06-03T14:40:54.462-0300] {processor.py:840} INFO - DAG(s) 'example_setup_teardown' retrieved from /home/walterg/Documentos/Data_projects/DW_AIRFLOW_DBT_PART_ONE/.venv/lib/python3.11/site-packages/airflow/example_dags/example_setup_teardown.py
[2025-06-03T14:40:54.474-0300] {logging_mixin.py:188} INFO - [2025-06-03T14:40:54.473-0300] {dag.py:3047} INFO - Sync 1 DAGs
[2025-06-03T14:40:54.487-0300] {logging_mixin.py:188} INFO - [2025-06-03T14:40:54.486-0300] {dag.py:3834} INFO - Setting next_dagrun for example_setup_teardown to 2025-06-02 00:00:00+00:00, run_after=2025-06-03 00:00:00+00:00
[2025-06-03T14:40:54.502-0300] {processor.py:183} INFO - Processing /home/walterg/Documentos/Data_projects/DW_AIRFLOW_DBT_PART_ONE/.venv/lib/python3.11/site-packages/airflow/example_dags/example_setup_teardown.py took 0.050 seconds
