[2025-06-03T14:39:05.512-0300] {processor.py:161} INFO - Started process (PID=71729) to work on /home/walterg/Documentos/Data_projects/DW_AIRFLOW_DBT_PART_ONE/.venv/lib/python3.11/site-packages/airflow/example_dags/example_branch_day_of_week_operator.py
[2025-06-03T14:39:05.513-0300] {processor.py:830} INFO - Processing file /home/walterg/Documentos/Data_projects/DW_AIRFLOW_DBT_PART_ONE/.venv/lib/python3.11/site-packages/airflow/example_dags/example_branch_day_of_week_operator.py for tasks to queue
[2025-06-03T14:39:05.514-0300] {logging_mixin.py:188} INFO - [2025-06-03T14:39:05.513-0300] {dagbag.py:540} INFO - Filling up the DagBag from /home/walterg/Documentos/Data_projects/DW_AIRFLOW_DBT_PART_ONE/.venv/lib/python3.11/site-packages/airflow/example_dags/example_branch_day_of_week_operator.py
[2025-06-03T14:39:05.520-0300] {processor.py:840} INFO - DAG(s) 'example_weekday_branch_operator' retrieved from /home/walterg/Documentos/Data_projects/DW_AIRFLOW_DBT_PART_ONE/.venv/lib/python3.11/site-packages/airflow/example_dags/example_branch_day_of_week_operator.py
[2025-06-03T14:39:05.597-0300] {logging_mixin.py:188} INFO - [2025-06-03T14:39:05.597-0300] {override.py:1769} INFO - Created Permission View: can edit on DAG:example_weekday_branch_operator
[2025-06-03T14:39:05.607-0300] {logging_mixin.py:188} INFO - [2025-06-03T14:39:05.607-0300] {override.py:1769} INFO - Created Permission View: can read on DAG:example_weekday_branch_operator
[2025-06-03T14:39:05.615-0300] {logging_mixin.py:188} INFO - [2025-06-03T14:39:05.615-0300] {override.py:1769} INFO - Created Permission View: can delete on DAG:example_weekday_branch_operator
[2025-06-03T14:39:05.616-0300] {logging_mixin.py:188} INFO - [2025-06-03T14:39:05.616-0300] {dag.py:3047} INFO - Sync 1 DAGs
[2025-06-03T14:39:05.623-0300] {logging_mixin.py:188} INFO - [2025-06-03T14:39:05.623-0300] {dag.py:3069} INFO - Creating ORM DAG for example_weekday_branch_operator
[2025-06-03T14:39:05.629-0300] {logging_mixin.py:188} INFO - [2025-06-03T14:39:05.629-0300] {dag.py:3834} INFO - Setting next_dagrun for example_weekday_branch_operator to 2025-06-02 00:00:00+00:00, run_after=2025-06-03 00:00:00+00:00
[2025-06-03T14:39:05.644-0300] {processor.py:183} INFO - Processing /home/walterg/Documentos/Data_projects/DW_AIRFLOW_DBT_PART_ONE/.venv/lib/python3.11/site-packages/airflow/example_dags/example_branch_day_of_week_operator.py took 0.134 seconds
[2025-06-03T14:39:55.691-0300] {processor.py:161} INFO - Started process (PID=72487) to work on /home/walterg/Documentos/Data_projects/DW_AIRFLOW_DBT_PART_ONE/.venv/lib/python3.11/site-packages/airflow/example_dags/example_branch_day_of_week_operator.py
[2025-06-03T14:39:55.697-0300] {processor.py:830} INFO - Processing file /home/walterg/Documentos/Data_projects/DW_AIRFLOW_DBT_PART_ONE/.venv/lib/python3.11/site-packages/airflow/example_dags/example_branch_day_of_week_operator.py for tasks to queue
[2025-06-03T14:39:55.698-0300] {logging_mixin.py:188} INFO - [2025-06-03T14:39:55.697-0300] {dagbag.py:540} INFO - Filling up the DagBag from /home/walterg/Documentos/Data_projects/DW_AIRFLOW_DBT_PART_ONE/.venv/lib/python3.11/site-packages/airflow/example_dags/example_branch_day_of_week_operator.py
[2025-06-03T14:39:55.704-0300] {processor.py:840} INFO - DAG(s) 'example_weekday_branch_operator' retrieved from /home/walterg/Documentos/Data_projects/DW_AIRFLOW_DBT_PART_ONE/.venv/lib/python3.11/site-packages/airflow/example_dags/example_branch_day_of_week_operator.py
[2025-06-03T14:39:55.717-0300] {logging_mixin.py:188} INFO - [2025-06-03T14:39:55.717-0300] {dag.py:3047} INFO - Sync 1 DAGs
[2025-06-03T14:39:55.732-0300] {logging_mixin.py:188} INFO - [2025-06-03T14:39:55.732-0300] {dag.py:3834} INFO - Setting next_dagrun for example_weekday_branch_operator to 2025-06-02 00:00:00+00:00, run_after=2025-06-03 00:00:00+00:00
[2025-06-03T14:39:55.749-0300] {processor.py:183} INFO - Processing /home/walterg/Documentos/Data_projects/DW_AIRFLOW_DBT_PART_ONE/.venv/lib/python3.11/site-packages/airflow/example_dags/example_branch_day_of_week_operator.py took 0.060 seconds
[2025-06-03T14:40:44.180-0300] {processor.py:161} INFO - Started process (PID=73070) to work on /home/walterg/Documentos/Data_projects/DW_AIRFLOW_DBT_PART_ONE/.venv/lib/python3.11/site-packages/airflow/example_dags/example_branch_day_of_week_operator.py
[2025-06-03T14:40:44.185-0300] {processor.py:830} INFO - Processing file /home/walterg/Documentos/Data_projects/DW_AIRFLOW_DBT_PART_ONE/.venv/lib/python3.11/site-packages/airflow/example_dags/example_branch_day_of_week_operator.py for tasks to queue
[2025-06-03T14:40:44.186-0300] {logging_mixin.py:188} INFO - [2025-06-03T14:40:44.185-0300] {dagbag.py:540} INFO - Filling up the DagBag from /home/walterg/Documentos/Data_projects/DW_AIRFLOW_DBT_PART_ONE/.venv/lib/python3.11/site-packages/airflow/example_dags/example_branch_day_of_week_operator.py
[2025-06-03T14:40:44.193-0300] {processor.py:840} INFO - DAG(s) 'example_weekday_branch_operator' retrieved from /home/walterg/Documentos/Data_projects/DW_AIRFLOW_DBT_PART_ONE/.venv/lib/python3.11/site-packages/airflow/example_dags/example_branch_day_of_week_operator.py
[2025-06-03T14:40:44.207-0300] {logging_mixin.py:188} INFO - [2025-06-03T14:40:44.207-0300] {dag.py:3047} INFO - Sync 1 DAGs
[2025-06-03T14:40:44.220-0300] {logging_mixin.py:188} INFO - [2025-06-03T14:40:44.220-0300] {dag.py:3834} INFO - Setting next_dagrun for example_weekday_branch_operator to 2025-06-02 00:00:00+00:00, run_after=2025-06-03 00:00:00+00:00
[2025-06-03T14:40:44.235-0300] {processor.py:183} INFO - Processing /home/walterg/Documentos/Data_projects/DW_AIRFLOW_DBT_PART_ONE/.venv/lib/python3.11/site-packages/airflow/example_dags/example_branch_day_of_week_operator.py took 0.058 seconds
[2025-06-03T14:41:32.134-0300] {processor.py:161} INFO - Started process (PID=73686) to work on /home/walterg/Documentos/Data_projects/DW_AIRFLOW_DBT_PART_ONE/.venv/lib/python3.11/site-packages/airflow/example_dags/example_branch_day_of_week_operator.py
[2025-06-03T14:41:32.138-0300] {processor.py:830} INFO - Processing file /home/walterg/Documentos/Data_projects/DW_AIRFLOW_DBT_PART_ONE/.venv/lib/python3.11/site-packages/airflow/example_dags/example_branch_day_of_week_operator.py for tasks to queue
[2025-06-03T14:41:32.140-0300] {logging_mixin.py:188} INFO - [2025-06-03T14:41:32.139-0300] {dagbag.py:540} INFO - Filling up the DagBag from /home/walterg/Documentos/Data_projects/DW_AIRFLOW_DBT_PART_ONE/.venv/lib/python3.11/site-packages/airflow/example_dags/example_branch_day_of_week_operator.py
[2025-06-03T14:41:32.146-0300] {processor.py:840} INFO - DAG(s) 'example_weekday_branch_operator' retrieved from /home/walterg/Documentos/Data_projects/DW_AIRFLOW_DBT_PART_ONE/.venv/lib/python3.11/site-packages/airflow/example_dags/example_branch_day_of_week_operator.py
[2025-06-03T14:41:32.159-0300] {logging_mixin.py:188} INFO - [2025-06-03T14:41:32.158-0300] {dag.py:3047} INFO - Sync 1 DAGs
[2025-06-03T14:41:32.172-0300] {logging_mixin.py:188} INFO - [2025-06-03T14:41:32.172-0300] {dag.py:3834} INFO - Setting next_dagrun for example_weekday_branch_operator to 2025-06-02 00:00:00+00:00, run_after=2025-06-03 00:00:00+00:00
[2025-06-03T14:41:32.187-0300] {processor.py:183} INFO - Processing /home/walterg/Documentos/Data_projects/DW_AIRFLOW_DBT_PART_ONE/.venv/lib/python3.11/site-packages/airflow/example_dags/example_branch_day_of_week_operator.py took 0.056 seconds
