[2025-06-03T14:38:52.348-0300] {processor.py:161} INFO - Started process (PID=71532) to work on /home/walterg/Documentos/Data_projects/DW_AIRFLOW_DBT_PART_ONE/.venv/lib/python3.11/site-packages/airflow/example_dags/example_complex.py
[2025-06-03T14:38:52.349-0300] {processor.py:830} INFO - Processing file /home/walterg/Documentos/Data_projects/DW_AIRFLOW_DBT_PART_ONE/.venv/lib/python3.11/site-packages/airflow/example_dags/example_complex.py for tasks to queue
[2025-06-03T14:38:52.349-0300] {logging_mixin.py:188} INFO - [2025-06-03T14:38:52.349-0300] {dagbag.py:540} INFO - Filling up the DagBag from /home/walterg/Documentos/Data_projects/DW_AIRFLOW_DBT_PART_ONE/.venv/lib/python3.11/site-packages/airflow/example_dags/example_complex.py
[2025-06-03T14:38:52.358-0300] {processor.py:840} INFO - DAG(s) 'example_complex' retrieved from /home/walterg/Documentos/Data_projects/DW_AIRFLOW_DBT_PART_ONE/.venv/lib/python3.11/site-packages/airflow/example_dags/example_complex.py
[2025-06-03T14:38:52.440-0300] {logging_mixin.py:188} INFO - [2025-06-03T14:38:52.439-0300] {override.py:1769} INFO - Created Permission View: can edit on DAG:example_complex
[2025-06-03T14:38:52.450-0300] {logging_mixin.py:188} INFO - [2025-06-03T14:38:52.449-0300] {override.py:1769} INFO - Created Permission View: can read on DAG:example_complex
[2025-06-03T14:38:52.459-0300] {logging_mixin.py:188} INFO - [2025-06-03T14:38:52.458-0300] {override.py:1769} INFO - Created Permission View: can delete on DAG:example_complex
[2025-06-03T14:38:52.459-0300] {logging_mixin.py:188} INFO - [2025-06-03T14:38:52.459-0300] {dag.py:3047} INFO - Sync 1 DAGs
[2025-06-03T14:38:52.467-0300] {logging_mixin.py:188} INFO - [2025-06-03T14:38:52.467-0300] {dag.py:3069} INFO - Creating ORM DAG for example_complex
[2025-06-03T14:38:52.467-0300] {logging_mixin.py:188} INFO - [2025-06-03T14:38:52.467-0300] {dag.py:3834} INFO - Setting next_dagrun for example_complex to None, run_after=None
[2025-06-03T14:38:52.482-0300] {processor.py:183} INFO - Processing /home/walterg/Documentos/Data_projects/DW_AIRFLOW_DBT_PART_ONE/.venv/lib/python3.11/site-packages/airflow/example_dags/example_complex.py took 0.137 seconds
[2025-06-03T14:39:38.383-0300] {processor.py:161} INFO - Started process (PID=72239) to work on /home/walterg/Documentos/Data_projects/DW_AIRFLOW_DBT_PART_ONE/.venv/lib/python3.11/site-packages/airflow/example_dags/example_complex.py
[2025-06-03T14:39:38.388-0300] {processor.py:830} INFO - Processing file /home/walterg/Documentos/Data_projects/DW_AIRFLOW_DBT_PART_ONE/.venv/lib/python3.11/site-packages/airflow/example_dags/example_complex.py for tasks to queue
[2025-06-03T14:39:38.388-0300] {logging_mixin.py:188} INFO - [2025-06-03T14:39:38.388-0300] {dagbag.py:540} INFO - Filling up the DagBag from /home/walterg/Documentos/Data_projects/DW_AIRFLOW_DBT_PART_ONE/.venv/lib/python3.11/site-packages/airflow/example_dags/example_complex.py
[2025-06-03T14:39:38.396-0300] {processor.py:840} INFO - DAG(s) 'example_complex' retrieved from /home/walterg/Documentos/Data_projects/DW_AIRFLOW_DBT_PART_ONE/.venv/lib/python3.11/site-packages/airflow/example_dags/example_complex.py
[2025-06-03T14:39:38.414-0300] {logging_mixin.py:188} INFO - [2025-06-03T14:39:38.414-0300] {dag.py:3047} INFO - Sync 1 DAGs
[2025-06-03T14:39:38.422-0300] {logging_mixin.py:188} INFO - [2025-06-03T14:39:38.422-0300] {dag.py:3834} INFO - Setting next_dagrun for example_complex to None, run_after=None
[2025-06-03T14:39:38.438-0300] {processor.py:183} INFO - Processing /home/walterg/Documentos/Data_projects/DW_AIRFLOW_DBT_PART_ONE/.venv/lib/python3.11/site-packages/airflow/example_dags/example_complex.py took 0.058 seconds
[2025-06-03T14:40:27.922-0300] {processor.py:161} INFO - Started process (PID=72869) to work on /home/walterg/Documentos/Data_projects/DW_AIRFLOW_DBT_PART_ONE/.venv/lib/python3.11/site-packages/airflow/example_dags/example_complex.py
[2025-06-03T14:40:27.927-0300] {processor.py:830} INFO - Processing file /home/walterg/Documentos/Data_projects/DW_AIRFLOW_DBT_PART_ONE/.venv/lib/python3.11/site-packages/airflow/example_dags/example_complex.py for tasks to queue
[2025-06-03T14:40:27.928-0300] {logging_mixin.py:188} INFO - [2025-06-03T14:40:27.927-0300] {dagbag.py:540} INFO - Filling up the DagBag from /home/walterg/Documentos/Data_projects/DW_AIRFLOW_DBT_PART_ONE/.venv/lib/python3.11/site-packages/airflow/example_dags/example_complex.py
[2025-06-03T14:40:27.936-0300] {processor.py:840} INFO - DAG(s) 'example_complex' retrieved from /home/walterg/Documentos/Data_projects/DW_AIRFLOW_DBT_PART_ONE/.venv/lib/python3.11/site-packages/airflow/example_dags/example_complex.py
[2025-06-03T14:40:27.954-0300] {logging_mixin.py:188} INFO - [2025-06-03T14:40:27.953-0300] {dag.py:3047} INFO - Sync 1 DAGs
[2025-06-03T14:40:27.961-0300] {logging_mixin.py:188} INFO - [2025-06-03T14:40:27.961-0300] {dag.py:3834} INFO - Setting next_dagrun for example_complex to None, run_after=None
[2025-06-03T14:40:27.978-0300] {processor.py:183} INFO - Processing /home/walterg/Documentos/Data_projects/DW_AIRFLOW_DBT_PART_ONE/.venv/lib/python3.11/site-packages/airflow/example_dags/example_complex.py took 0.059 seconds
[2025-06-03T14:41:16.152-0300] {processor.py:161} INFO - Started process (PID=73463) to work on /home/walterg/Documentos/Data_projects/DW_AIRFLOW_DBT_PART_ONE/.venv/lib/python3.11/site-packages/airflow/example_dags/example_complex.py
[2025-06-03T14:41:16.157-0300] {processor.py:830} INFO - Processing file /home/walterg/Documentos/Data_projects/DW_AIRFLOW_DBT_PART_ONE/.venv/lib/python3.11/site-packages/airflow/example_dags/example_complex.py for tasks to queue
[2025-06-03T14:41:16.158-0300] {logging_mixin.py:188} INFO - [2025-06-03T14:41:16.158-0300] {dagbag.py:540} INFO - Filling up the DagBag from /home/walterg/Documentos/Data_projects/DW_AIRFLOW_DBT_PART_ONE/.venv/lib/python3.11/site-packages/airflow/example_dags/example_complex.py
[2025-06-03T14:41:16.166-0300] {processor.py:840} INFO - DAG(s) 'example_complex' retrieved from /home/walterg/Documentos/Data_projects/DW_AIRFLOW_DBT_PART_ONE/.venv/lib/python3.11/site-packages/airflow/example_dags/example_complex.py
[2025-06-03T14:41:16.183-0300] {logging_mixin.py:188} INFO - [2025-06-03T14:41:16.182-0300] {dag.py:3047} INFO - Sync 1 DAGs
[2025-06-03T14:41:16.190-0300] {logging_mixin.py:188} INFO - [2025-06-03T14:41:16.190-0300] {dag.py:3834} INFO - Setting next_dagrun for example_complex to None, run_after=None
[2025-06-03T14:41:16.207-0300] {processor.py:183} INFO - Processing /home/walterg/Documentos/Data_projects/DW_AIRFLOW_DBT_PART_ONE/.venv/lib/python3.11/site-packages/airflow/example_dags/example_complex.py took 0.058 seconds
