[2025-06-03T14:38:53.798-0300] {processor.py:161} INFO - Started process (PID=71553) to work on /home/walterg/Documentos/Data_projects/DW_AIRFLOW_DBT_PART_ONE/.venv/lib/python3.11/site-packages/airflow/example_dags/example_datasets.py
[2025-06-03T14:38:53.799-0300] {processor.py:830} INFO - Processing file /home/walterg/Documentos/Data_projects/DW_AIRFLOW_DBT_PART_ONE/.venv/lib/python3.11/site-packages/airflow/example_dags/example_datasets.py for tasks to queue
[2025-06-03T14:38:53.800-0300] {logging_mixin.py:188} INFO - [2025-06-03T14:38:53.799-0300] {dagbag.py:540} INFO - Filling up the DagBag from /home/walterg/Documentos/Data_projects/DW_AIRFLOW_DBT_PART_ONE/.venv/lib/python3.11/site-packages/airflow/example_dags/example_datasets.py
[2025-06-03T14:38:53.807-0300] {processor.py:840} INFO - DAG(s) 'dataset_consumes_1', 'dataset_consumes_1_never_scheduled', 'dataset_produces_2', 'dataset_produces_1', 'dataset_consumes_1_and_2', 'dataset_consumes_unknown_never_scheduled' retrieved from /home/walterg/Documentos/Data_projects/DW_AIRFLOW_DBT_PART_ONE/.venv/lib/python3.11/site-packages/airflow/example_dags/example_datasets.py
[2025-06-03T14:38:53.882-0300] {logging_mixin.py:188} INFO - [2025-06-03T14:38:53.881-0300] {override.py:1769} INFO - Created Permission View: can edit on DAG:dataset_consumes_1
[2025-06-03T14:38:53.892-0300] {logging_mixin.py:188} INFO - [2025-06-03T14:38:53.891-0300] {override.py:1769} INFO - Created Permission View: can read on DAG:dataset_consumes_1
[2025-06-03T14:38:53.900-0300] {logging_mixin.py:188} INFO - [2025-06-03T14:38:53.900-0300] {override.py:1769} INFO - Created Permission View: can delete on DAG:dataset_consumes_1
[2025-06-03T14:38:53.918-0300] {logging_mixin.py:188} INFO - [2025-06-03T14:38:53.918-0300] {override.py:1769} INFO - Created Permission View: can edit on DAG:dataset_consumes_1_never_scheduled
[2025-06-03T14:38:53.926-0300] {logging_mixin.py:188} INFO - [2025-06-03T14:38:53.926-0300] {override.py:1769} INFO - Created Permission View: can read on DAG:dataset_consumes_1_never_scheduled
[2025-06-03T14:38:53.934-0300] {logging_mixin.py:188} INFO - [2025-06-03T14:38:53.934-0300] {override.py:1769} INFO - Created Permission View: can delete on DAG:dataset_consumes_1_never_scheduled
[2025-06-03T14:38:53.951-0300] {logging_mixin.py:188} INFO - [2025-06-03T14:38:53.950-0300] {override.py:1769} INFO - Created Permission View: can edit on DAG:dataset_produces_2
[2025-06-03T14:38:53.958-0300] {logging_mixin.py:188} INFO - [2025-06-03T14:38:53.958-0300] {override.py:1769} INFO - Created Permission View: can read on DAG:dataset_produces_2
[2025-06-03T14:38:53.966-0300] {logging_mixin.py:188} INFO - [2025-06-03T14:38:53.966-0300] {override.py:1769} INFO - Created Permission View: can delete on DAG:dataset_produces_2
[2025-06-03T14:38:53.981-0300] {logging_mixin.py:188} INFO - [2025-06-03T14:38:53.980-0300] {override.py:1769} INFO - Created Permission View: can edit on DAG:dataset_produces_1
[2025-06-03T14:38:53.988-0300] {logging_mixin.py:188} INFO - [2025-06-03T14:38:53.987-0300] {override.py:1769} INFO - Created Permission View: can read on DAG:dataset_produces_1
[2025-06-03T14:38:53.996-0300] {logging_mixin.py:188} INFO - [2025-06-03T14:38:53.996-0300] {override.py:1769} INFO - Created Permission View: can delete on DAG:dataset_produces_1
[2025-06-03T14:38:54.020-0300] {logging_mixin.py:188} INFO - [2025-06-03T14:38:54.020-0300] {override.py:1769} INFO - Created Permission View: can edit on DAG:dataset_consumes_1_and_2
[2025-06-03T14:38:54.028-0300] {logging_mixin.py:188} INFO - [2025-06-03T14:38:54.028-0300] {override.py:1769} INFO - Created Permission View: can read on DAG:dataset_consumes_1_and_2
[2025-06-03T14:38:54.036-0300] {logging_mixin.py:188} INFO - [2025-06-03T14:38:54.035-0300] {override.py:1769} INFO - Created Permission View: can delete on DAG:dataset_consumes_1_and_2
[2025-06-03T14:38:54.052-0300] {logging_mixin.py:188} INFO - [2025-06-03T14:38:54.052-0300] {override.py:1769} INFO - Created Permission View: can edit on DAG:dataset_consumes_unknown_never_scheduled
[2025-06-03T14:38:54.060-0300] {logging_mixin.py:188} INFO - [2025-06-03T14:38:54.060-0300] {override.py:1769} INFO - Created Permission View: can read on DAG:dataset_consumes_unknown_never_scheduled
[2025-06-03T14:38:54.067-0300] {logging_mixin.py:188} INFO - [2025-06-03T14:38:54.067-0300] {override.py:1769} INFO - Created Permission View: can delete on DAG:dataset_consumes_unknown_never_scheduled
[2025-06-03T14:38:54.067-0300] {logging_mixin.py:188} INFO - [2025-06-03T14:38:54.067-0300] {dag.py:3047} INFO - Sync 6 DAGs
[2025-06-03T14:38:54.075-0300] {logging_mixin.py:188} INFO - [2025-06-03T14:38:54.074-0300] {dag.py:3069} INFO - Creating ORM DAG for dataset_consumes_1_and_2
[2025-06-03T14:38:54.075-0300] {logging_mixin.py:188} INFO - [2025-06-03T14:38:54.075-0300] {dag.py:3069} INFO - Creating ORM DAG for dataset_produces_2
[2025-06-03T14:38:54.075-0300] {logging_mixin.py:188} INFO - [2025-06-03T14:38:54.075-0300] {dag.py:3069} INFO - Creating ORM DAG for dataset_consumes_unknown_never_scheduled
[2025-06-03T14:38:54.076-0300] {logging_mixin.py:188} INFO - [2025-06-03T14:38:54.076-0300] {dag.py:3069} INFO - Creating ORM DAG for dataset_consumes_1
[2025-06-03T14:38:54.076-0300] {logging_mixin.py:188} INFO - [2025-06-03T14:38:54.076-0300] {dag.py:3069} INFO - Creating ORM DAG for dataset_produces_1
[2025-06-03T14:38:54.076-0300] {logging_mixin.py:188} INFO - [2025-06-03T14:38:54.076-0300] {dag.py:3069} INFO - Creating ORM DAG for dataset_consumes_1_never_scheduled
[2025-06-03T14:38:54.082-0300] {logging_mixin.py:188} INFO - [2025-06-03T14:38:54.081-0300] {dag.py:3834} INFO - Setting next_dagrun for dataset_consumes_1 to None, run_after=None
[2025-06-03T14:38:54.082-0300] {logging_mixin.py:188} INFO - [2025-06-03T14:38:54.082-0300] {dag.py:3834} INFO - Setting next_dagrun for dataset_consumes_1_and_2 to None, run_after=None
[2025-06-03T14:38:54.082-0300] {logging_mixin.py:188} INFO - [2025-06-03T14:38:54.082-0300] {dag.py:3834} INFO - Setting next_dagrun for dataset_consumes_1_never_scheduled to None, run_after=None
[2025-06-03T14:38:54.083-0300] {logging_mixin.py:188} INFO - [2025-06-03T14:38:54.082-0300] {dag.py:3834} INFO - Setting next_dagrun for dataset_consumes_unknown_never_scheduled to None, run_after=None
[2025-06-03T14:38:54.084-0300] {logging_mixin.py:188} INFO - [2025-06-03T14:38:54.084-0300] {dag.py:3834} INFO - Setting next_dagrun for dataset_produces_1 to 2025-06-02 00:00:00+00:00, run_after=2025-06-03 00:00:00+00:00
[2025-06-03T14:38:54.084-0300] {logging_mixin.py:188} INFO - [2025-06-03T14:38:54.084-0300] {dag.py:3834} INFO - Setting next_dagrun for dataset_produces_2 to None, run_after=None
[2025-06-03T14:38:54.105-0300] {processor.py:183} INFO - Processing /home/walterg/Documentos/Data_projects/DW_AIRFLOW_DBT_PART_ONE/.venv/lib/python3.11/site-packages/airflow/example_dags/example_datasets.py took 0.309 seconds
[2025-06-03T14:39:45.411-0300] {processor.py:161} INFO - Started process (PID=72327) to work on /home/walterg/Documentos/Data_projects/DW_AIRFLOW_DBT_PART_ONE/.venv/lib/python3.11/site-packages/airflow/example_dags/example_datasets.py
[2025-06-03T14:39:45.416-0300] {processor.py:830} INFO - Processing file /home/walterg/Documentos/Data_projects/DW_AIRFLOW_DBT_PART_ONE/.venv/lib/python3.11/site-packages/airflow/example_dags/example_datasets.py for tasks to queue
[2025-06-03T14:39:45.417-0300] {logging_mixin.py:188} INFO - [2025-06-03T14:39:45.417-0300] {dagbag.py:540} INFO - Filling up the DagBag from /home/walterg/Documentos/Data_projects/DW_AIRFLOW_DBT_PART_ONE/.venv/lib/python3.11/site-packages/airflow/example_dags/example_datasets.py
[2025-06-03T14:39:45.425-0300] {processor.py:840} INFO - DAG(s) 'dataset_consumes_1', 'dataset_consumes_1_and_2', 'dataset_consumes_1_never_scheduled', 'dataset_consumes_unknown_never_scheduled', 'dataset_produces_2', 'dataset_produces_1' retrieved from /home/walterg/Documentos/Data_projects/DW_AIRFLOW_DBT_PART_ONE/.venv/lib/python3.11/site-packages/airflow/example_dags/example_datasets.py
[2025-06-03T14:39:45.446-0300] {logging_mixin.py:188} INFO - [2025-06-03T14:39:45.446-0300] {dag.py:3047} INFO - Sync 6 DAGs
[2025-06-03T14:39:45.460-0300] {logging_mixin.py:188} INFO - [2025-06-03T14:39:45.460-0300] {dag.py:3834} INFO - Setting next_dagrun for dataset_consumes_1 to None, run_after=None
[2025-06-03T14:39:45.462-0300] {logging_mixin.py:188} INFO - [2025-06-03T14:39:45.462-0300] {dag.py:3834} INFO - Setting next_dagrun for dataset_consumes_1_and_2 to None, run_after=None
[2025-06-03T14:39:45.463-0300] {logging_mixin.py:188} INFO - [2025-06-03T14:39:45.463-0300] {dag.py:3834} INFO - Setting next_dagrun for dataset_consumes_1_never_scheduled to None, run_after=None
[2025-06-03T14:39:45.463-0300] {logging_mixin.py:188} INFO - [2025-06-03T14:39:45.463-0300] {dag.py:3834} INFO - Setting next_dagrun for dataset_consumes_unknown_never_scheduled to None, run_after=None
[2025-06-03T14:39:45.465-0300] {logging_mixin.py:188} INFO - [2025-06-03T14:39:45.465-0300] {dag.py:3834} INFO - Setting next_dagrun for dataset_produces_1 to 2025-06-02 00:00:00+00:00, run_after=2025-06-03 00:00:00+00:00
[2025-06-03T14:39:45.466-0300] {logging_mixin.py:188} INFO - [2025-06-03T14:39:45.465-0300] {dag.py:3834} INFO - Setting next_dagrun for dataset_produces_2 to None, run_after=None
[2025-06-03T14:39:45.486-0300] {processor.py:183} INFO - Processing /home/walterg/Documentos/Data_projects/DW_AIRFLOW_DBT_PART_ONE/.venv/lib/python3.11/site-packages/airflow/example_dags/example_datasets.py took 0.077 seconds
[2025-06-03T14:40:33.668-0300] {processor.py:161} INFO - Started process (PID=72922) to work on /home/walterg/Documentos/Data_projects/DW_AIRFLOW_DBT_PART_ONE/.venv/lib/python3.11/site-packages/airflow/example_dags/example_datasets.py
[2025-06-03T14:40:33.673-0300] {processor.py:830} INFO - Processing file /home/walterg/Documentos/Data_projects/DW_AIRFLOW_DBT_PART_ONE/.venv/lib/python3.11/site-packages/airflow/example_dags/example_datasets.py for tasks to queue
[2025-06-03T14:40:33.674-0300] {logging_mixin.py:188} INFO - [2025-06-03T14:40:33.673-0300] {dagbag.py:540} INFO - Filling up the DagBag from /home/walterg/Documentos/Data_projects/DW_AIRFLOW_DBT_PART_ONE/.venv/lib/python3.11/site-packages/airflow/example_dags/example_datasets.py
[2025-06-03T14:40:33.681-0300] {processor.py:840} INFO - DAG(s) 'dataset_consumes_1_and_2', 'dataset_produces_1', 'dataset_consumes_1', 'dataset_consumes_unknown_never_scheduled', 'dataset_consumes_1_never_scheduled', 'dataset_produces_2' retrieved from /home/walterg/Documentos/Data_projects/DW_AIRFLOW_DBT_PART_ONE/.venv/lib/python3.11/site-packages/airflow/example_dags/example_datasets.py
[2025-06-03T14:40:33.701-0300] {logging_mixin.py:188} INFO - [2025-06-03T14:40:33.700-0300] {dag.py:3047} INFO - Sync 6 DAGs
[2025-06-03T14:40:33.714-0300] {logging_mixin.py:188} INFO - [2025-06-03T14:40:33.714-0300] {dag.py:3834} INFO - Setting next_dagrun for dataset_consumes_1 to None, run_after=None
[2025-06-03T14:40:33.716-0300] {logging_mixin.py:188} INFO - [2025-06-03T14:40:33.716-0300] {dag.py:3834} INFO - Setting next_dagrun for dataset_consumes_1_and_2 to None, run_after=None
[2025-06-03T14:40:33.717-0300] {logging_mixin.py:188} INFO - [2025-06-03T14:40:33.717-0300] {dag.py:3834} INFO - Setting next_dagrun for dataset_consumes_1_never_scheduled to None, run_after=None
[2025-06-03T14:40:33.717-0300] {logging_mixin.py:188} INFO - [2025-06-03T14:40:33.717-0300] {dag.py:3834} INFO - Setting next_dagrun for dataset_consumes_unknown_never_scheduled to None, run_after=None
[2025-06-03T14:40:33.719-0300] {logging_mixin.py:188} INFO - [2025-06-03T14:40:33.719-0300] {dag.py:3834} INFO - Setting next_dagrun for dataset_produces_1 to 2025-06-02 00:00:00+00:00, run_after=2025-06-03 00:00:00+00:00
[2025-06-03T14:40:33.720-0300] {logging_mixin.py:188} INFO - [2025-06-03T14:40:33.720-0300] {dag.py:3834} INFO - Setting next_dagrun for dataset_produces_2 to None, run_after=None
[2025-06-03T14:40:33.738-0300] {processor.py:183} INFO - Processing /home/walterg/Documentos/Data_projects/DW_AIRFLOW_DBT_PART_ONE/.venv/lib/python3.11/site-packages/airflow/example_dags/example_datasets.py took 0.073 seconds
[2025-06-03T14:41:20.865-0300] {processor.py:161} INFO - Started process (PID=73543) to work on /home/walterg/Documentos/Data_projects/DW_AIRFLOW_DBT_PART_ONE/.venv/lib/python3.11/site-packages/airflow/example_dags/example_datasets.py
[2025-06-03T14:41:20.871-0300] {processor.py:830} INFO - Processing file /home/walterg/Documentos/Data_projects/DW_AIRFLOW_DBT_PART_ONE/.venv/lib/python3.11/site-packages/airflow/example_dags/example_datasets.py for tasks to queue
[2025-06-03T14:41:20.872-0300] {logging_mixin.py:188} INFO - [2025-06-03T14:41:20.871-0300] {dagbag.py:540} INFO - Filling up the DagBag from /home/walterg/Documentos/Data_projects/DW_AIRFLOW_DBT_PART_ONE/.venv/lib/python3.11/site-packages/airflow/example_dags/example_datasets.py
[2025-06-03T14:41:20.880-0300] {processor.py:840} INFO - DAG(s) 'dataset_consumes_1_and_2', 'dataset_consumes_1_never_scheduled', 'dataset_consumes_1', 'dataset_produces_1', 'dataset_consumes_unknown_never_scheduled', 'dataset_produces_2' retrieved from /home/walterg/Documentos/Data_projects/DW_AIRFLOW_DBT_PART_ONE/.venv/lib/python3.11/site-packages/airflow/example_dags/example_datasets.py
[2025-06-03T14:41:20.900-0300] {logging_mixin.py:188} INFO - [2025-06-03T14:41:20.900-0300] {dag.py:3047} INFO - Sync 6 DAGs
[2025-06-03T14:41:20.915-0300] {logging_mixin.py:188} INFO - [2025-06-03T14:41:20.915-0300] {dag.py:3834} INFO - Setting next_dagrun for dataset_consumes_1 to None, run_after=None
[2025-06-03T14:41:20.917-0300] {logging_mixin.py:188} INFO - [2025-06-03T14:41:20.917-0300] {dag.py:3834} INFO - Setting next_dagrun for dataset_consumes_1_and_2 to None, run_after=None
[2025-06-03T14:41:20.918-0300] {logging_mixin.py:188} INFO - [2025-06-03T14:41:20.918-0300] {dag.py:3834} INFO - Setting next_dagrun for dataset_consumes_1_never_scheduled to None, run_after=None
[2025-06-03T14:41:20.919-0300] {logging_mixin.py:188} INFO - [2025-06-03T14:41:20.918-0300] {dag.py:3834} INFO - Setting next_dagrun for dataset_consumes_unknown_never_scheduled to None, run_after=None
[2025-06-03T14:41:20.920-0300] {logging_mixin.py:188} INFO - [2025-06-03T14:41:20.920-0300] {dag.py:3834} INFO - Setting next_dagrun for dataset_produces_1 to 2025-06-02 00:00:00+00:00, run_after=2025-06-03 00:00:00+00:00
[2025-06-03T14:41:20.921-0300] {logging_mixin.py:188} INFO - [2025-06-03T14:41:20.921-0300] {dag.py:3834} INFO - Setting next_dagrun for dataset_produces_2 to None, run_after=None
[2025-06-03T14:41:20.941-0300] {processor.py:183} INFO - Processing /home/walterg/Documentos/Data_projects/DW_AIRFLOW_DBT_PART_ONE/.venv/lib/python3.11/site-packages/airflow/example_dags/example_datasets.py took 0.078 seconds
