[2025-06-03T14:38:31.307-0300] {processor.py:161} INFO - Started process (PID=71275) to work on /home/walterg/Documentos/Data_projects/DW_AIRFLOW_DBT_PART_ONE/.venv/lib/python3.11/site-packages/airflow/example_dags/example_xcom.py
[2025-06-03T14:38:31.308-0300] {processor.py:830} INFO - Processing file /home/walterg/Documentos/Data_projects/DW_AIRFLOW_DBT_PART_ONE/.venv/lib/python3.11/site-packages/airflow/example_dags/example_xcom.py for tasks to queue
[2025-06-03T14:38:31.309-0300] {logging_mixin.py:188} INFO - [2025-06-03T14:38:31.308-0300] {dagbag.py:540} INFO - Filling up the DagBag from /home/walterg/Documentos/Data_projects/DW_AIRFLOW_DBT_PART_ONE/.venv/lib/python3.11/site-packages/airflow/example_dags/example_xcom.py
[2025-06-03T14:38:31.317-0300] {processor.py:840} INFO - DAG(s) 'example_xcom' retrieved from /home/walterg/Documentos/Data_projects/DW_AIRFLOW_DBT_PART_ONE/.venv/lib/python3.11/site-packages/airflow/example_dags/example_xcom.py
[2025-06-03T14:38:31.390-0300] {logging_mixin.py:188} INFO - [2025-06-03T14:38:31.389-0300] {override.py:1769} INFO - Created Permission View: can edit on DAG:example_xcom
[2025-06-03T14:38:31.399-0300] {logging_mixin.py:188} INFO - [2025-06-03T14:38:31.399-0300] {override.py:1769} INFO - Created Permission View: can read on DAG:example_xcom
[2025-06-03T14:38:31.406-0300] {logging_mixin.py:188} INFO - [2025-06-03T14:38:31.406-0300] {override.py:1769} INFO - Created Permission View: can delete on DAG:example_xcom
[2025-06-03T14:38:31.406-0300] {logging_mixin.py:188} INFO - [2025-06-03T14:38:31.406-0300] {dag.py:3047} INFO - Sync 1 DAGs
[2025-06-03T14:38:31.413-0300] {logging_mixin.py:188} INFO - [2025-06-03T14:38:31.412-0300] {dag.py:3069} INFO - Creating ORM DAG for example_xcom
[2025-06-03T14:38:31.418-0300] {logging_mixin.py:188} INFO - [2025-06-03T14:38:31.418-0300] {dag.py:3834} INFO - Setting next_dagrun for example_xcom to 2021-01-01 00:00:00+00:00, run_after=2021-01-01 00:00:00+00:00
[2025-06-03T14:38:31.431-0300] {processor.py:183} INFO - Processing /home/walterg/Documentos/Data_projects/DW_AIRFLOW_DBT_PART_ONE/.venv/lib/python3.11/site-packages/airflow/example_dags/example_xcom.py took 0.127 seconds
[2025-06-03T14:39:18.187-0300] {processor.py:161} INFO - Started process (PID=71961) to work on /home/walterg/Documentos/Data_projects/DW_AIRFLOW_DBT_PART_ONE/.venv/lib/python3.11/site-packages/airflow/example_dags/example_xcom.py
[2025-06-03T14:39:18.194-0300] {processor.py:830} INFO - Processing file /home/walterg/Documentos/Data_projects/DW_AIRFLOW_DBT_PART_ONE/.venv/lib/python3.11/site-packages/airflow/example_dags/example_xcom.py for tasks to queue
[2025-06-03T14:39:18.195-0300] {logging_mixin.py:188} INFO - [2025-06-03T14:39:18.194-0300] {dagbag.py:540} INFO - Filling up the DagBag from /home/walterg/Documentos/Data_projects/DW_AIRFLOW_DBT_PART_ONE/.venv/lib/python3.11/site-packages/airflow/example_dags/example_xcom.py
[2025-06-03T14:39:18.201-0300] {processor.py:840} INFO - DAG(s) 'example_xcom' retrieved from /home/walterg/Documentos/Data_projects/DW_AIRFLOW_DBT_PART_ONE/.venv/lib/python3.11/site-packages/airflow/example_dags/example_xcom.py
[2025-06-03T14:39:18.214-0300] {logging_mixin.py:188} INFO - [2025-06-03T14:39:18.214-0300] {dag.py:3047} INFO - Sync 1 DAGs
[2025-06-03T14:39:18.226-0300] {logging_mixin.py:188} INFO - [2025-06-03T14:39:18.226-0300] {dag.py:3834} INFO - Setting next_dagrun for example_xcom to 2021-01-01 00:00:00+00:00, run_after=2021-01-01 00:00:00+00:00
[2025-06-03T14:39:18.241-0300] {processor.py:183} INFO - Processing /home/walterg/Documentos/Data_projects/DW_AIRFLOW_DBT_PART_ONE/.venv/lib/python3.11/site-packages/airflow/example_dags/example_xcom.py took 0.056 seconds
[2025-06-03T14:40:04.833-0300] {processor.py:161} INFO - Started process (PID=72584) to work on /home/walterg/Documentos/Data_projects/DW_AIRFLOW_DBT_PART_ONE/.venv/lib/python3.11/site-packages/airflow/example_dags/example_xcom.py
[2025-06-03T14:40:04.838-0300] {processor.py:830} INFO - Processing file /home/walterg/Documentos/Data_projects/DW_AIRFLOW_DBT_PART_ONE/.venv/lib/python3.11/site-packages/airflow/example_dags/example_xcom.py for tasks to queue
[2025-06-03T14:40:04.839-0300] {logging_mixin.py:188} INFO - [2025-06-03T14:40:04.839-0300] {dagbag.py:540} INFO - Filling up the DagBag from /home/walterg/Documentos/Data_projects/DW_AIRFLOW_DBT_PART_ONE/.venv/lib/python3.11/site-packages/airflow/example_dags/example_xcom.py
[2025-06-03T14:40:04.845-0300] {processor.py:840} INFO - DAG(s) 'example_xcom' retrieved from /home/walterg/Documentos/Data_projects/DW_AIRFLOW_DBT_PART_ONE/.venv/lib/python3.11/site-packages/airflow/example_dags/example_xcom.py
[2025-06-03T14:40:04.858-0300] {logging_mixin.py:188} INFO - [2025-06-03T14:40:04.857-0300] {dag.py:3047} INFO - Sync 1 DAGs
[2025-06-03T14:40:04.870-0300] {logging_mixin.py:188} INFO - [2025-06-03T14:40:04.870-0300] {dag.py:3834} INFO - Setting next_dagrun for example_xcom to 2021-01-01 00:00:00+00:00, run_after=2021-01-01 00:00:00+00:00
[2025-06-03T14:40:04.887-0300] {processor.py:183} INFO - Processing /home/walterg/Documentos/Data_projects/DW_AIRFLOW_DBT_PART_ONE/.venv/lib/python3.11/site-packages/airflow/example_dags/example_xcom.py took 0.056 seconds
[2025-06-03T14:40:51.048-0300] {processor.py:161} INFO - Started process (PID=73150) to work on /home/walterg/Documentos/Data_projects/DW_AIRFLOW_DBT_PART_ONE/.venv/lib/python3.11/site-packages/airflow/example_dags/example_xcom.py
[2025-06-03T14:40:51.049-0300] {processor.py:830} INFO - Processing file /home/walterg/Documentos/Data_projects/DW_AIRFLOW_DBT_PART_ONE/.venv/lib/python3.11/site-packages/airflow/example_dags/example_xcom.py for tasks to queue
[2025-06-03T14:40:51.049-0300] {logging_mixin.py:188} INFO - [2025-06-03T14:40:51.049-0300] {dagbag.py:540} INFO - Filling up the DagBag from /home/walterg/Documentos/Data_projects/DW_AIRFLOW_DBT_PART_ONE/.venv/lib/python3.11/site-packages/airflow/example_dags/example_xcom.py
[2025-06-03T14:40:51.056-0300] {processor.py:840} INFO - DAG(s) 'example_xcom' retrieved from /home/walterg/Documentos/Data_projects/DW_AIRFLOW_DBT_PART_ONE/.venv/lib/python3.11/site-packages/airflow/example_dags/example_xcom.py
[2025-06-03T14:40:51.068-0300] {logging_mixin.py:188} INFO - [2025-06-03T14:40:51.068-0300] {dag.py:3047} INFO - Sync 1 DAGs
[2025-06-03T14:40:51.080-0300] {logging_mixin.py:188} INFO - [2025-06-03T14:40:51.080-0300] {dag.py:3834} INFO - Setting next_dagrun for example_xcom to 2021-01-01 00:00:00+00:00, run_after=2021-01-01 00:00:00+00:00
[2025-06-03T14:40:51.098-0300] {processor.py:183} INFO - Processing /home/walterg/Documentos/Data_projects/DW_AIRFLOW_DBT_PART_ONE/.venv/lib/python3.11/site-packages/airflow/example_dags/example_xcom.py took 0.053 seconds
[2025-06-03T14:41:38.870-0300] {processor.py:161} INFO - Started process (PID=73764) to work on /home/walterg/Documentos/Data_projects/DW_AIRFLOW_DBT_PART_ONE/.venv/lib/python3.11/site-packages/airflow/example_dags/example_xcom.py
[2025-06-03T14:41:38.871-0300] {processor.py:830} INFO - Processing file /home/walterg/Documentos/Data_projects/DW_AIRFLOW_DBT_PART_ONE/.venv/lib/python3.11/site-packages/airflow/example_dags/example_xcom.py for tasks to queue
[2025-06-03T14:41:38.872-0300] {logging_mixin.py:188} INFO - [2025-06-03T14:41:38.871-0300] {dagbag.py:540} INFO - Filling up the DagBag from /home/walterg/Documentos/Data_projects/DW_AIRFLOW_DBT_PART_ONE/.venv/lib/python3.11/site-packages/airflow/example_dags/example_xcom.py
[2025-06-03T14:41:38.878-0300] {processor.py:840} INFO - DAG(s) 'example_xcom' retrieved from /home/walterg/Documentos/Data_projects/DW_AIRFLOW_DBT_PART_ONE/.venv/lib/python3.11/site-packages/airflow/example_dags/example_xcom.py
[2025-06-03T14:41:38.891-0300] {logging_mixin.py:188} INFO - [2025-06-03T14:41:38.891-0300] {dag.py:3047} INFO - Sync 1 DAGs
[2025-06-03T14:41:38.904-0300] {logging_mixin.py:188} INFO - [2025-06-03T14:41:38.904-0300] {dag.py:3834} INFO - Setting next_dagrun for example_xcom to 2021-01-01 00:00:00+00:00, run_after=2021-01-01 00:00:00+00:00
[2025-06-03T14:41:38.920-0300] {processor.py:183} INFO - Processing /home/walterg/Documentos/Data_projects/DW_AIRFLOW_DBT_PART_ONE/.venv/lib/python3.11/site-packages/airflow/example_dags/example_xcom.py took 0.053 seconds
