[2025-06-03T14:38:21.306-0300] {processor.py:161} INFO - Started process (PID=71126) to work on /home/walterg/Documentos/Data_projects/DW_AIRFLOW_DBT_PART_ONE/.venv/lib/python3.11/site-packages/airflow/example_dags/example_time_delta_sensor_async.py
[2025-06-03T14:38:21.307-0300] {processor.py:830} INFO - Processing file /home/walterg/Documentos/Data_projects/DW_AIRFLOW_DBT_PART_ONE/.venv/lib/python3.11/site-packages/airflow/example_dags/example_time_delta_sensor_async.py for tasks to queue
[2025-06-03T14:38:21.308-0300] {logging_mixin.py:188} INFO - [2025-06-03T14:38:21.307-0300] {dagbag.py:540} INFO - Filling up the DagBag from /home/walterg/Documentos/Data_projects/DW_AIRFLOW_DBT_PART_ONE/.venv/lib/python3.11/site-packages/airflow/example_dags/example_time_delta_sensor_async.py
[2025-06-03T14:38:21.314-0300] {processor.py:840} INFO - DAG(s) 'example_time_delta_sensor_async' retrieved from /home/walterg/Documentos/Data_projects/DW_AIRFLOW_DBT_PART_ONE/.venv/lib/python3.11/site-packages/airflow/example_dags/example_time_delta_sensor_async.py
[2025-06-03T14:38:21.397-0300] {logging_mixin.py:188} INFO - [2025-06-03T14:38:21.397-0300] {override.py:1769} INFO - Created Permission View: can edit on DAG:example_time_delta_sensor_async
[2025-06-03T14:38:21.410-0300] {logging_mixin.py:188} INFO - [2025-06-03T14:38:21.410-0300] {override.py:1769} INFO - Created Permission View: can read on DAG:example_time_delta_sensor_async
[2025-06-03T14:38:21.426-0300] {logging_mixin.py:188} INFO - [2025-06-03T14:38:21.426-0300] {override.py:1769} INFO - Created Permission View: can delete on DAG:example_time_delta_sensor_async
[2025-06-03T14:38:21.426-0300] {logging_mixin.py:188} INFO - [2025-06-03T14:38:21.426-0300] {dag.py:3047} INFO - Sync 1 DAGs
[2025-06-03T14:38:21.434-0300] {logging_mixin.py:188} INFO - [2025-06-03T14:38:21.433-0300] {dag.py:3069} INFO - Creating ORM DAG for example_time_delta_sensor_async
[2025-06-03T14:38:21.434-0300] {logging_mixin.py:188} INFO - [2025-06-03T14:38:21.434-0300] {dag.py:3834} INFO - Setting next_dagrun for example_time_delta_sensor_async to None, run_after=None
[2025-06-03T14:38:21.448-0300] {processor.py:183} INFO - Processing /home/walterg/Documentos/Data_projects/DW_AIRFLOW_DBT_PART_ONE/.venv/lib/python3.11/site-packages/airflow/example_dags/example_time_delta_sensor_async.py took 0.145 seconds
[2025-06-03T14:39:10.553-0300] {processor.py:161} INFO - Started process (PID=71819) to work on /home/walterg/Documentos/Data_projects/DW_AIRFLOW_DBT_PART_ONE/.venv/lib/python3.11/site-packages/airflow/example_dags/example_time_delta_sensor_async.py
[2025-06-03T14:39:10.558-0300] {processor.py:830} INFO - Processing file /home/walterg/Documentos/Data_projects/DW_AIRFLOW_DBT_PART_ONE/.venv/lib/python3.11/site-packages/airflow/example_dags/example_time_delta_sensor_async.py for tasks to queue
[2025-06-03T14:39:10.559-0300] {logging_mixin.py:188} INFO - [2025-06-03T14:39:10.559-0300] {dagbag.py:540} INFO - Filling up the DagBag from /home/walterg/Documentos/Data_projects/DW_AIRFLOW_DBT_PART_ONE/.venv/lib/python3.11/site-packages/airflow/example_dags/example_time_delta_sensor_async.py
[2025-06-03T14:39:10.563-0300] {processor.py:840} INFO - DAG(s) 'example_time_delta_sensor_async' retrieved from /home/walterg/Documentos/Data_projects/DW_AIRFLOW_DBT_PART_ONE/.venv/lib/python3.11/site-packages/airflow/example_dags/example_time_delta_sensor_async.py
[2025-06-03T14:39:10.576-0300] {logging_mixin.py:188} INFO - [2025-06-03T14:39:10.576-0300] {dag.py:3047} INFO - Sync 1 DAGs
[2025-06-03T14:39:10.586-0300] {logging_mixin.py:188} INFO - [2025-06-03T14:39:10.586-0300] {dag.py:3834} INFO - Setting next_dagrun for example_time_delta_sensor_async to None, run_after=None
[2025-06-03T14:39:10.603-0300] {processor.py:183} INFO - Processing /home/walterg/Documentos/Data_projects/DW_AIRFLOW_DBT_PART_ONE/.venv/lib/python3.11/site-packages/airflow/example_dags/example_time_delta_sensor_async.py took 0.053 seconds
[2025-06-03T14:39:56.823-0300] {processor.py:161} INFO - Started process (PID=72489) to work on /home/walterg/Documentos/Data_projects/DW_AIRFLOW_DBT_PART_ONE/.venv/lib/python3.11/site-packages/airflow/example_dags/example_time_delta_sensor_async.py
[2025-06-03T14:39:56.824-0300] {processor.py:830} INFO - Processing file /home/walterg/Documentos/Data_projects/DW_AIRFLOW_DBT_PART_ONE/.venv/lib/python3.11/site-packages/airflow/example_dags/example_time_delta_sensor_async.py for tasks to queue
[2025-06-03T14:39:56.825-0300] {logging_mixin.py:188} INFO - [2025-06-03T14:39:56.825-0300] {dagbag.py:540} INFO - Filling up the DagBag from /home/walterg/Documentos/Data_projects/DW_AIRFLOW_DBT_PART_ONE/.venv/lib/python3.11/site-packages/airflow/example_dags/example_time_delta_sensor_async.py
[2025-06-03T14:39:56.829-0300] {processor.py:840} INFO - DAG(s) 'example_time_delta_sensor_async' retrieved from /home/walterg/Documentos/Data_projects/DW_AIRFLOW_DBT_PART_ONE/.venv/lib/python3.11/site-packages/airflow/example_dags/example_time_delta_sensor_async.py
[2025-06-03T14:39:56.841-0300] {logging_mixin.py:188} INFO - [2025-06-03T14:39:56.841-0300] {dag.py:3047} INFO - Sync 1 DAGs
[2025-06-03T14:39:56.850-0300] {logging_mixin.py:188} INFO - [2025-06-03T14:39:56.849-0300] {dag.py:3834} INFO - Setting next_dagrun for example_time_delta_sensor_async to None, run_after=None
[2025-06-03T14:39:56.865-0300] {processor.py:183} INFO - Processing /home/walterg/Documentos/Data_projects/DW_AIRFLOW_DBT_PART_ONE/.venv/lib/python3.11/site-packages/airflow/example_dags/example_time_delta_sensor_async.py took 0.044 seconds
[2025-06-03T14:40:30.193-0300] {processor.py:161} INFO - Started process (PID=72892) to work on /home/walterg/Documentos/Data_projects/DW_AIRFLOW_DBT_PART_ONE/.venv/lib/python3.11/site-packages/airflow/example_dags/example_time_delta_sensor_async.py
[2025-06-03T14:40:30.198-0300] {processor.py:830} INFO - Processing file /home/walterg/Documentos/Data_projects/DW_AIRFLOW_DBT_PART_ONE/.venv/lib/python3.11/site-packages/airflow/example_dags/example_time_delta_sensor_async.py for tasks to queue
[2025-06-03T14:40:30.199-0300] {logging_mixin.py:188} INFO - [2025-06-03T14:40:30.199-0300] {dagbag.py:540} INFO - Filling up the DagBag from /home/walterg/Documentos/Data_projects/DW_AIRFLOW_DBT_PART_ONE/.venv/lib/python3.11/site-packages/airflow/example_dags/example_time_delta_sensor_async.py
[2025-06-03T14:40:30.203-0300] {processor.py:840} INFO - DAG(s) 'example_time_delta_sensor_async' retrieved from /home/walterg/Documentos/Data_projects/DW_AIRFLOW_DBT_PART_ONE/.venv/lib/python3.11/site-packages/airflow/example_dags/example_time_delta_sensor_async.py
[2025-06-03T14:40:30.216-0300] {logging_mixin.py:188} INFO - [2025-06-03T14:40:30.215-0300] {dag.py:3047} INFO - Sync 1 DAGs
[2025-06-03T14:40:30.223-0300] {logging_mixin.py:188} INFO - [2025-06-03T14:40:30.223-0300] {dag.py:3834} INFO - Setting next_dagrun for example_time_delta_sensor_async to None, run_after=None
[2025-06-03T14:40:30.238-0300] {processor.py:183} INFO - Processing /home/walterg/Documentos/Data_projects/DW_AIRFLOW_DBT_PART_ONE/.venv/lib/python3.11/site-packages/airflow/example_dags/example_time_delta_sensor_async.py took 0.048 seconds
[2025-06-03T14:41:02.806-0300] {processor.py:161} INFO - Started process (PID=73299) to work on /home/walterg/Documentos/Data_projects/DW_AIRFLOW_DBT_PART_ONE/.venv/lib/python3.11/site-packages/airflow/example_dags/example_time_delta_sensor_async.py
[2025-06-03T14:41:02.809-0300] {processor.py:830} INFO - Processing file /home/walterg/Documentos/Data_projects/DW_AIRFLOW_DBT_PART_ONE/.venv/lib/python3.11/site-packages/airflow/example_dags/example_time_delta_sensor_async.py for tasks to queue
[2025-06-03T14:41:02.810-0300] {logging_mixin.py:188} INFO - [2025-06-03T14:41:02.809-0300] {dagbag.py:540} INFO - Filling up the DagBag from /home/walterg/Documentos/Data_projects/DW_AIRFLOW_DBT_PART_ONE/.venv/lib/python3.11/site-packages/airflow/example_dags/example_time_delta_sensor_async.py
[2025-06-03T14:41:02.814-0300] {processor.py:840} INFO - DAG(s) 'example_time_delta_sensor_async' retrieved from /home/walterg/Documentos/Data_projects/DW_AIRFLOW_DBT_PART_ONE/.venv/lib/python3.11/site-packages/airflow/example_dags/example_time_delta_sensor_async.py
[2025-06-03T14:41:02.827-0300] {logging_mixin.py:188} INFO - [2025-06-03T14:41:02.827-0300] {dag.py:3047} INFO - Sync 1 DAGs
[2025-06-03T14:41:02.835-0300] {logging_mixin.py:188} INFO - [2025-06-03T14:41:02.834-0300] {dag.py:3834} INFO - Setting next_dagrun for example_time_delta_sensor_async to None, run_after=None
[2025-06-03T14:41:02.850-0300] {processor.py:183} INFO - Processing /home/walterg/Documentos/Data_projects/DW_AIRFLOW_DBT_PART_ONE/.venv/lib/python3.11/site-packages/airflow/example_dags/example_time_delta_sensor_async.py took 0.046 seconds
