[2025-06-03T14:38:38.272-0300] {processor.py:161} INFO - Started process (PID=71352) to work on /home/walterg/Documentos/Data_projects/DW_AIRFLOW_DBT_PART_ONE/.venv/lib/python3.11/site-packages/airflow/example_dags/example_sensors.py
[2025-06-03T14:38:38.273-0300] {processor.py:830} INFO - Processing file /home/walterg/Documentos/Data_projects/DW_AIRFLOW_DBT_PART_ONE/.venv/lib/python3.11/site-packages/airflow/example_dags/example_sensors.py for tasks to queue
[2025-06-03T14:38:38.274-0300] {logging_mixin.py:188} INFO - [2025-06-03T14:38:38.273-0300] {dagbag.py:540} INFO - Filling up the DagBag from /home/walterg/Documentos/Data_projects/DW_AIRFLOW_DBT_PART_ONE/.venv/lib/python3.11/site-packages/airflow/example_dags/example_sensors.py
[2025-06-03T14:38:38.282-0300] {processor.py:840} INFO - DAG(s) 'example_sensors' retrieved from /home/walterg/Documentos/Data_projects/DW_AIRFLOW_DBT_PART_ONE/.venv/lib/python3.11/site-packages/airflow/example_dags/example_sensors.py
[2025-06-03T14:38:38.358-0300] {logging_mixin.py:188} INFO - [2025-06-03T14:38:38.358-0300] {override.py:1769} INFO - Created Permission View: can edit on DAG:example_sensors
[2025-06-03T14:38:38.368-0300] {logging_mixin.py:188} INFO - [2025-06-03T14:38:38.368-0300] {override.py:1769} INFO - Created Permission View: can read on DAG:example_sensors
[2025-06-03T14:38:38.376-0300] {logging_mixin.py:188} INFO - [2025-06-03T14:38:38.376-0300] {override.py:1769} INFO - Created Permission View: can delete on DAG:example_sensors
[2025-06-03T14:38:38.377-0300] {logging_mixin.py:188} INFO - [2025-06-03T14:38:38.377-0300] {dag.py:3047} INFO - Sync 1 DAGs
[2025-06-03T14:38:38.383-0300] {logging_mixin.py:188} INFO - [2025-06-03T14:38:38.383-0300] {dag.py:3069} INFO - Creating ORM DAG for example_sensors
[2025-06-03T14:38:38.384-0300] {logging_mixin.py:188} INFO - [2025-06-03T14:38:38.384-0300] {dag.py:3834} INFO - Setting next_dagrun for example_sensors to None, run_after=None
[2025-06-03T14:38:38.399-0300] {processor.py:183} INFO - Processing /home/walterg/Documentos/Data_projects/DW_AIRFLOW_DBT_PART_ONE/.venv/lib/python3.11/site-packages/airflow/example_dags/example_sensors.py took 0.129 seconds
[2025-06-03T14:39:24.843-0300] {processor.py:161} INFO - Started process (PID=72087) to work on /home/walterg/Documentos/Data_projects/DW_AIRFLOW_DBT_PART_ONE/.venv/lib/python3.11/site-packages/airflow/example_dags/example_sensors.py
[2025-06-03T14:39:24.849-0300] {processor.py:830} INFO - Processing file /home/walterg/Documentos/Data_projects/DW_AIRFLOW_DBT_PART_ONE/.venv/lib/python3.11/site-packages/airflow/example_dags/example_sensors.py for tasks to queue
[2025-06-03T14:39:24.850-0300] {logging_mixin.py:188} INFO - [2025-06-03T14:39:24.849-0300] {dagbag.py:540} INFO - Filling up the DagBag from /home/walterg/Documentos/Data_projects/DW_AIRFLOW_DBT_PART_ONE/.venv/lib/python3.11/site-packages/airflow/example_dags/example_sensors.py
[2025-06-03T14:39:24.859-0300] {processor.py:840} INFO - DAG(s) 'example_sensors' retrieved from /home/walterg/Documentos/Data_projects/DW_AIRFLOW_DBT_PART_ONE/.venv/lib/python3.11/site-packages/airflow/example_dags/example_sensors.py
[2025-06-03T14:39:24.876-0300] {logging_mixin.py:188} INFO - [2025-06-03T14:39:24.876-0300] {dag.py:3047} INFO - Sync 1 DAGs
[2025-06-03T14:39:24.891-0300] {logging_mixin.py:188} INFO - [2025-06-03T14:39:24.890-0300] {dag.py:3834} INFO - Setting next_dagrun for example_sensors to None, run_after=None
[2025-06-03T14:39:24.915-0300] {processor.py:183} INFO - Processing /home/walterg/Documentos/Data_projects/DW_AIRFLOW_DBT_PART_ONE/.venv/lib/python3.11/site-packages/airflow/example_dags/example_sensors.py took 0.074 seconds
[2025-06-03T14:40:12.194-0300] {processor.py:161} INFO - Started process (PID=72679) to work on /home/walterg/Documentos/Data_projects/DW_AIRFLOW_DBT_PART_ONE/.venv/lib/python3.11/site-packages/airflow/example_dags/example_sensors.py
[2025-06-03T14:40:12.195-0300] {processor.py:830} INFO - Processing file /home/walterg/Documentos/Data_projects/DW_AIRFLOW_DBT_PART_ONE/.venv/lib/python3.11/site-packages/airflow/example_dags/example_sensors.py for tasks to queue
[2025-06-03T14:40:12.196-0300] {logging_mixin.py:188} INFO - [2025-06-03T14:40:12.195-0300] {dagbag.py:540} INFO - Filling up the DagBag from /home/walterg/Documentos/Data_projects/DW_AIRFLOW_DBT_PART_ONE/.venv/lib/python3.11/site-packages/airflow/example_dags/example_sensors.py
[2025-06-03T14:40:12.203-0300] {processor.py:840} INFO - DAG(s) 'example_sensors' retrieved from /home/walterg/Documentos/Data_projects/DW_AIRFLOW_DBT_PART_ONE/.venv/lib/python3.11/site-packages/airflow/example_dags/example_sensors.py
[2025-06-03T14:40:12.218-0300] {logging_mixin.py:188} INFO - [2025-06-03T14:40:12.218-0300] {dag.py:3047} INFO - Sync 1 DAGs
[2025-06-03T14:40:12.226-0300] {logging_mixin.py:188} INFO - [2025-06-03T14:40:12.226-0300] {dag.py:3834} INFO - Setting next_dagrun for example_sensors to None, run_after=None
[2025-06-03T14:40:12.243-0300] {processor.py:183} INFO - Processing /home/walterg/Documentos/Data_projects/DW_AIRFLOW_DBT_PART_ONE/.venv/lib/python3.11/site-packages/airflow/example_dags/example_sensors.py took 0.052 seconds
[2025-06-03T14:40:58.328-0300] {processor.py:161} INFO - Started process (PID=73241) to work on /home/walterg/Documentos/Data_projects/DW_AIRFLOW_DBT_PART_ONE/.venv/lib/python3.11/site-packages/airflow/example_dags/example_sensors.py
[2025-06-03T14:40:58.333-0300] {processor.py:830} INFO - Processing file /home/walterg/Documentos/Data_projects/DW_AIRFLOW_DBT_PART_ONE/.venv/lib/python3.11/site-packages/airflow/example_dags/example_sensors.py for tasks to queue
[2025-06-03T14:40:58.334-0300] {logging_mixin.py:188} INFO - [2025-06-03T14:40:58.334-0300] {dagbag.py:540} INFO - Filling up the DagBag from /home/walterg/Documentos/Data_projects/DW_AIRFLOW_DBT_PART_ONE/.venv/lib/python3.11/site-packages/airflow/example_dags/example_sensors.py
[2025-06-03T14:40:58.342-0300] {processor.py:840} INFO - DAG(s) 'example_sensors' retrieved from /home/walterg/Documentos/Data_projects/DW_AIRFLOW_DBT_PART_ONE/.venv/lib/python3.11/site-packages/airflow/example_dags/example_sensors.py
[2025-06-03T14:40:58.356-0300] {logging_mixin.py:188} INFO - [2025-06-03T14:40:58.356-0300] {dag.py:3047} INFO - Sync 1 DAGs
[2025-06-03T14:40:58.363-0300] {logging_mixin.py:188} INFO - [2025-06-03T14:40:58.363-0300] {dag.py:3834} INFO - Setting next_dagrun for example_sensors to None, run_after=None
[2025-06-03T14:40:58.379-0300] {processor.py:183} INFO - Processing /home/walterg/Documentos/Data_projects/DW_AIRFLOW_DBT_PART_ONE/.venv/lib/python3.11/site-packages/airflow/example_dags/example_sensors.py took 0.054 seconds
