[2025-06-03T14:38:30.254-0300] {processor.py:161} INFO - Started process (PID=71253) to work on /home/walterg/Documentos/Data_projects/DW_AIRFLOW_DBT_PART_ONE/.venv/lib/python3.11/site-packages/airflow/example_dags/example_task_group_decorator.py
[2025-06-03T14:38:30.255-0300] {processor.py:830} INFO - Processing file /home/walterg/Documentos/Data_projects/DW_AIRFLOW_DBT_PART_ONE/.venv/lib/python3.11/site-packages/airflow/example_dags/example_task_group_decorator.py for tasks to queue
[2025-06-03T14:38:30.255-0300] {logging_mixin.py:188} INFO - [2025-06-03T14:38:30.255-0300] {dagbag.py:540} INFO - Filling up the DagBag from /home/walterg/Documentos/Data_projects/DW_AIRFLOW_DBT_PART_ONE/.venv/lib/python3.11/site-packages/airflow/example_dags/example_task_group_decorator.py
[2025-06-03T14:38:30.268-0300] {processor.py:840} INFO - DAG(s) 'example_task_group_decorator' retrieved from /home/walterg/Documentos/Data_projects/DW_AIRFLOW_DBT_PART_ONE/.venv/lib/python3.11/site-packages/airflow/example_dags/example_task_group_decorator.py
[2025-06-03T14:38:30.341-0300] {logging_mixin.py:188} INFO - [2025-06-03T14:38:30.341-0300] {override.py:1769} INFO - Created Permission View: can edit on DAG:example_task_group_decorator
[2025-06-03T14:38:30.351-0300] {logging_mixin.py:188} INFO - [2025-06-03T14:38:30.350-0300] {override.py:1769} INFO - Created Permission View: can read on DAG:example_task_group_decorator
[2025-06-03T14:38:30.358-0300] {logging_mixin.py:188} INFO - [2025-06-03T14:38:30.358-0300] {override.py:1769} INFO - Created Permission View: can delete on DAG:example_task_group_decorator
[2025-06-03T14:38:30.359-0300] {logging_mixin.py:188} INFO - [2025-06-03T14:38:30.359-0300] {dag.py:3047} INFO - Sync 1 DAGs
[2025-06-03T14:38:30.365-0300] {logging_mixin.py:188} INFO - [2025-06-03T14:38:30.365-0300] {dag.py:3069} INFO - Creating ORM DAG for example_task_group_decorator
[2025-06-03T14:38:30.371-0300] {logging_mixin.py:188} INFO - [2025-06-03T14:38:30.371-0300] {dag.py:3834} INFO - Setting next_dagrun for example_task_group_decorator to 2025-06-02 00:00:00+00:00, run_after=2025-06-03 00:00:00+00:00
[2025-06-03T14:38:30.386-0300] {processor.py:183} INFO - Processing /home/walterg/Documentos/Data_projects/DW_AIRFLOW_DBT_PART_ONE/.venv/lib/python3.11/site-packages/airflow/example_dags/example_task_group_decorator.py took 0.135 seconds
[2025-06-03T14:39:17.052-0300] {processor.py:161} INFO - Started process (PID=71949) to work on /home/walterg/Documentos/Data_projects/DW_AIRFLOW_DBT_PART_ONE/.venv/lib/python3.11/site-packages/airflow/example_dags/example_task_group_decorator.py
[2025-06-03T14:39:17.054-0300] {processor.py:830} INFO - Processing file /home/walterg/Documentos/Data_projects/DW_AIRFLOW_DBT_PART_ONE/.venv/lib/python3.11/site-packages/airflow/example_dags/example_task_group_decorator.py for tasks to queue
[2025-06-03T14:39:17.054-0300] {logging_mixin.py:188} INFO - [2025-06-03T14:39:17.054-0300] {dagbag.py:540} INFO - Filling up the DagBag from /home/walterg/Documentos/Data_projects/DW_AIRFLOW_DBT_PART_ONE/.venv/lib/python3.11/site-packages/airflow/example_dags/example_task_group_decorator.py
[2025-06-03T14:39:17.065-0300] {processor.py:840} INFO - DAG(s) 'example_task_group_decorator' retrieved from /home/walterg/Documentos/Data_projects/DW_AIRFLOW_DBT_PART_ONE/.venv/lib/python3.11/site-packages/airflow/example_dags/example_task_group_decorator.py
[2025-06-03T14:39:17.079-0300] {logging_mixin.py:188} INFO - [2025-06-03T14:39:17.079-0300] {dag.py:3047} INFO - Sync 1 DAGs
[2025-06-03T14:39:17.092-0300] {logging_mixin.py:188} INFO - [2025-06-03T14:39:17.091-0300] {dag.py:3834} INFO - Setting next_dagrun for example_task_group_decorator to 2025-06-02 00:00:00+00:00, run_after=2025-06-03 00:00:00+00:00
[2025-06-03T14:39:17.106-0300] {processor.py:183} INFO - Processing /home/walterg/Documentos/Data_projects/DW_AIRFLOW_DBT_PART_ONE/.venv/lib/python3.11/site-packages/airflow/example_dags/example_task_group_decorator.py took 0.056 seconds
[2025-06-03T14:40:04.527-0300] {processor.py:161} INFO - Started process (PID=72583) to work on /home/walterg/Documentos/Data_projects/DW_AIRFLOW_DBT_PART_ONE/.venv/lib/python3.11/site-packages/airflow/example_dags/example_task_group_decorator.py
[2025-06-03T14:40:04.532-0300] {processor.py:830} INFO - Processing file /home/walterg/Documentos/Data_projects/DW_AIRFLOW_DBT_PART_ONE/.venv/lib/python3.11/site-packages/airflow/example_dags/example_task_group_decorator.py for tasks to queue
[2025-06-03T14:40:04.533-0300] {logging_mixin.py:188} INFO - [2025-06-03T14:40:04.533-0300] {dagbag.py:540} INFO - Filling up the DagBag from /home/walterg/Documentos/Data_projects/DW_AIRFLOW_DBT_PART_ONE/.venv/lib/python3.11/site-packages/airflow/example_dags/example_task_group_decorator.py
[2025-06-03T14:40:04.545-0300] {processor.py:840} INFO - DAG(s) 'example_task_group_decorator' retrieved from /home/walterg/Documentos/Data_projects/DW_AIRFLOW_DBT_PART_ONE/.venv/lib/python3.11/site-packages/airflow/example_dags/example_task_group_decorator.py
[2025-06-03T14:40:04.558-0300] {logging_mixin.py:188} INFO - [2025-06-03T14:40:04.558-0300] {dag.py:3047} INFO - Sync 1 DAGs
[2025-06-03T14:40:04.571-0300] {logging_mixin.py:188} INFO - [2025-06-03T14:40:04.571-0300] {dag.py:3834} INFO - Setting next_dagrun for example_task_group_decorator to 2025-06-02 00:00:00+00:00, run_after=2025-06-03 00:00:00+00:00
[2025-06-03T14:40:04.588-0300] {processor.py:183} INFO - Processing /home/walterg/Documentos/Data_projects/DW_AIRFLOW_DBT_PART_ONE/.venv/lib/python3.11/site-packages/airflow/example_dags/example_task_group_decorator.py took 0.064 seconds
[2025-06-03T14:40:50.459-0300] {processor.py:161} INFO - Started process (PID=73149) to work on /home/walterg/Documentos/Data_projects/DW_AIRFLOW_DBT_PART_ONE/.venv/lib/python3.11/site-packages/airflow/example_dags/example_task_group_decorator.py
[2025-06-03T14:40:50.460-0300] {processor.py:830} INFO - Processing file /home/walterg/Documentos/Data_projects/DW_AIRFLOW_DBT_PART_ONE/.venv/lib/python3.11/site-packages/airflow/example_dags/example_task_group_decorator.py for tasks to queue
[2025-06-03T14:40:50.461-0300] {logging_mixin.py:188} INFO - [2025-06-03T14:40:50.460-0300] {dagbag.py:540} INFO - Filling up the DagBag from /home/walterg/Documentos/Data_projects/DW_AIRFLOW_DBT_PART_ONE/.venv/lib/python3.11/site-packages/airflow/example_dags/example_task_group_decorator.py
[2025-06-03T14:40:50.472-0300] {processor.py:840} INFO - DAG(s) 'example_task_group_decorator' retrieved from /home/walterg/Documentos/Data_projects/DW_AIRFLOW_DBT_PART_ONE/.venv/lib/python3.11/site-packages/airflow/example_dags/example_task_group_decorator.py
[2025-06-03T14:40:50.485-0300] {logging_mixin.py:188} INFO - [2025-06-03T14:40:50.485-0300] {dag.py:3047} INFO - Sync 1 DAGs
[2025-06-03T14:40:50.498-0300] {logging_mixin.py:188} INFO - [2025-06-03T14:40:50.498-0300] {dag.py:3834} INFO - Setting next_dagrun for example_task_group_decorator to 2025-06-02 00:00:00+00:00, run_after=2025-06-03 00:00:00+00:00
[2025-06-03T14:40:50.513-0300] {processor.py:183} INFO - Processing /home/walterg/Documentos/Data_projects/DW_AIRFLOW_DBT_PART_ONE/.venv/lib/python3.11/site-packages/airflow/example_dags/example_task_group_decorator.py took 0.056 seconds
[2025-06-03T14:41:38.562-0300] {processor.py:161} INFO - Started process (PID=73763) to work on /home/walterg/Documentos/Data_projects/DW_AIRFLOW_DBT_PART_ONE/.venv/lib/python3.11/site-packages/airflow/example_dags/example_task_group_decorator.py
[2025-06-03T14:41:38.567-0300] {processor.py:830} INFO - Processing file /home/walterg/Documentos/Data_projects/DW_AIRFLOW_DBT_PART_ONE/.venv/lib/python3.11/site-packages/airflow/example_dags/example_task_group_decorator.py for tasks to queue
[2025-06-03T14:41:38.568-0300] {logging_mixin.py:188} INFO - [2025-06-03T14:41:38.568-0300] {dagbag.py:540} INFO - Filling up the DagBag from /home/walterg/Documentos/Data_projects/DW_AIRFLOW_DBT_PART_ONE/.venv/lib/python3.11/site-packages/airflow/example_dags/example_task_group_decorator.py
[2025-06-03T14:41:38.581-0300] {processor.py:840} INFO - DAG(s) 'example_task_group_decorator' retrieved from /home/walterg/Documentos/Data_projects/DW_AIRFLOW_DBT_PART_ONE/.venv/lib/python3.11/site-packages/airflow/example_dags/example_task_group_decorator.py
[2025-06-03T14:41:38.596-0300] {logging_mixin.py:188} INFO - [2025-06-03T14:41:38.596-0300] {dag.py:3047} INFO - Sync 1 DAGs
[2025-06-03T14:41:38.609-0300] {logging_mixin.py:188} INFO - [2025-06-03T14:41:38.609-0300] {dag.py:3834} INFO - Setting next_dagrun for example_task_group_decorator to 2025-06-02 00:00:00+00:00, run_after=2025-06-03 00:00:00+00:00
[2025-06-03T14:41:38.626-0300] {processor.py:183} INFO - Processing /home/walterg/Documentos/Data_projects/DW_AIRFLOW_DBT_PART_ONE/.venv/lib/python3.11/site-packages/airflow/example_dags/example_task_group_decorator.py took 0.067 seconds
