[2025-06-03T14:38:43.512-0300] {processor.py:161} INFO - Started process (PID=71423) to work on /home/walterg/Documentos/Data_projects/DW_AIRFLOW_DBT_PART_ONE/.venv/lib/python3.11/site-packages/airflow/example_dags/example_nested_branch_dag.py
[2025-06-03T14:38:43.513-0300] {processor.py:830} INFO - Processing file /home/walterg/Documentos/Data_projects/DW_AIRFLOW_DBT_PART_ONE/.venv/lib/python3.11/site-packages/airflow/example_dags/example_nested_branch_dag.py for tasks to queue
[2025-06-03T14:38:43.514-0300] {logging_mixin.py:188} INFO - [2025-06-03T14:38:43.513-0300] {dagbag.py:540} INFO - Filling up the DagBag from /home/walterg/Documentos/Data_projects/DW_AIRFLOW_DBT_PART_ONE/.venv/lib/python3.11/site-packages/airflow/example_dags/example_nested_branch_dag.py
[2025-06-03T14:38:43.522-0300] {processor.py:840} INFO - DAG(s) 'example_nested_branch_dag' retrieved from /home/walterg/Documentos/Data_projects/DW_AIRFLOW_DBT_PART_ONE/.venv/lib/python3.11/site-packages/airflow/example_dags/example_nested_branch_dag.py
[2025-06-03T14:38:43.601-0300] {logging_mixin.py:188} INFO - [2025-06-03T14:38:43.600-0300] {override.py:1769} INFO - Created Permission View: can edit on DAG:example_nested_branch_dag
[2025-06-03T14:38:43.611-0300] {logging_mixin.py:188} INFO - [2025-06-03T14:38:43.610-0300] {override.py:1769} INFO - Created Permission View: can read on DAG:example_nested_branch_dag
[2025-06-03T14:38:43.619-0300] {logging_mixin.py:188} INFO - [2025-06-03T14:38:43.619-0300] {override.py:1769} INFO - Created Permission View: can delete on DAG:example_nested_branch_dag
[2025-06-03T14:38:43.620-0300] {logging_mixin.py:188} INFO - [2025-06-03T14:38:43.620-0300] {dag.py:3047} INFO - Sync 1 DAGs
[2025-06-03T14:38:43.626-0300] {logging_mixin.py:188} INFO - [2025-06-03T14:38:43.626-0300] {dag.py:3069} INFO - Creating ORM DAG for example_nested_branch_dag
[2025-06-03T14:38:43.632-0300] {logging_mixin.py:188} INFO - [2025-06-03T14:38:43.632-0300] {dag.py:3834} INFO - Setting next_dagrun for example_nested_branch_dag to 2025-06-02 00:00:00+00:00, run_after=2025-06-03 00:00:00+00:00
[2025-06-03T14:38:43.648-0300] {processor.py:183} INFO - Processing /home/walterg/Documentos/Data_projects/DW_AIRFLOW_DBT_PART_ONE/.venv/lib/python3.11/site-packages/airflow/example_dags/example_nested_branch_dag.py took 0.138 seconds
[2025-06-03T14:39:29.983-0300] {processor.py:161} INFO - Started process (PID=72144) to work on /home/walterg/Documentos/Data_projects/DW_AIRFLOW_DBT_PART_ONE/.venv/lib/python3.11/site-packages/airflow/example_dags/example_nested_branch_dag.py
[2025-06-03T14:39:29.989-0300] {processor.py:830} INFO - Processing file /home/walterg/Documentos/Data_projects/DW_AIRFLOW_DBT_PART_ONE/.venv/lib/python3.11/site-packages/airflow/example_dags/example_nested_branch_dag.py for tasks to queue
[2025-06-03T14:39:29.990-0300] {logging_mixin.py:188} INFO - [2025-06-03T14:39:29.989-0300] {dagbag.py:540} INFO - Filling up the DagBag from /home/walterg/Documentos/Data_projects/DW_AIRFLOW_DBT_PART_ONE/.venv/lib/python3.11/site-packages/airflow/example_dags/example_nested_branch_dag.py
[2025-06-03T14:39:29.999-0300] {processor.py:840} INFO - DAG(s) 'example_nested_branch_dag' retrieved from /home/walterg/Documentos/Data_projects/DW_AIRFLOW_DBT_PART_ONE/.venv/lib/python3.11/site-packages/airflow/example_dags/example_nested_branch_dag.py
[2025-06-03T14:39:30.012-0300] {logging_mixin.py:188} INFO - [2025-06-03T14:39:30.011-0300] {dag.py:3047} INFO - Sync 1 DAGs
[2025-06-03T14:39:30.025-0300] {logging_mixin.py:188} INFO - [2025-06-03T14:39:30.025-0300] {dag.py:3834} INFO - Setting next_dagrun for example_nested_branch_dag to 2025-06-02 00:00:00+00:00, run_after=2025-06-03 00:00:00+00:00
[2025-06-03T14:39:30.041-0300] {processor.py:183} INFO - Processing /home/walterg/Documentos/Data_projects/DW_AIRFLOW_DBT_PART_ONE/.venv/lib/python3.11/site-packages/airflow/example_dags/example_nested_branch_dag.py took 0.060 seconds
[2025-06-03T14:40:20.200-0300] {processor.py:161} INFO - Started process (PID=72767) to work on /home/walterg/Documentos/Data_projects/DW_AIRFLOW_DBT_PART_ONE/.venv/lib/python3.11/site-packages/airflow/example_dags/example_nested_branch_dag.py
[2025-06-03T14:40:20.201-0300] {processor.py:830} INFO - Processing file /home/walterg/Documentos/Data_projects/DW_AIRFLOW_DBT_PART_ONE/.venv/lib/python3.11/site-packages/airflow/example_dags/example_nested_branch_dag.py for tasks to queue
[2025-06-03T14:40:20.202-0300] {logging_mixin.py:188} INFO - [2025-06-03T14:40:20.202-0300] {dagbag.py:540} INFO - Filling up the DagBag from /home/walterg/Documentos/Data_projects/DW_AIRFLOW_DBT_PART_ONE/.venv/lib/python3.11/site-packages/airflow/example_dags/example_nested_branch_dag.py
[2025-06-03T14:40:20.210-0300] {processor.py:840} INFO - DAG(s) 'example_nested_branch_dag' retrieved from /home/walterg/Documentos/Data_projects/DW_AIRFLOW_DBT_PART_ONE/.venv/lib/python3.11/site-packages/airflow/example_dags/example_nested_branch_dag.py
[2025-06-03T14:40:20.222-0300] {logging_mixin.py:188} INFO - [2025-06-03T14:40:20.222-0300] {dag.py:3047} INFO - Sync 1 DAGs
[2025-06-03T14:40:20.236-0300] {logging_mixin.py:188} INFO - [2025-06-03T14:40:20.236-0300] {dag.py:3834} INFO - Setting next_dagrun for example_nested_branch_dag to 2025-06-02 00:00:00+00:00, run_after=2025-06-03 00:00:00+00:00
[2025-06-03T14:40:20.251-0300] {processor.py:183} INFO - Processing /home/walterg/Documentos/Data_projects/DW_AIRFLOW_DBT_PART_ONE/.venv/lib/python3.11/site-packages/airflow/example_dags/example_nested_branch_dag.py took 0.053 seconds
[2025-06-03T14:41:07.613-0300] {processor.py:161} INFO - Started process (PID=73357) to work on /home/walterg/Documentos/Data_projects/DW_AIRFLOW_DBT_PART_ONE/.venv/lib/python3.11/site-packages/airflow/example_dags/example_nested_branch_dag.py
[2025-06-03T14:41:07.618-0300] {processor.py:830} INFO - Processing file /home/walterg/Documentos/Data_projects/DW_AIRFLOW_DBT_PART_ONE/.venv/lib/python3.11/site-packages/airflow/example_dags/example_nested_branch_dag.py for tasks to queue
[2025-06-03T14:41:07.620-0300] {logging_mixin.py:188} INFO - [2025-06-03T14:41:07.619-0300] {dagbag.py:540} INFO - Filling up the DagBag from /home/walterg/Documentos/Data_projects/DW_AIRFLOW_DBT_PART_ONE/.venv/lib/python3.11/site-packages/airflow/example_dags/example_nested_branch_dag.py
[2025-06-03T14:41:07.628-0300] {processor.py:840} INFO - DAG(s) 'example_nested_branch_dag' retrieved from /home/walterg/Documentos/Data_projects/DW_AIRFLOW_DBT_PART_ONE/.venv/lib/python3.11/site-packages/airflow/example_dags/example_nested_branch_dag.py
[2025-06-03T14:41:07.641-0300] {logging_mixin.py:188} INFO - [2025-06-03T14:41:07.641-0300] {dag.py:3047} INFO - Sync 1 DAGs
[2025-06-03T14:41:07.654-0300] {logging_mixin.py:188} INFO - [2025-06-03T14:41:07.654-0300] {dag.py:3834} INFO - Setting next_dagrun for example_nested_branch_dag to 2025-06-02 00:00:00+00:00, run_after=2025-06-03 00:00:00+00:00
[2025-06-03T14:41:07.670-0300] {processor.py:183} INFO - Processing /home/walterg/Documentos/Data_projects/DW_AIRFLOW_DBT_PART_ONE/.venv/lib/python3.11/site-packages/airflow/example_dags/example_nested_branch_dag.py took 0.059 seconds
