[2025-06-03T14:39:03.040-0300] {processor.py:161} INFO - Started process (PID=71706) to work on /home/walterg/Documentos/Data_projects/DW_AIRFLOW_DBT_PART_ONE/.venv/lib/python3.11/site-packages/airflow/example_dags/example_bash_operator.py
[2025-06-03T14:39:03.041-0300] {processor.py:830} INFO - Processing file /home/walterg/Documentos/Data_projects/DW_AIRFLOW_DBT_PART_ONE/.venv/lib/python3.11/site-packages/airflow/example_dags/example_bash_operator.py for tasks to queue
[2025-06-03T14:39:03.041-0300] {logging_mixin.py:188} INFO - [2025-06-03T14:39:03.041-0300] {dagbag.py:540} INFO - Filling up the DagBag from /home/walterg/Documentos/Data_projects/DW_AIRFLOW_DBT_PART_ONE/.venv/lib/python3.11/site-packages/airflow/example_dags/example_bash_operator.py
[2025-06-03T14:39:03.050-0300] {processor.py:840} INFO - DAG(s) 'example_bash_operator' retrieved from /home/walterg/Documentos/Data_projects/DW_AIRFLOW_DBT_PART_ONE/.venv/lib/python3.11/site-packages/airflow/example_dags/example_bash_operator.py
[2025-06-03T14:39:03.127-0300] {logging_mixin.py:188} INFO - [2025-06-03T14:39:03.126-0300] {override.py:1769} INFO - Created Permission View: can edit on DAG:example_bash_operator
[2025-06-03T14:39:03.137-0300] {logging_mixin.py:188} INFO - [2025-06-03T14:39:03.137-0300] {override.py:1769} INFO - Created Permission View: can read on DAG:example_bash_operator
[2025-06-03T14:39:03.147-0300] {logging_mixin.py:188} INFO - [2025-06-03T14:39:03.146-0300] {override.py:1769} INFO - Created Permission View: can delete on DAG:example_bash_operator
[2025-06-03T14:39:03.147-0300] {logging_mixin.py:188} INFO - [2025-06-03T14:39:03.147-0300] {dag.py:3047} INFO - Sync 1 DAGs
[2025-06-03T14:39:03.153-0300] {logging_mixin.py:188} INFO - [2025-06-03T14:39:03.153-0300] {dag.py:3069} INFO - Creating ORM DAG for example_bash_operator
[2025-06-03T14:39:03.159-0300] {logging_mixin.py:188} INFO - [2025-06-03T14:39:03.159-0300] {dag.py:3834} INFO - Setting next_dagrun for example_bash_operator to 2025-06-02 00:00:00+00:00, run_after=2025-06-03 00:00:00+00:00
[2025-06-03T14:39:03.174-0300] {processor.py:183} INFO - Processing /home/walterg/Documentos/Data_projects/DW_AIRFLOW_DBT_PART_ONE/.venv/lib/python3.11/site-packages/airflow/example_dags/example_bash_operator.py took 0.136 seconds
[2025-06-03T14:39:54.046-0300] {processor.py:161} INFO - Started process (PID=72461) to work on /home/walterg/Documentos/Data_projects/DW_AIRFLOW_DBT_PART_ONE/.venv/lib/python3.11/site-packages/airflow/example_dags/example_bash_operator.py
[2025-06-03T14:39:54.051-0300] {processor.py:830} INFO - Processing file /home/walterg/Documentos/Data_projects/DW_AIRFLOW_DBT_PART_ONE/.venv/lib/python3.11/site-packages/airflow/example_dags/example_bash_operator.py for tasks to queue
[2025-06-03T14:39:54.053-0300] {logging_mixin.py:188} INFO - [2025-06-03T14:39:54.052-0300] {dagbag.py:540} INFO - Filling up the DagBag from /home/walterg/Documentos/Data_projects/DW_AIRFLOW_DBT_PART_ONE/.venv/lib/python3.11/site-packages/airflow/example_dags/example_bash_operator.py
[2025-06-03T14:39:54.062-0300] {processor.py:840} INFO - DAG(s) 'example_bash_operator' retrieved from /home/walterg/Documentos/Data_projects/DW_AIRFLOW_DBT_PART_ONE/.venv/lib/python3.11/site-packages/airflow/example_dags/example_bash_operator.py
[2025-06-03T14:39:54.078-0300] {logging_mixin.py:188} INFO - [2025-06-03T14:39:54.078-0300] {dag.py:3047} INFO - Sync 1 DAGs
[2025-06-03T14:39:54.092-0300] {logging_mixin.py:188} INFO - [2025-06-03T14:39:54.092-0300] {dag.py:3834} INFO - Setting next_dagrun for example_bash_operator to 2025-06-02 00:00:00+00:00, run_after=2025-06-03 00:00:00+00:00
[2025-06-03T14:39:54.109-0300] {processor.py:183} INFO - Processing /home/walterg/Documentos/Data_projects/DW_AIRFLOW_DBT_PART_ONE/.venv/lib/python3.11/site-packages/airflow/example_dags/example_bash_operator.py took 0.066 seconds
[2025-06-03T14:40:41.906-0300] {processor.py:161} INFO - Started process (PID=73035) to work on /home/walterg/Documentos/Data_projects/DW_AIRFLOW_DBT_PART_ONE/.venv/lib/python3.11/site-packages/airflow/example_dags/example_bash_operator.py
[2025-06-03T14:40:41.912-0300] {processor.py:830} INFO - Processing file /home/walterg/Documentos/Data_projects/DW_AIRFLOW_DBT_PART_ONE/.venv/lib/python3.11/site-packages/airflow/example_dags/example_bash_operator.py for tasks to queue
[2025-06-03T14:40:41.913-0300] {logging_mixin.py:188} INFO - [2025-06-03T14:40:41.913-0300] {dagbag.py:540} INFO - Filling up the DagBag from /home/walterg/Documentos/Data_projects/DW_AIRFLOW_DBT_PART_ONE/.venv/lib/python3.11/site-packages/airflow/example_dags/example_bash_operator.py
[2025-06-03T14:40:41.923-0300] {processor.py:840} INFO - DAG(s) 'example_bash_operator' retrieved from /home/walterg/Documentos/Data_projects/DW_AIRFLOW_DBT_PART_ONE/.venv/lib/python3.11/site-packages/airflow/example_dags/example_bash_operator.py
[2025-06-03T14:40:41.939-0300] {logging_mixin.py:188} INFO - [2025-06-03T14:40:41.939-0300] {dag.py:3047} INFO - Sync 1 DAGs
[2025-06-03T14:40:41.953-0300] {logging_mixin.py:188} INFO - [2025-06-03T14:40:41.952-0300] {dag.py:3834} INFO - Setting next_dagrun for example_bash_operator to 2025-06-02 00:00:00+00:00, run_after=2025-06-03 00:00:00+00:00
[2025-06-03T14:40:41.967-0300] {processor.py:183} INFO - Processing /home/walterg/Documentos/Data_projects/DW_AIRFLOW_DBT_PART_ONE/.venv/lib/python3.11/site-packages/airflow/example_dags/example_bash_operator.py took 0.063 seconds
[2025-06-03T14:41:29.871-0300] {processor.py:161} INFO - Started process (PID=73663) to work on /home/walterg/Documentos/Data_projects/DW_AIRFLOW_DBT_PART_ONE/.venv/lib/python3.11/site-packages/airflow/example_dags/example_bash_operator.py
[2025-06-03T14:41:29.876-0300] {processor.py:830} INFO - Processing file /home/walterg/Documentos/Data_projects/DW_AIRFLOW_DBT_PART_ONE/.venv/lib/python3.11/site-packages/airflow/example_dags/example_bash_operator.py for tasks to queue
[2025-06-03T14:41:29.877-0300] {logging_mixin.py:188} INFO - [2025-06-03T14:41:29.877-0300] {dagbag.py:540} INFO - Filling up the DagBag from /home/walterg/Documentos/Data_projects/DW_AIRFLOW_DBT_PART_ONE/.venv/lib/python3.11/site-packages/airflow/example_dags/example_bash_operator.py
[2025-06-03T14:41:29.886-0300] {processor.py:840} INFO - DAG(s) 'example_bash_operator' retrieved from /home/walterg/Documentos/Data_projects/DW_AIRFLOW_DBT_PART_ONE/.venv/lib/python3.11/site-packages/airflow/example_dags/example_bash_operator.py
[2025-06-03T14:41:29.901-0300] {logging_mixin.py:188} INFO - [2025-06-03T14:41:29.901-0300] {dag.py:3047} INFO - Sync 1 DAGs
[2025-06-03T14:41:29.915-0300] {logging_mixin.py:188} INFO - [2025-06-03T14:41:29.915-0300] {dag.py:3834} INFO - Setting next_dagrun for example_bash_operator to 2025-06-02 00:00:00+00:00, run_after=2025-06-03 00:00:00+00:00
[2025-06-03T14:41:29.932-0300] {processor.py:183} INFO - Processing /home/walterg/Documentos/Data_projects/DW_AIRFLOW_DBT_PART_ONE/.venv/lib/python3.11/site-packages/airflow/example_dags/example_bash_operator.py took 0.063 seconds
