[2025-06-03T14:38:44.746-0300] {processor.py:161} INFO - Started process (PID=71429) to work on /home/walterg/Documentos/Data_projects/DW_AIRFLOW_DBT_PART_ONE/.venv/lib/python3.11/site-packages/airflow/example_dags/example_python_decorator.py
[2025-06-03T14:38:44.746-0300] {processor.py:830} INFO - Processing file /home/walterg/Documentos/Data_projects/DW_AIRFLOW_DBT_PART_ONE/.venv/lib/python3.11/site-packages/airflow/example_dags/example_python_decorator.py for tasks to queue
[2025-06-03T14:38:44.747-0300] {logging_mixin.py:188} INFO - [2025-06-03T14:38:44.747-0300] {dagbag.py:540} INFO - Filling up the DagBag from /home/walterg/Documentos/Data_projects/DW_AIRFLOW_DBT_PART_ONE/.venv/lib/python3.11/site-packages/airflow/example_dags/example_python_decorator.py
[2025-06-03T14:38:44.754-0300] {logging_mixin.py:188} INFO - [2025-06-03T14:38:44.754-0300] {example_python_decorator.py:79} WARNING - The virtalenv_python example task requires virtualenv, please install it.
[2025-06-03T14:38:44.754-0300] {processor.py:840} INFO - DAG(s) 'example_python_decorator' retrieved from /home/walterg/Documentos/Data_projects/DW_AIRFLOW_DBT_PART_ONE/.venv/lib/python3.11/site-packages/airflow/example_dags/example_python_decorator.py
[2025-06-03T14:38:44.832-0300] {logging_mixin.py:188} INFO - [2025-06-03T14:38:44.832-0300] {override.py:1769} INFO - Created Permission View: can edit on DAG:example_python_decorator
[2025-06-03T14:38:44.842-0300] {logging_mixin.py:188} INFO - [2025-06-03T14:38:44.842-0300] {override.py:1769} INFO - Created Permission View: can read on DAG:example_python_decorator
[2025-06-03T14:38:44.850-0300] {logging_mixin.py:188} INFO - [2025-06-03T14:38:44.849-0300] {override.py:1769} INFO - Created Permission View: can delete on DAG:example_python_decorator
[2025-06-03T14:38:44.850-0300] {logging_mixin.py:188} INFO - [2025-06-03T14:38:44.850-0300] {dag.py:3047} INFO - Sync 1 DAGs
[2025-06-03T14:38:44.857-0300] {logging_mixin.py:188} INFO - [2025-06-03T14:38:44.857-0300] {dag.py:3069} INFO - Creating ORM DAG for example_python_decorator
[2025-06-03T14:38:44.857-0300] {logging_mixin.py:188} INFO - [2025-06-03T14:38:44.857-0300] {dag.py:3834} INFO - Setting next_dagrun for example_python_decorator to None, run_after=None
[2025-06-03T14:38:44.872-0300] {processor.py:183} INFO - Processing /home/walterg/Documentos/Data_projects/DW_AIRFLOW_DBT_PART_ONE/.venv/lib/python3.11/site-packages/airflow/example_dags/example_python_decorator.py took 0.129 seconds
[2025-06-03T14:39:31.117-0300] {processor.py:161} INFO - Started process (PID=72166) to work on /home/walterg/Documentos/Data_projects/DW_AIRFLOW_DBT_PART_ONE/.venv/lib/python3.11/site-packages/airflow/example_dags/example_python_decorator.py
[2025-06-03T14:39:31.122-0300] {processor.py:830} INFO - Processing file /home/walterg/Documentos/Data_projects/DW_AIRFLOW_DBT_PART_ONE/.venv/lib/python3.11/site-packages/airflow/example_dags/example_python_decorator.py for tasks to queue
[2025-06-03T14:39:31.123-0300] {logging_mixin.py:188} INFO - [2025-06-03T14:39:31.123-0300] {dagbag.py:540} INFO - Filling up the DagBag from /home/walterg/Documentos/Data_projects/DW_AIRFLOW_DBT_PART_ONE/.venv/lib/python3.11/site-packages/airflow/example_dags/example_python_decorator.py
[2025-06-03T14:39:31.130-0300] {logging_mixin.py:188} INFO - [2025-06-03T14:39:31.130-0300] {example_python_decorator.py:79} WARNING - The virtalenv_python example task requires virtualenv, please install it.
[2025-06-03T14:39:31.131-0300] {processor.py:840} INFO - DAG(s) 'example_python_decorator' retrieved from /home/walterg/Documentos/Data_projects/DW_AIRFLOW_DBT_PART_ONE/.venv/lib/python3.11/site-packages/airflow/example_dags/example_python_decorator.py
[2025-06-03T14:39:31.144-0300] {logging_mixin.py:188} INFO - [2025-06-03T14:39:31.143-0300] {dag.py:3047} INFO - Sync 1 DAGs
[2025-06-03T14:39:31.152-0300] {logging_mixin.py:188} INFO - [2025-06-03T14:39:31.152-0300] {dag.py:3834} INFO - Setting next_dagrun for example_python_decorator to None, run_after=None
[2025-06-03T14:39:31.169-0300] {processor.py:183} INFO - Processing /home/walterg/Documentos/Data_projects/DW_AIRFLOW_DBT_PART_ONE/.venv/lib/python3.11/site-packages/airflow/example_dags/example_python_decorator.py took 0.055 seconds
[2025-06-03T14:40:21.343-0300] {processor.py:161} INFO - Started process (PID=72769) to work on /home/walterg/Documentos/Data_projects/DW_AIRFLOW_DBT_PART_ONE/.venv/lib/python3.11/site-packages/airflow/example_dags/example_python_decorator.py
[2025-06-03T14:40:21.350-0300] {processor.py:830} INFO - Processing file /home/walterg/Documentos/Data_projects/DW_AIRFLOW_DBT_PART_ONE/.venv/lib/python3.11/site-packages/airflow/example_dags/example_python_decorator.py for tasks to queue
[2025-06-03T14:40:21.351-0300] {logging_mixin.py:188} INFO - [2025-06-03T14:40:21.351-0300] {dagbag.py:540} INFO - Filling up the DagBag from /home/walterg/Documentos/Data_projects/DW_AIRFLOW_DBT_PART_ONE/.venv/lib/python3.11/site-packages/airflow/example_dags/example_python_decorator.py
[2025-06-03T14:40:21.358-0300] {logging_mixin.py:188} INFO - [2025-06-03T14:40:21.358-0300] {example_python_decorator.py:79} WARNING - The virtalenv_python example task requires virtualenv, please install it.
[2025-06-03T14:40:21.358-0300] {processor.py:840} INFO - DAG(s) 'example_python_decorator' retrieved from /home/walterg/Documentos/Data_projects/DW_AIRFLOW_DBT_PART_ONE/.venv/lib/python3.11/site-packages/airflow/example_dags/example_python_decorator.py
[2025-06-03T14:40:21.371-0300] {logging_mixin.py:188} INFO - [2025-06-03T14:40:21.371-0300] {dag.py:3047} INFO - Sync 1 DAGs
[2025-06-03T14:40:21.379-0300] {logging_mixin.py:188} INFO - [2025-06-03T14:40:21.379-0300] {dag.py:3834} INFO - Setting next_dagrun for example_python_decorator to None, run_after=None
[2025-06-03T14:40:21.395-0300] {processor.py:183} INFO - Processing /home/walterg/Documentos/Data_projects/DW_AIRFLOW_DBT_PART_ONE/.venv/lib/python3.11/site-packages/airflow/example_dags/example_python_decorator.py took 0.055 seconds
[2025-06-03T14:41:08.461-0300] {processor.py:161} INFO - Started process (PID=73368) to work on /home/walterg/Documentos/Data_projects/DW_AIRFLOW_DBT_PART_ONE/.venv/lib/python3.11/site-packages/airflow/example_dags/example_python_decorator.py
[2025-06-03T14:41:08.462-0300] {processor.py:830} INFO - Processing file /home/walterg/Documentos/Data_projects/DW_AIRFLOW_DBT_PART_ONE/.venv/lib/python3.11/site-packages/airflow/example_dags/example_python_decorator.py for tasks to queue
[2025-06-03T14:41:08.463-0300] {logging_mixin.py:188} INFO - [2025-06-03T14:41:08.463-0300] {dagbag.py:540} INFO - Filling up the DagBag from /home/walterg/Documentos/Data_projects/DW_AIRFLOW_DBT_PART_ONE/.venv/lib/python3.11/site-packages/airflow/example_dags/example_python_decorator.py
[2025-06-03T14:41:08.470-0300] {logging_mixin.py:188} INFO - [2025-06-03T14:41:08.470-0300] {example_python_decorator.py:79} WARNING - The virtalenv_python example task requires virtualenv, please install it.
[2025-06-03T14:41:08.471-0300] {processor.py:840} INFO - DAG(s) 'example_python_decorator' retrieved from /home/walterg/Documentos/Data_projects/DW_AIRFLOW_DBT_PART_ONE/.venv/lib/python3.11/site-packages/airflow/example_dags/example_python_decorator.py
[2025-06-03T14:41:08.483-0300] {logging_mixin.py:188} INFO - [2025-06-03T14:41:08.483-0300] {dag.py:3047} INFO - Sync 1 DAGs
[2025-06-03T14:41:08.491-0300] {logging_mixin.py:188} INFO - [2025-06-03T14:41:08.491-0300] {dag.py:3834} INFO - Setting next_dagrun for example_python_decorator to None, run_after=None
[2025-06-03T14:41:08.507-0300] {processor.py:183} INFO - Processing /home/walterg/Documentos/Data_projects/DW_AIRFLOW_DBT_PART_ONE/.venv/lib/python3.11/site-packages/airflow/example_dags/example_python_decorator.py took 0.048 seconds
