[2025-06-03T14:38:48.653-0300] {processor.py:161} INFO - Started process (PID=71473) to work on /home/walterg/Documentos/Data_projects/DW_AIRFLOW_DBT_PART_ONE/.venv/lib/python3.11/site-packages/airflow/example_dags/example_params_ui_tutorial.py
[2025-06-03T14:38:48.653-0300] {processor.py:830} INFO - Processing file /home/walterg/Documentos/Data_projects/DW_AIRFLOW_DBT_PART_ONE/.venv/lib/python3.11/site-packages/airflow/example_dags/example_params_ui_tutorial.py for tasks to queue
[2025-06-03T14:38:48.654-0300] {logging_mixin.py:188} INFO - [2025-06-03T14:38:48.654-0300] {dagbag.py:540} INFO - Filling up the DagBag from /home/walterg/Documentos/Data_projects/DW_AIRFLOW_DBT_PART_ONE/.venv/lib/python3.11/site-packages/airflow/example_dags/example_params_ui_tutorial.py
[2025-06-03T14:38:48.663-0300] {processor.py:840} INFO - DAG(s) 'example_params_ui_tutorial' retrieved from /home/walterg/Documentos/Data_projects/DW_AIRFLOW_DBT_PART_ONE/.venv/lib/python3.11/site-packages/airflow/example_dags/example_params_ui_tutorial.py
[2025-06-03T14:38:48.753-0300] {logging_mixin.py:188} INFO - [2025-06-03T14:38:48.753-0300] {override.py:1769} INFO - Created Permission View: can edit on DAG:example_params_ui_tutorial
[2025-06-03T14:38:48.762-0300] {logging_mixin.py:188} INFO - [2025-06-03T14:38:48.762-0300] {override.py:1769} INFO - Created Permission View: can read on DAG:example_params_ui_tutorial
[2025-06-03T14:38:48.772-0300] {logging_mixin.py:188} INFO - [2025-06-03T14:38:48.772-0300] {override.py:1769} INFO - Created Permission View: can delete on DAG:example_params_ui_tutorial
[2025-06-03T14:38:48.772-0300] {logging_mixin.py:188} INFO - [2025-06-03T14:38:48.772-0300] {dag.py:3047} INFO - Sync 1 DAGs
[2025-06-03T14:38:48.778-0300] {logging_mixin.py:188} INFO - [2025-06-03T14:38:48.778-0300] {dag.py:3069} INFO - Creating ORM DAG for example_params_ui_tutorial
[2025-06-03T14:38:48.779-0300] {logging_mixin.py:188} INFO - [2025-06-03T14:38:48.779-0300] {dag.py:3834} INFO - Setting next_dagrun for example_params_ui_tutorial to None, run_after=None
[2025-06-03T14:38:48.797-0300] {processor.py:183} INFO - Processing /home/walterg/Documentos/Data_projects/DW_AIRFLOW_DBT_PART_ONE/.venv/lib/python3.11/site-packages/airflow/example_dags/example_params_ui_tutorial.py took 0.147 seconds
[2025-06-03T14:39:35.125-0300] {processor.py:161} INFO - Started process (PID=72209) to work on /home/walterg/Documentos/Data_projects/DW_AIRFLOW_DBT_PART_ONE/.venv/lib/python3.11/site-packages/airflow/example_dags/example_params_ui_tutorial.py
[2025-06-03T14:39:35.130-0300] {processor.py:830} INFO - Processing file /home/walterg/Documentos/Data_projects/DW_AIRFLOW_DBT_PART_ONE/.venv/lib/python3.11/site-packages/airflow/example_dags/example_params_ui_tutorial.py for tasks to queue
[2025-06-03T14:39:35.131-0300] {logging_mixin.py:188} INFO - [2025-06-03T14:39:35.131-0300] {dagbag.py:540} INFO - Filling up the DagBag from /home/walterg/Documentos/Data_projects/DW_AIRFLOW_DBT_PART_ONE/.venv/lib/python3.11/site-packages/airflow/example_dags/example_params_ui_tutorial.py
[2025-06-03T14:39:35.140-0300] {processor.py:840} INFO - DAG(s) 'example_params_ui_tutorial' retrieved from /home/walterg/Documentos/Data_projects/DW_AIRFLOW_DBT_PART_ONE/.venv/lib/python3.11/site-packages/airflow/example_dags/example_params_ui_tutorial.py
[2025-06-03T14:39:35.170-0300] {logging_mixin.py:188} INFO - [2025-06-03T14:39:35.170-0300] {dag.py:3047} INFO - Sync 1 DAGs
[2025-06-03T14:39:35.178-0300] {logging_mixin.py:188} INFO - [2025-06-03T14:39:35.178-0300] {dag.py:3834} INFO - Setting next_dagrun for example_params_ui_tutorial to None, run_after=None
[2025-06-03T14:39:35.195-0300] {processor.py:183} INFO - Processing /home/walterg/Documentos/Data_projects/DW_AIRFLOW_DBT_PART_ONE/.venv/lib/python3.11/site-packages/airflow/example_dags/example_params_ui_tutorial.py took 0.073 seconds
[2025-06-03T14:40:25.341-0300] {processor.py:161} INFO - Started process (PID=72824) to work on /home/walterg/Documentos/Data_projects/DW_AIRFLOW_DBT_PART_ONE/.venv/lib/python3.11/site-packages/airflow/example_dags/example_params_ui_tutorial.py
[2025-06-03T14:40:25.346-0300] {processor.py:830} INFO - Processing file /home/walterg/Documentos/Data_projects/DW_AIRFLOW_DBT_PART_ONE/.venv/lib/python3.11/site-packages/airflow/example_dags/example_params_ui_tutorial.py for tasks to queue
[2025-06-03T14:40:25.347-0300] {logging_mixin.py:188} INFO - [2025-06-03T14:40:25.346-0300] {dagbag.py:540} INFO - Filling up the DagBag from /home/walterg/Documentos/Data_projects/DW_AIRFLOW_DBT_PART_ONE/.venv/lib/python3.11/site-packages/airflow/example_dags/example_params_ui_tutorial.py
[2025-06-03T14:40:25.356-0300] {processor.py:840} INFO - DAG(s) 'example_params_ui_tutorial' retrieved from /home/walterg/Documentos/Data_projects/DW_AIRFLOW_DBT_PART_ONE/.venv/lib/python3.11/site-packages/airflow/example_dags/example_params_ui_tutorial.py
[2025-06-03T14:40:25.383-0300] {logging_mixin.py:188} INFO - [2025-06-03T14:40:25.383-0300] {dag.py:3047} INFO - Sync 1 DAGs
[2025-06-03T14:40:25.391-0300] {logging_mixin.py:188} INFO - [2025-06-03T14:40:25.391-0300] {dag.py:3834} INFO - Setting next_dagrun for example_params_ui_tutorial to None, run_after=None
[2025-06-03T14:40:25.406-0300] {processor.py:183} INFO - Processing /home/walterg/Documentos/Data_projects/DW_AIRFLOW_DBT_PART_ONE/.venv/lib/python3.11/site-packages/airflow/example_dags/example_params_ui_tutorial.py took 0.068 seconds
[2025-06-03T14:41:12.753-0300] {processor.py:161} INFO - Started process (PID=73427) to work on /home/walterg/Documentos/Data_projects/DW_AIRFLOW_DBT_PART_ONE/.venv/lib/python3.11/site-packages/airflow/example_dags/example_params_ui_tutorial.py
[2025-06-03T14:41:12.758-0300] {processor.py:830} INFO - Processing file /home/walterg/Documentos/Data_projects/DW_AIRFLOW_DBT_PART_ONE/.venv/lib/python3.11/site-packages/airflow/example_dags/example_params_ui_tutorial.py for tasks to queue
[2025-06-03T14:41:12.759-0300] {logging_mixin.py:188} INFO - [2025-06-03T14:41:12.759-0300] {dagbag.py:540} INFO - Filling up the DagBag from /home/walterg/Documentos/Data_projects/DW_AIRFLOW_DBT_PART_ONE/.venv/lib/python3.11/site-packages/airflow/example_dags/example_params_ui_tutorial.py
[2025-06-03T14:41:12.768-0300] {processor.py:840} INFO - DAG(s) 'example_params_ui_tutorial' retrieved from /home/walterg/Documentos/Data_projects/DW_AIRFLOW_DBT_PART_ONE/.venv/lib/python3.11/site-packages/airflow/example_dags/example_params_ui_tutorial.py
[2025-06-03T14:41:12.795-0300] {logging_mixin.py:188} INFO - [2025-06-03T14:41:12.795-0300] {dag.py:3047} INFO - Sync 1 DAGs
[2025-06-03T14:41:12.805-0300] {logging_mixin.py:188} INFO - [2025-06-03T14:41:12.805-0300] {dag.py:3834} INFO - Setting next_dagrun for example_params_ui_tutorial to None, run_after=None
[2025-06-03T14:41:12.825-0300] {processor.py:183} INFO - Processing /home/walterg/Documentos/Data_projects/DW_AIRFLOW_DBT_PART_ONE/.venv/lib/python3.11/site-packages/airflow/example_dags/example_params_ui_tutorial.py took 0.074 seconds
