[2025-06-03T14:38:35.499-0300] {processor.py:161} INFO - Started process (PID=71327) to work on /home/walterg/Documentos/Data_projects/DW_AIRFLOW_DBT_PART_ONE/.venv/lib/python3.11/site-packages/airflow/example_dags/example_skip_dag.py
[2025-06-03T14:38:35.500-0300] {processor.py:830} INFO - Processing file /home/walterg/Documentos/Data_projects/DW_AIRFLOW_DBT_PART_ONE/.venv/lib/python3.11/site-packages/airflow/example_dags/example_skip_dag.py for tasks to queue
[2025-06-03T14:38:35.501-0300] {logging_mixin.py:188} INFO - [2025-06-03T14:38:35.500-0300] {dagbag.py:540} INFO - Filling up the DagBag from /home/walterg/Documentos/Data_projects/DW_AIRFLOW_DBT_PART_ONE/.venv/lib/python3.11/site-packages/airflow/example_dags/example_skip_dag.py
[2025-06-03T14:38:35.507-0300] {processor.py:840} INFO - DAG(s) 'example_skip_dag' retrieved from /home/walterg/Documentos/Data_projects/DW_AIRFLOW_DBT_PART_ONE/.venv/lib/python3.11/site-packages/airflow/example_dags/example_skip_dag.py
[2025-06-03T14:38:35.582-0300] {logging_mixin.py:188} INFO - [2025-06-03T14:38:35.581-0300] {override.py:1769} INFO - Created Permission View: can edit on DAG:example_skip_dag
[2025-06-03T14:38:35.592-0300] {logging_mixin.py:188} INFO - [2025-06-03T14:38:35.591-0300] {override.py:1769} INFO - Created Permission View: can read on DAG:example_skip_dag
[2025-06-03T14:38:35.600-0300] {logging_mixin.py:188} INFO - [2025-06-03T14:38:35.599-0300] {override.py:1769} INFO - Created Permission View: can delete on DAG:example_skip_dag
[2025-06-03T14:38:35.600-0300] {logging_mixin.py:188} INFO - [2025-06-03T14:38:35.600-0300] {dag.py:3047} INFO - Sync 1 DAGs
[2025-06-03T14:38:35.607-0300] {logging_mixin.py:188} INFO - [2025-06-03T14:38:35.606-0300] {dag.py:3069} INFO - Creating ORM DAG for example_skip_dag
[2025-06-03T14:38:35.613-0300] {logging_mixin.py:188} INFO - [2025-06-03T14:38:35.612-0300] {dag.py:3834} INFO - Setting next_dagrun for example_skip_dag to 2025-06-02 00:00:00+00:00, run_after=2025-06-03 00:00:00+00:00
[2025-06-03T14:38:35.627-0300] {processor.py:183} INFO - Processing /home/walterg/Documentos/Data_projects/DW_AIRFLOW_DBT_PART_ONE/.venv/lib/python3.11/site-packages/airflow/example_dags/example_skip_dag.py took 0.131 seconds
[2025-06-03T14:39:21.972-0300] {processor.py:161} INFO - Started process (PID=72020) to work on /home/walterg/Documentos/Data_projects/DW_AIRFLOW_DBT_PART_ONE/.venv/lib/python3.11/site-packages/airflow/example_dags/example_skip_dag.py
[2025-06-03T14:39:21.973-0300] {processor.py:830} INFO - Processing file /home/walterg/Documentos/Data_projects/DW_AIRFLOW_DBT_PART_ONE/.venv/lib/python3.11/site-packages/airflow/example_dags/example_skip_dag.py for tasks to queue
[2025-06-03T14:39:21.974-0300] {logging_mixin.py:188} INFO - [2025-06-03T14:39:21.973-0300] {dagbag.py:540} INFO - Filling up the DagBag from /home/walterg/Documentos/Data_projects/DW_AIRFLOW_DBT_PART_ONE/.venv/lib/python3.11/site-packages/airflow/example_dags/example_skip_dag.py
[2025-06-03T14:39:21.980-0300] {processor.py:840} INFO - DAG(s) 'example_skip_dag' retrieved from /home/walterg/Documentos/Data_projects/DW_AIRFLOW_DBT_PART_ONE/.venv/lib/python3.11/site-packages/airflow/example_dags/example_skip_dag.py
[2025-06-03T14:39:21.996-0300] {logging_mixin.py:188} INFO - [2025-06-03T14:39:21.995-0300] {dag.py:3047} INFO - Sync 1 DAGs
[2025-06-03T14:39:22.010-0300] {logging_mixin.py:188} INFO - [2025-06-03T14:39:22.010-0300] {dag.py:3834} INFO - Setting next_dagrun for example_skip_dag to 2025-06-02 00:00:00+00:00, run_after=2025-06-03 00:00:00+00:00
[2025-06-03T14:39:22.027-0300] {processor.py:183} INFO - Processing /home/walterg/Documentos/Data_projects/DW_AIRFLOW_DBT_PART_ONE/.venv/lib/python3.11/site-packages/airflow/example_dags/example_skip_dag.py took 0.057 seconds
[2025-06-03T14:40:08.786-0300] {processor.py:161} INFO - Started process (PID=72629) to work on /home/walterg/Documentos/Data_projects/DW_AIRFLOW_DBT_PART_ONE/.venv/lib/python3.11/site-packages/airflow/example_dags/example_skip_dag.py
[2025-06-03T14:40:08.791-0300] {processor.py:830} INFO - Processing file /home/walterg/Documentos/Data_projects/DW_AIRFLOW_DBT_PART_ONE/.venv/lib/python3.11/site-packages/airflow/example_dags/example_skip_dag.py for tasks to queue
[2025-06-03T14:40:08.792-0300] {logging_mixin.py:188} INFO - [2025-06-03T14:40:08.791-0300] {dagbag.py:540} INFO - Filling up the DagBag from /home/walterg/Documentos/Data_projects/DW_AIRFLOW_DBT_PART_ONE/.venv/lib/python3.11/site-packages/airflow/example_dags/example_skip_dag.py
[2025-06-03T14:40:08.798-0300] {processor.py:840} INFO - DAG(s) 'example_skip_dag' retrieved from /home/walterg/Documentos/Data_projects/DW_AIRFLOW_DBT_PART_ONE/.venv/lib/python3.11/site-packages/airflow/example_dags/example_skip_dag.py
[2025-06-03T14:40:08.811-0300] {logging_mixin.py:188} INFO - [2025-06-03T14:40:08.811-0300] {dag.py:3047} INFO - Sync 1 DAGs
[2025-06-03T14:40:08.824-0300] {logging_mixin.py:188} INFO - [2025-06-03T14:40:08.824-0300] {dag.py:3834} INFO - Setting next_dagrun for example_skip_dag to 2025-06-02 00:00:00+00:00, run_after=2025-06-03 00:00:00+00:00
[2025-06-03T14:40:08.840-0300] {processor.py:183} INFO - Processing /home/walterg/Documentos/Data_projects/DW_AIRFLOW_DBT_PART_ONE/.venv/lib/python3.11/site-packages/airflow/example_dags/example_skip_dag.py took 0.056 seconds
[2025-06-03T14:40:55.585-0300] {processor.py:161} INFO - Started process (PID=73204) to work on /home/walterg/Documentos/Data_projects/DW_AIRFLOW_DBT_PART_ONE/.venv/lib/python3.11/site-packages/airflow/example_dags/example_skip_dag.py
[2025-06-03T14:40:55.590-0300] {processor.py:830} INFO - Processing file /home/walterg/Documentos/Data_projects/DW_AIRFLOW_DBT_PART_ONE/.venv/lib/python3.11/site-packages/airflow/example_dags/example_skip_dag.py for tasks to queue
[2025-06-03T14:40:55.592-0300] {logging_mixin.py:188} INFO - [2025-06-03T14:40:55.591-0300] {dagbag.py:540} INFO - Filling up the DagBag from /home/walterg/Documentos/Data_projects/DW_AIRFLOW_DBT_PART_ONE/.venv/lib/python3.11/site-packages/airflow/example_dags/example_skip_dag.py
[2025-06-03T14:40:55.598-0300] {processor.py:840} INFO - DAG(s) 'example_skip_dag' retrieved from /home/walterg/Documentos/Data_projects/DW_AIRFLOW_DBT_PART_ONE/.venv/lib/python3.11/site-packages/airflow/example_dags/example_skip_dag.py
[2025-06-03T14:40:55.610-0300] {logging_mixin.py:188} INFO - [2025-06-03T14:40:55.610-0300] {dag.py:3047} INFO - Sync 1 DAGs
[2025-06-03T14:40:55.623-0300] {logging_mixin.py:188} INFO - [2025-06-03T14:40:55.623-0300] {dag.py:3834} INFO - Setting next_dagrun for example_skip_dag to 2025-06-02 00:00:00+00:00, run_after=2025-06-03 00:00:00+00:00
[2025-06-03T14:40:55.639-0300] {processor.py:183} INFO - Processing /home/walterg/Documentos/Data_projects/DW_AIRFLOW_DBT_PART_ONE/.venv/lib/python3.11/site-packages/airflow/example_dags/example_skip_dag.py took 0.057 seconds
