[2025-06-03T14:38:51.117-0300] {processor.py:161} INFO - Started process (PID=71499) to work on /home/walterg/Documentos/Data_projects/DW_AIRFLOW_DBT_PART_ONE/.venv/lib/python3.11/site-packages/airflow/example_dags/example_latest_only.py
[2025-06-03T14:38:51.118-0300] {processor.py:830} INFO - Processing file /home/walterg/Documentos/Data_projects/DW_AIRFLOW_DBT_PART_ONE/.venv/lib/python3.11/site-packages/airflow/example_dags/example_latest_only.py for tasks to queue
[2025-06-03T14:38:51.119-0300] {logging_mixin.py:188} INFO - [2025-06-03T14:38:51.118-0300] {dagbag.py:540} INFO - Filling up the DagBag from /home/walterg/Documentos/Data_projects/DW_AIRFLOW_DBT_PART_ONE/.venv/lib/python3.11/site-packages/airflow/example_dags/example_latest_only.py
[2025-06-03T14:38:51.124-0300] {processor.py:840} INFO - DAG(s) 'latest_only' retrieved from /home/walterg/Documentos/Data_projects/DW_AIRFLOW_DBT_PART_ONE/.venv/lib/python3.11/site-packages/airflow/example_dags/example_latest_only.py
[2025-06-03T14:38:51.213-0300] {logging_mixin.py:188} INFO - [2025-06-03T14:38:51.212-0300] {override.py:1769} INFO - Created Permission View: can edit on DAG:latest_only
[2025-06-03T14:38:51.222-0300] {logging_mixin.py:188} INFO - [2025-06-03T14:38:51.222-0300] {override.py:1769} INFO - Created Permission View: can read on DAG:latest_only
[2025-06-03T14:38:51.233-0300] {logging_mixin.py:188} INFO - [2025-06-03T14:38:51.232-0300] {override.py:1769} INFO - Created Permission View: can delete on DAG:latest_only
[2025-06-03T14:38:51.233-0300] {logging_mixin.py:188} INFO - [2025-06-03T14:38:51.233-0300] {dag.py:3047} INFO - Sync 1 DAGs
[2025-06-03T14:38:51.240-0300] {logging_mixin.py:188} INFO - [2025-06-03T14:38:51.240-0300] {dag.py:3069} INFO - Creating ORM DAG for latest_only
[2025-06-03T14:38:51.247-0300] {logging_mixin.py:188} INFO - [2025-06-03T14:38:51.247-0300] {dag.py:3834} INFO - Setting next_dagrun for latest_only to 2025-06-03 12:00:00+00:00, run_after=2025-06-03 16:00:00+00:00
[2025-06-03T14:38:51.262-0300] {processor.py:183} INFO - Processing /home/walterg/Documentos/Data_projects/DW_AIRFLOW_DBT_PART_ONE/.venv/lib/python3.11/site-packages/airflow/example_dags/example_latest_only.py took 0.148 seconds
[2025-06-03T14:39:37.248-0300] {processor.py:161} INFO - Started process (PID=72233) to work on /home/walterg/Documentos/Data_projects/DW_AIRFLOW_DBT_PART_ONE/.venv/lib/python3.11/site-packages/airflow/example_dags/example_latest_only.py
[2025-06-03T14:39:37.253-0300] {processor.py:830} INFO - Processing file /home/walterg/Documentos/Data_projects/DW_AIRFLOW_DBT_PART_ONE/.venv/lib/python3.11/site-packages/airflow/example_dags/example_latest_only.py for tasks to queue
[2025-06-03T14:39:37.255-0300] {logging_mixin.py:188} INFO - [2025-06-03T14:39:37.254-0300] {dagbag.py:540} INFO - Filling up the DagBag from /home/walterg/Documentos/Data_projects/DW_AIRFLOW_DBT_PART_ONE/.venv/lib/python3.11/site-packages/airflow/example_dags/example_latest_only.py
[2025-06-03T14:39:37.259-0300] {processor.py:840} INFO - DAG(s) 'latest_only' retrieved from /home/walterg/Documentos/Data_projects/DW_AIRFLOW_DBT_PART_ONE/.venv/lib/python3.11/site-packages/airflow/example_dags/example_latest_only.py
[2025-06-03T14:39:37.272-0300] {logging_mixin.py:188} INFO - [2025-06-03T14:39:37.272-0300] {dag.py:3047} INFO - Sync 1 DAGs
[2025-06-03T14:39:37.285-0300] {logging_mixin.py:188} INFO - [2025-06-03T14:39:37.285-0300] {dag.py:3834} INFO - Setting next_dagrun for latest_only to 2025-06-03 12:00:00+00:00, run_after=2025-06-03 16:00:00+00:00
[2025-06-03T14:39:37.301-0300] {processor.py:183} INFO - Processing /home/walterg/Documentos/Data_projects/DW_AIRFLOW_DBT_PART_ONE/.venv/lib/python3.11/site-packages/airflow/example_dags/example_latest_only.py took 0.056 seconds
[2025-06-03T14:40:27.618-0300] {processor.py:161} INFO - Started process (PID=72857) to work on /home/walterg/Documentos/Data_projects/DW_AIRFLOW_DBT_PART_ONE/.venv/lib/python3.11/site-packages/airflow/example_dags/example_latest_only.py
[2025-06-03T14:40:27.623-0300] {processor.py:830} INFO - Processing file /home/walterg/Documentos/Data_projects/DW_AIRFLOW_DBT_PART_ONE/.venv/lib/python3.11/site-packages/airflow/example_dags/example_latest_only.py for tasks to queue
[2025-06-03T14:40:27.624-0300] {logging_mixin.py:188} INFO - [2025-06-03T14:40:27.624-0300] {dagbag.py:540} INFO - Filling up the DagBag from /home/walterg/Documentos/Data_projects/DW_AIRFLOW_DBT_PART_ONE/.venv/lib/python3.11/site-packages/airflow/example_dags/example_latest_only.py
[2025-06-03T14:40:27.630-0300] {processor.py:840} INFO - DAG(s) 'latest_only' retrieved from /home/walterg/Documentos/Data_projects/DW_AIRFLOW_DBT_PART_ONE/.venv/lib/python3.11/site-packages/airflow/example_dags/example_latest_only.py
[2025-06-03T14:40:27.643-0300] {logging_mixin.py:188} INFO - [2025-06-03T14:40:27.643-0300] {dag.py:3047} INFO - Sync 1 DAGs
[2025-06-03T14:40:27.657-0300] {logging_mixin.py:188} INFO - [2025-06-03T14:40:27.656-0300] {dag.py:3834} INFO - Setting next_dagrun for latest_only to 2025-06-03 12:00:00+00:00, run_after=2025-06-03 16:00:00+00:00
[2025-06-03T14:40:27.673-0300] {processor.py:183} INFO - Processing /home/walterg/Documentos/Data_projects/DW_AIRFLOW_DBT_PART_ONE/.venv/lib/python3.11/site-packages/airflow/example_dags/example_latest_only.py took 0.058 seconds
[2025-06-03T14:41:15.019-0300] {processor.py:161} INFO - Started process (PID=73462) to work on /home/walterg/Documentos/Data_projects/DW_AIRFLOW_DBT_PART_ONE/.venv/lib/python3.11/site-packages/airflow/example_dags/example_latest_only.py
[2025-06-03T14:41:15.024-0300] {processor.py:830} INFO - Processing file /home/walterg/Documentos/Data_projects/DW_AIRFLOW_DBT_PART_ONE/.venv/lib/python3.11/site-packages/airflow/example_dags/example_latest_only.py for tasks to queue
[2025-06-03T14:41:15.025-0300] {logging_mixin.py:188} INFO - [2025-06-03T14:41:15.025-0300] {dagbag.py:540} INFO - Filling up the DagBag from /home/walterg/Documentos/Data_projects/DW_AIRFLOW_DBT_PART_ONE/.venv/lib/python3.11/site-packages/airflow/example_dags/example_latest_only.py
[2025-06-03T14:41:15.030-0300] {processor.py:840} INFO - DAG(s) 'latest_only' retrieved from /home/walterg/Documentos/Data_projects/DW_AIRFLOW_DBT_PART_ONE/.venv/lib/python3.11/site-packages/airflow/example_dags/example_latest_only.py
[2025-06-03T14:41:15.042-0300] {logging_mixin.py:188} INFO - [2025-06-03T14:41:15.042-0300] {dag.py:3047} INFO - Sync 1 DAGs
[2025-06-03T14:41:15.055-0300] {logging_mixin.py:188} INFO - [2025-06-03T14:41:15.055-0300] {dag.py:3834} INFO - Setting next_dagrun for latest_only to 2025-06-03 12:00:00+00:00, run_after=2025-06-03 16:00:00+00:00
[2025-06-03T14:41:15.070-0300] {processor.py:183} INFO - Processing /home/walterg/Documentos/Data_projects/DW_AIRFLOW_DBT_PART_ONE/.venv/lib/python3.11/site-packages/airflow/example_dags/example_latest_only.py took 0.053 seconds
