[2025-06-03T14:39:02.843-0300] {processor.py:161} INFO - Started process (PID=71705) to work on /home/walterg/Documentos/Data_projects/DW_AIRFLOW_DBT_PART_ONE/.venv/lib/python3.11/site-packages/airflow/example_dags/example_branch_operator.py
[2025-06-03T14:39:02.843-0300] {processor.py:830} INFO - Processing file /home/walterg/Documentos/Data_projects/DW_AIRFLOW_DBT_PART_ONE/.venv/lib/python3.11/site-packages/airflow/example_dags/example_branch_operator.py for tasks to queue
[2025-06-03T14:39:02.844-0300] {logging_mixin.py:188} INFO - [2025-06-03T14:39:02.844-0300] {dagbag.py:540} INFO - Filling up the DagBag from /home/walterg/Documentos/Data_projects/DW_AIRFLOW_DBT_PART_ONE/.venv/lib/python3.11/site-packages/airflow/example_dags/example_branch_operator.py
[2025-06-03T14:39:02.846-0300] {processor.py:842} WARNING - No viable dags retrieved from /home/walterg/Documentos/Data_projects/DW_AIRFLOW_DBT_PART_ONE/.venv/lib/python3.11/site-packages/airflow/example_dags/example_branch_operator.py
[2025-06-03T14:39:02.855-0300] {processor.py:183} INFO - Processing /home/walterg/Documentos/Data_projects/DW_AIRFLOW_DBT_PART_ONE/.venv/lib/python3.11/site-packages/airflow/example_dags/example_branch_operator.py took 0.015 seconds
[2025-06-03T14:39:52.915-0300] {processor.py:161} INFO - Started process (PID=72427) to work on /home/walterg/Documentos/Data_projects/DW_AIRFLOW_DBT_PART_ONE/.venv/lib/python3.11/site-packages/airflow/example_dags/example_branch_operator.py
[2025-06-03T14:39:52.916-0300] {processor.py:830} INFO - Processing file /home/walterg/Documentos/Data_projects/DW_AIRFLOW_DBT_PART_ONE/.venv/lib/python3.11/site-packages/airflow/example_dags/example_branch_operator.py for tasks to queue
[2025-06-03T14:39:52.917-0300] {logging_mixin.py:188} INFO - [2025-06-03T14:39:52.916-0300] {dagbag.py:540} INFO - Filling up the DagBag from /home/walterg/Documentos/Data_projects/DW_AIRFLOW_DBT_PART_ONE/.venv/lib/python3.11/site-packages/airflow/example_dags/example_branch_operator.py
[2025-06-03T14:39:52.919-0300] {processor.py:842} WARNING - No viable dags retrieved from /home/walterg/Documentos/Data_projects/DW_AIRFLOW_DBT_PART_ONE/.venv/lib/python3.11/site-packages/airflow/example_dags/example_branch_operator.py
[2025-06-03T14:39:52.929-0300] {processor.py:183} INFO - Processing /home/walterg/Documentos/Data_projects/DW_AIRFLOW_DBT_PART_ONE/.venv/lib/python3.11/site-packages/airflow/example_dags/example_branch_operator.py took 0.016 seconds
[2025-06-03T14:40:40.764-0300] {processor.py:161} INFO - Started process (PID=73023) to work on /home/walterg/Documentos/Data_projects/DW_AIRFLOW_DBT_PART_ONE/.venv/lib/python3.11/site-packages/airflow/example_dags/example_branch_operator.py
[2025-06-03T14:40:40.769-0300] {processor.py:830} INFO - Processing file /home/walterg/Documentos/Data_projects/DW_AIRFLOW_DBT_PART_ONE/.venv/lib/python3.11/site-packages/airflow/example_dags/example_branch_operator.py for tasks to queue
[2025-06-03T14:40:40.771-0300] {logging_mixin.py:188} INFO - [2025-06-03T14:40:40.770-0300] {dagbag.py:540} INFO - Filling up the DagBag from /home/walterg/Documentos/Data_projects/DW_AIRFLOW_DBT_PART_ONE/.venv/lib/python3.11/site-packages/airflow/example_dags/example_branch_operator.py
[2025-06-03T14:40:40.773-0300] {processor.py:842} WARNING - No viable dags retrieved from /home/walterg/Documentos/Data_projects/DW_AIRFLOW_DBT_PART_ONE/.venv/lib/python3.11/site-packages/airflow/example_dags/example_branch_operator.py
[2025-06-03T14:40:40.782-0300] {processor.py:183} INFO - Processing /home/walterg/Documentos/Data_projects/DW_AIRFLOW_DBT_PART_ONE/.venv/lib/python3.11/site-packages/airflow/example_dags/example_branch_operator.py took 0.020 seconds
[2025-06-03T14:41:28.734-0300] {processor.py:161} INFO - Started process (PID=73643) to work on /home/walterg/Documentos/Data_projects/DW_AIRFLOW_DBT_PART_ONE/.venv/lib/python3.11/site-packages/airflow/example_dags/example_branch_operator.py
[2025-06-03T14:41:28.739-0300] {processor.py:830} INFO - Processing file /home/walterg/Documentos/Data_projects/DW_AIRFLOW_DBT_PART_ONE/.venv/lib/python3.11/site-packages/airflow/example_dags/example_branch_operator.py for tasks to queue
[2025-06-03T14:41:28.741-0300] {logging_mixin.py:188} INFO - [2025-06-03T14:41:28.740-0300] {dagbag.py:540} INFO - Filling up the DagBag from /home/walterg/Documentos/Data_projects/DW_AIRFLOW_DBT_PART_ONE/.venv/lib/python3.11/site-packages/airflow/example_dags/example_branch_operator.py
[2025-06-03T14:41:28.743-0300] {processor.py:842} WARNING - No viable dags retrieved from /home/walterg/Documentos/Data_projects/DW_AIRFLOW_DBT_PART_ONE/.venv/lib/python3.11/site-packages/airflow/example_dags/example_branch_operator.py
[2025-06-03T14:41:28.751-0300] {processor.py:183} INFO - Processing /home/walterg/Documentos/Data_projects/DW_AIRFLOW_DBT_PART_ONE/.venv/lib/python3.11/site-packages/airflow/example_dags/example_branch_operator.py took 0.020 seconds
