[2025-06-03T14:38:56.465-0300] {processor.py:161} INFO - Started process (PID=71585) to work on /home/walterg/Documentos/Data_projects/DW_AIRFLOW_DBT_PART_ONE/.venv/lib/python3.11/site-packages/airflow/example_dags/example_external_task_marker_dag.py
[2025-06-03T14:38:56.466-0300] {processor.py:830} INFO - Processing file /home/walterg/Documentos/Data_projects/DW_AIRFLOW_DBT_PART_ONE/.venv/lib/python3.11/site-packages/airflow/example_dags/example_external_task_marker_dag.py for tasks to queue
[2025-06-03T14:38:56.467-0300] {logging_mixin.py:188} INFO - [2025-06-03T14:38:56.466-0300] {dagbag.py:540} INFO - Filling up the DagBag from /home/walterg/Documentos/Data_projects/DW_AIRFLOW_DBT_PART_ONE/.venv/lib/python3.11/site-packages/airflow/example_dags/example_external_task_marker_dag.py
[2025-06-03T14:38:56.472-0300] {processor.py:840} INFO - DAG(s) 'example_external_task_marker_parent', 'example_external_task_marker_child' retrieved from /home/walterg/Documentos/Data_projects/DW_AIRFLOW_DBT_PART_ONE/.venv/lib/python3.11/site-packages/airflow/example_dags/example_external_task_marker_dag.py
[2025-06-03T14:38:56.555-0300] {logging_mixin.py:188} INFO - [2025-06-03T14:38:56.554-0300] {override.py:1769} INFO - Created Permission View: can edit on DAG:example_external_task_marker_parent
[2025-06-03T14:38:56.567-0300] {logging_mixin.py:188} INFO - [2025-06-03T14:38:56.566-0300] {override.py:1769} INFO - Created Permission View: can read on DAG:example_external_task_marker_parent
[2025-06-03T14:38:56.578-0300] {logging_mixin.py:188} INFO - [2025-06-03T14:38:56.578-0300] {override.py:1769} INFO - Created Permission View: can delete on DAG:example_external_task_marker_parent
[2025-06-03T14:38:56.594-0300] {logging_mixin.py:188} INFO - [2025-06-03T14:38:56.594-0300] {override.py:1769} INFO - Created Permission View: can edit on DAG:example_external_task_marker_child
[2025-06-03T14:38:56.603-0300] {logging_mixin.py:188} INFO - [2025-06-03T14:38:56.602-0300] {override.py:1769} INFO - Created Permission View: can read on DAG:example_external_task_marker_child
[2025-06-03T14:38:56.611-0300] {logging_mixin.py:188} INFO - [2025-06-03T14:38:56.611-0300] {override.py:1769} INFO - Created Permission View: can delete on DAG:example_external_task_marker_child
[2025-06-03T14:38:56.612-0300] {logging_mixin.py:188} INFO - [2025-06-03T14:38:56.612-0300] {dag.py:3047} INFO - Sync 2 DAGs
[2025-06-03T14:38:56.621-0300] {logging_mixin.py:188} INFO - [2025-06-03T14:38:56.621-0300] {dag.py:3069} INFO - Creating ORM DAG for example_external_task_marker_parent
[2025-06-03T14:38:56.621-0300] {logging_mixin.py:188} INFO - [2025-06-03T14:38:56.621-0300] {dag.py:3069} INFO - Creating ORM DAG for example_external_task_marker_child
[2025-06-03T14:38:56.621-0300] {logging_mixin.py:188} INFO - [2025-06-03T14:38:56.621-0300] {dag.py:3834} INFO - Setting next_dagrun for example_external_task_marker_child to None, run_after=None
[2025-06-03T14:38:56.622-0300] {logging_mixin.py:188} INFO - [2025-06-03T14:38:56.622-0300] {dag.py:3834} INFO - Setting next_dagrun for example_external_task_marker_parent to None, run_after=None
[2025-06-03T14:38:56.639-0300] {processor.py:183} INFO - Processing /home/walterg/Documentos/Data_projects/DW_AIRFLOW_DBT_PART_ONE/.venv/lib/python3.11/site-packages/airflow/example_dags/example_external_task_marker_dag.py took 0.177 seconds
[2025-06-03T14:39:47.119-0300] {processor.py:161} INFO - Started process (PID=72350) to work on /home/walterg/Documentos/Data_projects/DW_AIRFLOW_DBT_PART_ONE/.venv/lib/python3.11/site-packages/airflow/example_dags/example_external_task_marker_dag.py
[2025-06-03T14:39:47.124-0300] {processor.py:830} INFO - Processing file /home/walterg/Documentos/Data_projects/DW_AIRFLOW_DBT_PART_ONE/.venv/lib/python3.11/site-packages/airflow/example_dags/example_external_task_marker_dag.py for tasks to queue
[2025-06-03T14:39:47.125-0300] {logging_mixin.py:188} INFO - [2025-06-03T14:39:47.124-0300] {dagbag.py:540} INFO - Filling up the DagBag from /home/walterg/Documentos/Data_projects/DW_AIRFLOW_DBT_PART_ONE/.venv/lib/python3.11/site-packages/airflow/example_dags/example_external_task_marker_dag.py
[2025-06-03T14:39:47.131-0300] {processor.py:840} INFO - DAG(s) 'example_external_task_marker_child', 'example_external_task_marker_parent' retrieved from /home/walterg/Documentos/Data_projects/DW_AIRFLOW_DBT_PART_ONE/.venv/lib/python3.11/site-packages/airflow/example_dags/example_external_task_marker_dag.py
[2025-06-03T14:39:47.146-0300] {logging_mixin.py:188} INFO - [2025-06-03T14:39:47.146-0300] {dag.py:3047} INFO - Sync 2 DAGs
[2025-06-03T14:39:47.154-0300] {logging_mixin.py:188} INFO - [2025-06-03T14:39:47.154-0300] {dag.py:3834} INFO - Setting next_dagrun for example_external_task_marker_child to None, run_after=None
[2025-06-03T14:39:47.157-0300] {logging_mixin.py:188} INFO - [2025-06-03T14:39:47.156-0300] {dag.py:3834} INFO - Setting next_dagrun for example_external_task_marker_parent to None, run_after=None
[2025-06-03T14:39:47.174-0300] {processor.py:183} INFO - Processing /home/walterg/Documentos/Data_projects/DW_AIRFLOW_DBT_PART_ONE/.venv/lib/python3.11/site-packages/airflow/example_dags/example_external_task_marker_dag.py took 0.058 seconds
[2025-06-03T14:40:35.625-0300] {processor.py:161} INFO - Started process (PID=72949) to work on /home/walterg/Documentos/Data_projects/DW_AIRFLOW_DBT_PART_ONE/.venv/lib/python3.11/site-packages/airflow/example_dags/example_external_task_marker_dag.py
[2025-06-03T14:40:35.630-0300] {processor.py:830} INFO - Processing file /home/walterg/Documentos/Data_projects/DW_AIRFLOW_DBT_PART_ONE/.venv/lib/python3.11/site-packages/airflow/example_dags/example_external_task_marker_dag.py for tasks to queue
[2025-06-03T14:40:35.631-0300] {logging_mixin.py:188} INFO - [2025-06-03T14:40:35.630-0300] {dagbag.py:540} INFO - Filling up the DagBag from /home/walterg/Documentos/Data_projects/DW_AIRFLOW_DBT_PART_ONE/.venv/lib/python3.11/site-packages/airflow/example_dags/example_external_task_marker_dag.py
[2025-06-03T14:40:35.636-0300] {processor.py:840} INFO - DAG(s) 'example_external_task_marker_child', 'example_external_task_marker_parent' retrieved from /home/walterg/Documentos/Data_projects/DW_AIRFLOW_DBT_PART_ONE/.venv/lib/python3.11/site-packages/airflow/example_dags/example_external_task_marker_dag.py
[2025-06-03T14:40:35.650-0300] {logging_mixin.py:188} INFO - [2025-06-03T14:40:35.650-0300] {dag.py:3047} INFO - Sync 2 DAGs
[2025-06-03T14:40:35.658-0300] {logging_mixin.py:188} INFO - [2025-06-03T14:40:35.657-0300] {dag.py:3834} INFO - Setting next_dagrun for example_external_task_marker_child to None, run_after=None
[2025-06-03T14:40:35.660-0300] {logging_mixin.py:188} INFO - [2025-06-03T14:40:35.660-0300] {dag.py:3834} INFO - Setting next_dagrun for example_external_task_marker_parent to None, run_after=None
[2025-06-03T14:40:35.676-0300] {processor.py:183} INFO - Processing /home/walterg/Documentos/Data_projects/DW_AIRFLOW_DBT_PART_ONE/.venv/lib/python3.11/site-packages/airflow/example_dags/example_external_task_marker_dag.py took 0.054 seconds
[2025-06-03T14:41:23.038-0300] {processor.py:161} INFO - Started process (PID=73592) to work on /home/walterg/Documentos/Data_projects/DW_AIRFLOW_DBT_PART_ONE/.venv/lib/python3.11/site-packages/airflow/example_dags/example_external_task_marker_dag.py
[2025-06-03T14:41:23.043-0300] {processor.py:830} INFO - Processing file /home/walterg/Documentos/Data_projects/DW_AIRFLOW_DBT_PART_ONE/.venv/lib/python3.11/site-packages/airflow/example_dags/example_external_task_marker_dag.py for tasks to queue
[2025-06-03T14:41:23.044-0300] {logging_mixin.py:188} INFO - [2025-06-03T14:41:23.044-0300] {dagbag.py:540} INFO - Filling up the DagBag from /home/walterg/Documentos/Data_projects/DW_AIRFLOW_DBT_PART_ONE/.venv/lib/python3.11/site-packages/airflow/example_dags/example_external_task_marker_dag.py
[2025-06-03T14:41:23.049-0300] {processor.py:840} INFO - DAG(s) 'example_external_task_marker_parent', 'example_external_task_marker_child' retrieved from /home/walterg/Documentos/Data_projects/DW_AIRFLOW_DBT_PART_ONE/.venv/lib/python3.11/site-packages/airflow/example_dags/example_external_task_marker_dag.py
[2025-06-03T14:41:23.067-0300] {logging_mixin.py:188} INFO - [2025-06-03T14:41:23.066-0300] {dag.py:3047} INFO - Sync 2 DAGs
[2025-06-03T14:41:23.075-0300] {logging_mixin.py:188} INFO - [2025-06-03T14:41:23.075-0300] {dag.py:3834} INFO - Setting next_dagrun for example_external_task_marker_child to None, run_after=None
[2025-06-03T14:41:23.079-0300] {logging_mixin.py:188} INFO - [2025-06-03T14:41:23.078-0300] {dag.py:3834} INFO - Setting next_dagrun for example_external_task_marker_parent to None, run_after=None
[2025-06-03T14:41:23.097-0300] {processor.py:183} INFO - Processing /home/walterg/Documentos/Data_projects/DW_AIRFLOW_DBT_PART_ONE/.venv/lib/python3.11/site-packages/airflow/example_dags/example_external_task_marker_dag.py took 0.062 seconds
