[2025-06-03T14:38:57.799-0300] {processor.py:161} INFO - Started process (PID=71608) to work on /home/walterg/Documentos/Data_projects/DW_AIRFLOW_DBT_PART_ONE/.venv/lib/python3.11/site-packages/airflow/example_dags/example_branch_python_dop_operator_3.py
[2025-06-03T14:38:57.800-0300] {processor.py:830} INFO - Processing file /home/walterg/Documentos/Data_projects/DW_AIRFLOW_DBT_PART_ONE/.venv/lib/python3.11/site-packages/airflow/example_dags/example_branch_python_dop_operator_3.py for tasks to queue
[2025-06-03T14:38:57.800-0300] {logging_mixin.py:188} INFO - [2025-06-03T14:38:57.800-0300] {dagbag.py:540} INFO - Filling up the DagBag from /home/walterg/Documentos/Data_projects/DW_AIRFLOW_DBT_PART_ONE/.venv/lib/python3.11/site-packages/airflow/example_dags/example_branch_python_dop_operator_3.py
[2025-06-03T14:38:57.807-0300] {processor.py:840} INFO - DAG(s) 'example_branch_dop_operator_v3' retrieved from /home/walterg/Documentos/Data_projects/DW_AIRFLOW_DBT_PART_ONE/.venv/lib/python3.11/site-packages/airflow/example_dags/example_branch_python_dop_operator_3.py
[2025-06-03T14:38:57.883-0300] {logging_mixin.py:188} INFO - [2025-06-03T14:38:57.882-0300] {override.py:1769} INFO - Created Permission View: can edit on DAG:example_branch_dop_operator_v3
[2025-06-03T14:38:57.892-0300] {logging_mixin.py:188} INFO - [2025-06-03T14:38:57.892-0300] {override.py:1769} INFO - Created Permission View: can read on DAG:example_branch_dop_operator_v3
[2025-06-03T14:38:57.900-0300] {logging_mixin.py:188} INFO - [2025-06-03T14:38:57.900-0300] {override.py:1769} INFO - Created Permission View: can delete on DAG:example_branch_dop_operator_v3
[2025-06-03T14:38:57.900-0300] {logging_mixin.py:188} INFO - [2025-06-03T14:38:57.900-0300] {dag.py:3047} INFO - Sync 1 DAGs
[2025-06-03T14:38:57.908-0300] {logging_mixin.py:188} INFO - [2025-06-03T14:38:57.908-0300] {dag.py:3069} INFO - Creating ORM DAG for example_branch_dop_operator_v3
[2025-06-03T14:38:57.916-0300] {logging_mixin.py:188} INFO - [2025-06-03T14:38:57.916-0300] {dag.py:3834} INFO - Setting next_dagrun for example_branch_dop_operator_v3 to 2025-06-03 17:37:00+00:00, run_after=2025-06-03 17:38:00+00:00
[2025-06-03T14:38:57.929-0300] {processor.py:183} INFO - Processing /home/walterg/Documentos/Data_projects/DW_AIRFLOW_DBT_PART_ONE/.venv/lib/python3.11/site-packages/airflow/example_dags/example_branch_python_dop_operator_3.py took 0.133 seconds
[2025-06-03T14:39:48.516-0300] {processor.py:161} INFO - Started process (PID=72354) to work on /home/walterg/Documentos/Data_projects/DW_AIRFLOW_DBT_PART_ONE/.venv/lib/python3.11/site-packages/airflow/example_dags/example_branch_python_dop_operator_3.py
[2025-06-03T14:39:48.522-0300] {processor.py:830} INFO - Processing file /home/walterg/Documentos/Data_projects/DW_AIRFLOW_DBT_PART_ONE/.venv/lib/python3.11/site-packages/airflow/example_dags/example_branch_python_dop_operator_3.py for tasks to queue
[2025-06-03T14:39:48.523-0300] {logging_mixin.py:188} INFO - [2025-06-03T14:39:48.522-0300] {dagbag.py:540} INFO - Filling up the DagBag from /home/walterg/Documentos/Data_projects/DW_AIRFLOW_DBT_PART_ONE/.venv/lib/python3.11/site-packages/airflow/example_dags/example_branch_python_dop_operator_3.py
[2025-06-03T14:39:48.531-0300] {processor.py:840} INFO - DAG(s) 'example_branch_dop_operator_v3' retrieved from /home/walterg/Documentos/Data_projects/DW_AIRFLOW_DBT_PART_ONE/.venv/lib/python3.11/site-packages/airflow/example_dags/example_branch_python_dop_operator_3.py
[2025-06-03T14:39:48.544-0300] {logging_mixin.py:188} INFO - [2025-06-03T14:39:48.544-0300] {dag.py:3047} INFO - Sync 1 DAGs
[2025-06-03T14:39:48.560-0300] {logging_mixin.py:188} INFO - [2025-06-03T14:39:48.559-0300] {dag.py:3834} INFO - Setting next_dagrun for example_branch_dop_operator_v3 to 2025-06-03 17:38:00+00:00, run_after=2025-06-03 17:39:00+00:00
[2025-06-03T14:39:48.576-0300] {processor.py:183} INFO - Processing /home/walterg/Documentos/Data_projects/DW_AIRFLOW_DBT_PART_ONE/.venv/lib/python3.11/site-packages/airflow/example_dags/example_branch_python_dop_operator_3.py took 0.062 seconds
[2025-06-03T14:40:37.897-0300] {processor.py:161} INFO - Started process (PID=72981) to work on /home/walterg/Documentos/Data_projects/DW_AIRFLOW_DBT_PART_ONE/.venv/lib/python3.11/site-packages/airflow/example_dags/example_branch_python_dop_operator_3.py
[2025-06-03T14:40:37.903-0300] {processor.py:830} INFO - Processing file /home/walterg/Documentos/Data_projects/DW_AIRFLOW_DBT_PART_ONE/.venv/lib/python3.11/site-packages/airflow/example_dags/example_branch_python_dop_operator_3.py for tasks to queue
[2025-06-03T14:40:37.904-0300] {logging_mixin.py:188} INFO - [2025-06-03T14:40:37.903-0300] {dagbag.py:540} INFO - Filling up the DagBag from /home/walterg/Documentos/Data_projects/DW_AIRFLOW_DBT_PART_ONE/.venv/lib/python3.11/site-packages/airflow/example_dags/example_branch_python_dop_operator_3.py
[2025-06-03T14:40:37.911-0300] {processor.py:840} INFO - DAG(s) 'example_branch_dop_operator_v3' retrieved from /home/walterg/Documentos/Data_projects/DW_AIRFLOW_DBT_PART_ONE/.venv/lib/python3.11/site-packages/airflow/example_dags/example_branch_python_dop_operator_3.py
[2025-06-03T14:40:37.923-0300] {logging_mixin.py:188} INFO - [2025-06-03T14:40:37.923-0300] {dag.py:3047} INFO - Sync 1 DAGs
[2025-06-03T14:40:37.938-0300] {logging_mixin.py:188} INFO - [2025-06-03T14:40:37.938-0300] {dag.py:3834} INFO - Setting next_dagrun for example_branch_dop_operator_v3 to 2025-06-03 17:39:00+00:00, run_after=2025-06-03 17:40:00+00:00
[2025-06-03T14:40:37.953-0300] {processor.py:183} INFO - Processing /home/walterg/Documentos/Data_projects/DW_AIRFLOW_DBT_PART_ONE/.venv/lib/python3.11/site-packages/airflow/example_dags/example_branch_python_dop_operator_3.py took 0.058 seconds
[2025-06-03T14:41:25.307-0300] {processor.py:161} INFO - Started process (PID=73613) to work on /home/walterg/Documentos/Data_projects/DW_AIRFLOW_DBT_PART_ONE/.venv/lib/python3.11/site-packages/airflow/example_dags/example_branch_python_dop_operator_3.py
[2025-06-03T14:41:25.312-0300] {processor.py:830} INFO - Processing file /home/walterg/Documentos/Data_projects/DW_AIRFLOW_DBT_PART_ONE/.venv/lib/python3.11/site-packages/airflow/example_dags/example_branch_python_dop_operator_3.py for tasks to queue
[2025-06-03T14:41:25.313-0300] {logging_mixin.py:188} INFO - [2025-06-03T14:41:25.313-0300] {dagbag.py:540} INFO - Filling up the DagBag from /home/walterg/Documentos/Data_projects/DW_AIRFLOW_DBT_PART_ONE/.venv/lib/python3.11/site-packages/airflow/example_dags/example_branch_python_dop_operator_3.py
[2025-06-03T14:41:25.320-0300] {processor.py:840} INFO - DAG(s) 'example_branch_dop_operator_v3' retrieved from /home/walterg/Documentos/Data_projects/DW_AIRFLOW_DBT_PART_ONE/.venv/lib/python3.11/site-packages/airflow/example_dags/example_branch_python_dop_operator_3.py
[2025-06-03T14:41:25.332-0300] {logging_mixin.py:188} INFO - [2025-06-03T14:41:25.332-0300] {dag.py:3047} INFO - Sync 1 DAGs
[2025-06-03T14:41:25.348-0300] {logging_mixin.py:188} INFO - [2025-06-03T14:41:25.348-0300] {dag.py:3834} INFO - Setting next_dagrun for example_branch_dop_operator_v3 to 2025-06-03 17:40:00+00:00, run_after=2025-06-03 17:41:00+00:00
[2025-06-03T14:41:25.365-0300] {processor.py:183} INFO - Processing /home/walterg/Documentos/Data_projects/DW_AIRFLOW_DBT_PART_ONE/.venv/lib/python3.11/site-packages/airflow/example_dags/example_branch_python_dop_operator_3.py took 0.060 seconds
