[2025-06-03T14:38:23.788-0300] {processor.py:161} INFO - Started process (PID=71172) to work on /home/walterg/Documentos/Data_projects/DW_AIRFLOW_DBT_PART_ONE/.venv/lib/python3.11/site-packages/airflow/example_dags/tutorial_dag.py
[2025-06-03T14:38:23.788-0300] {processor.py:830} INFO - Processing file /home/walterg/Documentos/Data_projects/DW_AIRFLOW_DBT_PART_ONE/.venv/lib/python3.11/site-packages/airflow/example_dags/tutorial_dag.py for tasks to queue
[2025-06-03T14:38:23.789-0300] {logging_mixin.py:188} INFO - [2025-06-03T14:38:23.789-0300] {dagbag.py:540} INFO - Filling up the DagBag from /home/walterg/Documentos/Data_projects/DW_AIRFLOW_DBT_PART_ONE/.venv/lib/python3.11/site-packages/airflow/example_dags/tutorial_dag.py
[2025-06-03T14:38:23.795-0300] {processor.py:840} INFO - DAG(s) 'tutorial_dag' retrieved from /home/walterg/Documentos/Data_projects/DW_AIRFLOW_DBT_PART_ONE/.venv/lib/python3.11/site-packages/airflow/example_dags/tutorial_dag.py
[2025-06-03T14:38:23.871-0300] {logging_mixin.py:188} INFO - [2025-06-03T14:38:23.870-0300] {override.py:1769} INFO - Created Permission View: can edit on DAG:tutorial_dag
[2025-06-03T14:38:23.881-0300] {logging_mixin.py:188} INFO - [2025-06-03T14:38:23.880-0300] {override.py:1769} INFO - Created Permission View: can read on DAG:tutorial_dag
[2025-06-03T14:38:23.889-0300] {logging_mixin.py:188} INFO - [2025-06-03T14:38:23.888-0300] {override.py:1769} INFO - Created Permission View: can delete on DAG:tutorial_dag
[2025-06-03T14:38:23.889-0300] {logging_mixin.py:188} INFO - [2025-06-03T14:38:23.889-0300] {dag.py:3047} INFO - Sync 1 DAGs
[2025-06-03T14:38:23.896-0300] {logging_mixin.py:188} INFO - [2025-06-03T14:38:23.896-0300] {dag.py:3069} INFO - Creating ORM DAG for tutorial_dag
[2025-06-03T14:38:23.897-0300] {logging_mixin.py:188} INFO - [2025-06-03T14:38:23.897-0300] {dag.py:3834} INFO - Setting next_dagrun for tutorial_dag to None, run_after=None
[2025-06-03T14:38:23.911-0300] {processor.py:183} INFO - Processing /home/walterg/Documentos/Data_projects/DW_AIRFLOW_DBT_PART_ONE/.venv/lib/python3.11/site-packages/airflow/example_dags/tutorial_dag.py took 0.127 seconds
[2025-06-03T14:39:12.816-0300] {processor.py:161} INFO - Started process (PID=71874) to work on /home/walterg/Documentos/Data_projects/DW_AIRFLOW_DBT_PART_ONE/.venv/lib/python3.11/site-packages/airflow/example_dags/tutorial_dag.py
[2025-06-03T14:39:12.821-0300] {processor.py:830} INFO - Processing file /home/walterg/Documentos/Data_projects/DW_AIRFLOW_DBT_PART_ONE/.venv/lib/python3.11/site-packages/airflow/example_dags/tutorial_dag.py for tasks to queue
[2025-06-03T14:39:12.822-0300] {logging_mixin.py:188} INFO - [2025-06-03T14:39:12.822-0300] {dagbag.py:540} INFO - Filling up the DagBag from /home/walterg/Documentos/Data_projects/DW_AIRFLOW_DBT_PART_ONE/.venv/lib/python3.11/site-packages/airflow/example_dags/tutorial_dag.py
[2025-06-03T14:39:12.827-0300] {processor.py:840} INFO - DAG(s) 'tutorial_dag' retrieved from /home/walterg/Documentos/Data_projects/DW_AIRFLOW_DBT_PART_ONE/.venv/lib/python3.11/site-packages/airflow/example_dags/tutorial_dag.py
[2025-06-03T14:39:12.839-0300] {logging_mixin.py:188} INFO - [2025-06-03T14:39:12.839-0300] {dag.py:3047} INFO - Sync 1 DAGs
[2025-06-03T14:39:12.847-0300] {logging_mixin.py:188} INFO - [2025-06-03T14:39:12.847-0300] {dag.py:3834} INFO - Setting next_dagrun for tutorial_dag to None, run_after=None
[2025-06-03T14:39:12.863-0300] {processor.py:183} INFO - Processing /home/walterg/Documentos/Data_projects/DW_AIRFLOW_DBT_PART_ONE/.venv/lib/python3.11/site-packages/airflow/example_dags/tutorial_dag.py took 0.049 seconds
[2025-06-03T14:39:58.652-0300] {processor.py:161} INFO - Started process (PID=72512) to work on /home/walterg/Documentos/Data_projects/DW_AIRFLOW_DBT_PART_ONE/.venv/lib/python3.11/site-packages/airflow/example_dags/tutorial_dag.py
[2025-06-03T14:39:58.658-0300] {processor.py:830} INFO - Processing file /home/walterg/Documentos/Data_projects/DW_AIRFLOW_DBT_PART_ONE/.venv/lib/python3.11/site-packages/airflow/example_dags/tutorial_dag.py for tasks to queue
[2025-06-03T14:39:58.659-0300] {logging_mixin.py:188} INFO - [2025-06-03T14:39:58.658-0300] {dagbag.py:540} INFO - Filling up the DagBag from /home/walterg/Documentos/Data_projects/DW_AIRFLOW_DBT_PART_ONE/.venv/lib/python3.11/site-packages/airflow/example_dags/tutorial_dag.py
[2025-06-03T14:39:58.663-0300] {processor.py:840} INFO - DAG(s) 'tutorial_dag' retrieved from /home/walterg/Documentos/Data_projects/DW_AIRFLOW_DBT_PART_ONE/.venv/lib/python3.11/site-packages/airflow/example_dags/tutorial_dag.py
[2025-06-03T14:39:58.676-0300] {logging_mixin.py:188} INFO - [2025-06-03T14:39:58.676-0300] {dag.py:3047} INFO - Sync 1 DAGs
[2025-06-03T14:39:58.684-0300] {logging_mixin.py:188} INFO - [2025-06-03T14:39:58.683-0300] {dag.py:3834} INFO - Setting next_dagrun for tutorial_dag to None, run_after=None
[2025-06-03T14:39:58.699-0300] {processor.py:183} INFO - Processing /home/walterg/Documentos/Data_projects/DW_AIRFLOW_DBT_PART_ONE/.venv/lib/python3.11/site-packages/airflow/example_dags/tutorial_dag.py took 0.049 seconds
[2025-06-03T14:40:31.624-0300] {processor.py:161} INFO - Started process (PID=72894) to work on /home/walterg/Documentos/Data_projects/DW_AIRFLOW_DBT_PART_ONE/.venv/lib/python3.11/site-packages/airflow/example_dags/tutorial_dag.py
[2025-06-03T14:40:31.629-0300] {processor.py:830} INFO - Processing file /home/walterg/Documentos/Data_projects/DW_AIRFLOW_DBT_PART_ONE/.venv/lib/python3.11/site-packages/airflow/example_dags/tutorial_dag.py for tasks to queue
[2025-06-03T14:40:31.631-0300] {logging_mixin.py:188} INFO - [2025-06-03T14:40:31.630-0300] {dagbag.py:540} INFO - Filling up the DagBag from /home/walterg/Documentos/Data_projects/DW_AIRFLOW_DBT_PART_ONE/.venv/lib/python3.11/site-packages/airflow/example_dags/tutorial_dag.py
[2025-06-03T14:40:31.635-0300] {processor.py:840} INFO - DAG(s) 'tutorial_dag' retrieved from /home/walterg/Documentos/Data_projects/DW_AIRFLOW_DBT_PART_ONE/.venv/lib/python3.11/site-packages/airflow/example_dags/tutorial_dag.py
[2025-06-03T14:40:31.648-0300] {logging_mixin.py:188} INFO - [2025-06-03T14:40:31.648-0300] {dag.py:3047} INFO - Sync 1 DAGs
[2025-06-03T14:40:31.656-0300] {logging_mixin.py:188} INFO - [2025-06-03T14:40:31.656-0300] {dag.py:3834} INFO - Setting next_dagrun for tutorial_dag to None, run_after=None
[2025-06-03T14:40:31.671-0300] {processor.py:183} INFO - Processing /home/walterg/Documentos/Data_projects/DW_AIRFLOW_DBT_PART_ONE/.venv/lib/python3.11/site-packages/airflow/example_dags/tutorial_dag.py took 0.049 seconds
[2025-06-03T14:41:18.598-0300] {processor.py:161} INFO - Started process (PID=73498) to work on /home/walterg/Documentos/Data_projects/DW_AIRFLOW_DBT_PART_ONE/.venv/lib/python3.11/site-packages/airflow/example_dags/tutorial_dag.py
[2025-06-03T14:41:18.603-0300] {processor.py:830} INFO - Processing file /home/walterg/Documentos/Data_projects/DW_AIRFLOW_DBT_PART_ONE/.venv/lib/python3.11/site-packages/airflow/example_dags/tutorial_dag.py for tasks to queue
[2025-06-03T14:41:18.604-0300] {logging_mixin.py:188} INFO - [2025-06-03T14:41:18.604-0300] {dagbag.py:540} INFO - Filling up the DagBag from /home/walterg/Documentos/Data_projects/DW_AIRFLOW_DBT_PART_ONE/.venv/lib/python3.11/site-packages/airflow/example_dags/tutorial_dag.py
[2025-06-03T14:41:18.608-0300] {processor.py:840} INFO - DAG(s) 'tutorial_dag' retrieved from /home/walterg/Documentos/Data_projects/DW_AIRFLOW_DBT_PART_ONE/.venv/lib/python3.11/site-packages/airflow/example_dags/tutorial_dag.py
[2025-06-03T14:41:18.620-0300] {logging_mixin.py:188} INFO - [2025-06-03T14:41:18.620-0300] {dag.py:3047} INFO - Sync 1 DAGs
[2025-06-03T14:41:18.628-0300] {logging_mixin.py:188} INFO - [2025-06-03T14:41:18.628-0300] {dag.py:3834} INFO - Setting next_dagrun for tutorial_dag to None, run_after=None
[2025-06-03T14:41:18.643-0300] {processor.py:183} INFO - Processing /home/walterg/Documentos/Data_projects/DW_AIRFLOW_DBT_PART_ONE/.venv/lib/python3.11/site-packages/airflow/example_dags/tutorial_dag.py took 0.048 seconds
