[2025-06-03T14:38:29.022-0300] {processor.py:161} INFO - Started process (PID=71242) to work on /home/walterg/Documentos/Data_projects/DW_AIRFLOW_DBT_PART_ONE/.venv/lib/python3.11/site-packages/airflow/example_dags/tutorial.py
[2025-06-03T14:38:29.023-0300] {processor.py:830} INFO - Processing file /home/walterg/Documentos/Data_projects/DW_AIRFLOW_DBT_PART_ONE/.venv/lib/python3.11/site-packages/airflow/example_dags/tutorial.py for tasks to queue
[2025-06-03T14:38:29.024-0300] {logging_mixin.py:188} INFO - [2025-06-03T14:38:29.023-0300] {dagbag.py:540} INFO - Filling up the DagBag from /home/walterg/Documentos/Data_projects/DW_AIRFLOW_DBT_PART_ONE/.venv/lib/python3.11/site-packages/airflow/example_dags/tutorial.py
[2025-06-03T14:38:29.031-0300] {processor.py:840} INFO - DAG(s) 'tutorial' retrieved from /home/walterg/Documentos/Data_projects/DW_AIRFLOW_DBT_PART_ONE/.venv/lib/python3.11/site-packages/airflow/example_dags/tutorial.py
[2025-06-03T14:38:29.105-0300] {logging_mixin.py:188} INFO - [2025-06-03T14:38:29.104-0300] {override.py:1769} INFO - Created Permission View: can edit on DAG:tutorial
[2025-06-03T14:38:29.115-0300] {logging_mixin.py:188} INFO - [2025-06-03T14:38:29.114-0300] {override.py:1769} INFO - Created Permission View: can read on DAG:tutorial
[2025-06-03T14:38:29.122-0300] {logging_mixin.py:188} INFO - [2025-06-03T14:38:29.122-0300] {override.py:1769} INFO - Created Permission View: can delete on DAG:tutorial
[2025-06-03T14:38:29.122-0300] {logging_mixin.py:188} INFO - [2025-06-03T14:38:29.122-0300] {dag.py:3047} INFO - Sync 1 DAGs
[2025-06-03T14:38:29.129-0300] {logging_mixin.py:188} INFO - [2025-06-03T14:38:29.129-0300] {dag.py:3069} INFO - Creating ORM DAG for tutorial
[2025-06-03T14:38:29.134-0300] {logging_mixin.py:188} INFO - [2025-06-03T14:38:29.134-0300] {dag.py:3834} INFO - Setting next_dagrun for tutorial to 2025-06-02 00:00:00+00:00, run_after=2025-06-03 00:00:00+00:00
[2025-06-03T14:38:29.149-0300] {processor.py:183} INFO - Processing /home/walterg/Documentos/Data_projects/DW_AIRFLOW_DBT_PART_ONE/.venv/lib/python3.11/site-packages/airflow/example_dags/tutorial.py took 0.129 seconds
[2025-06-03T14:39:16.844-0300] {processor.py:161} INFO - Started process (PID=71948) to work on /home/walterg/Documentos/Data_projects/DW_AIRFLOW_DBT_PART_ONE/.venv/lib/python3.11/site-packages/airflow/example_dags/tutorial.py
[2025-06-03T14:39:16.850-0300] {processor.py:830} INFO - Processing file /home/walterg/Documentos/Data_projects/DW_AIRFLOW_DBT_PART_ONE/.venv/lib/python3.11/site-packages/airflow/example_dags/tutorial.py for tasks to queue
[2025-06-03T14:39:16.850-0300] {logging_mixin.py:188} INFO - [2025-06-03T14:39:16.850-0300] {dagbag.py:540} INFO - Filling up the DagBag from /home/walterg/Documentos/Data_projects/DW_AIRFLOW_DBT_PART_ONE/.venv/lib/python3.11/site-packages/airflow/example_dags/tutorial.py
[2025-06-03T14:39:16.856-0300] {processor.py:840} INFO - DAG(s) 'tutorial' retrieved from /home/walterg/Documentos/Data_projects/DW_AIRFLOW_DBT_PART_ONE/.venv/lib/python3.11/site-packages/airflow/example_dags/tutorial.py
[2025-06-03T14:39:16.868-0300] {logging_mixin.py:188} INFO - [2025-06-03T14:39:16.868-0300] {dag.py:3047} INFO - Sync 1 DAGs
[2025-06-03T14:39:16.881-0300] {logging_mixin.py:188} INFO - [2025-06-03T14:39:16.881-0300] {dag.py:3834} INFO - Setting next_dagrun for tutorial to 2025-06-02 00:00:00+00:00, run_after=2025-06-03 00:00:00+00:00
[2025-06-03T14:39:16.896-0300] {processor.py:183} INFO - Processing /home/walterg/Documentos/Data_projects/DW_AIRFLOW_DBT_PART_ONE/.venv/lib/python3.11/site-packages/airflow/example_dags/tutorial.py took 0.054 seconds
[2025-06-03T14:40:03.392-0300] {processor.py:161} INFO - Started process (PID=72582) to work on /home/walterg/Documentos/Data_projects/DW_AIRFLOW_DBT_PART_ONE/.venv/lib/python3.11/site-packages/airflow/example_dags/tutorial.py
[2025-06-03T14:40:03.398-0300] {processor.py:830} INFO - Processing file /home/walterg/Documentos/Data_projects/DW_AIRFLOW_DBT_PART_ONE/.venv/lib/python3.11/site-packages/airflow/example_dags/tutorial.py for tasks to queue
[2025-06-03T14:40:03.399-0300] {logging_mixin.py:188} INFO - [2025-06-03T14:40:03.398-0300] {dagbag.py:540} INFO - Filling up the DagBag from /home/walterg/Documentos/Data_projects/DW_AIRFLOW_DBT_PART_ONE/.venv/lib/python3.11/site-packages/airflow/example_dags/tutorial.py
[2025-06-03T14:40:03.404-0300] {processor.py:840} INFO - DAG(s) 'tutorial' retrieved from /home/walterg/Documentos/Data_projects/DW_AIRFLOW_DBT_PART_ONE/.venv/lib/python3.11/site-packages/airflow/example_dags/tutorial.py
[2025-06-03T14:40:03.416-0300] {logging_mixin.py:188} INFO - [2025-06-03T14:40:03.416-0300] {dag.py:3047} INFO - Sync 1 DAGs
[2025-06-03T14:40:03.430-0300] {logging_mixin.py:188} INFO - [2025-06-03T14:40:03.429-0300] {dag.py:3834} INFO - Setting next_dagrun for tutorial to 2025-06-02 00:00:00+00:00, run_after=2025-06-03 00:00:00+00:00
[2025-06-03T14:40:03.446-0300] {processor.py:183} INFO - Processing /home/walterg/Documentos/Data_projects/DW_AIRFLOW_DBT_PART_ONE/.venv/lib/python3.11/site-packages/airflow/example_dags/tutorial.py took 0.056 seconds
[2025-06-03T14:40:49.326-0300] {processor.py:161} INFO - Started process (PID=73127) to work on /home/walterg/Documentos/Data_projects/DW_AIRFLOW_DBT_PART_ONE/.venv/lib/python3.11/site-packages/airflow/example_dags/tutorial.py
[2025-06-03T14:40:49.331-0300] {processor.py:830} INFO - Processing file /home/walterg/Documentos/Data_projects/DW_AIRFLOW_DBT_PART_ONE/.venv/lib/python3.11/site-packages/airflow/example_dags/tutorial.py for tasks to queue
[2025-06-03T14:40:49.332-0300] {logging_mixin.py:188} INFO - [2025-06-03T14:40:49.332-0300] {dagbag.py:540} INFO - Filling up the DagBag from /home/walterg/Documentos/Data_projects/DW_AIRFLOW_DBT_PART_ONE/.venv/lib/python3.11/site-packages/airflow/example_dags/tutorial.py
[2025-06-03T14:40:49.338-0300] {processor.py:840} INFO - DAG(s) 'tutorial' retrieved from /home/walterg/Documentos/Data_projects/DW_AIRFLOW_DBT_PART_ONE/.venv/lib/python3.11/site-packages/airflow/example_dags/tutorial.py
[2025-06-03T14:40:49.350-0300] {logging_mixin.py:188} INFO - [2025-06-03T14:40:49.350-0300] {dag.py:3047} INFO - Sync 1 DAGs
[2025-06-03T14:40:49.363-0300] {logging_mixin.py:188} INFO - [2025-06-03T14:40:49.363-0300] {dag.py:3834} INFO - Setting next_dagrun for tutorial to 2025-06-02 00:00:00+00:00, run_after=2025-06-03 00:00:00+00:00
[2025-06-03T14:40:49.378-0300] {processor.py:183} INFO - Processing /home/walterg/Documentos/Data_projects/DW_AIRFLOW_DBT_PART_ONE/.venv/lib/python3.11/site-packages/airflow/example_dags/tutorial.py took 0.054 seconds
[2025-06-03T14:41:37.417-0300] {processor.py:161} INFO - Started process (PID=73756) to work on /home/walterg/Documentos/Data_projects/DW_AIRFLOW_DBT_PART_ONE/.venv/lib/python3.11/site-packages/airflow/example_dags/tutorial.py
[2025-06-03T14:41:37.421-0300] {processor.py:830} INFO - Processing file /home/walterg/Documentos/Data_projects/DW_AIRFLOW_DBT_PART_ONE/.venv/lib/python3.11/site-packages/airflow/example_dags/tutorial.py for tasks to queue
[2025-06-03T14:41:37.422-0300] {logging_mixin.py:188} INFO - [2025-06-03T14:41:37.422-0300] {dagbag.py:540} INFO - Filling up the DagBag from /home/walterg/Documentos/Data_projects/DW_AIRFLOW_DBT_PART_ONE/.venv/lib/python3.11/site-packages/airflow/example_dags/tutorial.py
[2025-06-03T14:41:37.428-0300] {processor.py:840} INFO - DAG(s) 'tutorial' retrieved from /home/walterg/Documentos/Data_projects/DW_AIRFLOW_DBT_PART_ONE/.venv/lib/python3.11/site-packages/airflow/example_dags/tutorial.py
[2025-06-03T14:41:37.441-0300] {logging_mixin.py:188} INFO - [2025-06-03T14:41:37.440-0300] {dag.py:3047} INFO - Sync 1 DAGs
[2025-06-03T14:41:37.454-0300] {logging_mixin.py:188} INFO - [2025-06-03T14:41:37.454-0300] {dag.py:3834} INFO - Setting next_dagrun for tutorial to 2025-06-02 00:00:00+00:00, run_after=2025-06-03 00:00:00+00:00
[2025-06-03T14:41:37.470-0300] {processor.py:183} INFO - Processing /home/walterg/Documentos/Data_projects/DW_AIRFLOW_DBT_PART_ONE/.venv/lib/python3.11/site-packages/airflow/example_dags/tutorial.py took 0.056 seconds
