[2025-06-03T14:38:25.043-0300] {processor.py:161} INFO - Started process (PID=71201) to work on /home/walterg/Documentos/Data_projects/DW_AIRFLOW_DBT_PART_ONE/.venv/lib/python3.11/site-packages/airflow/example_dags/tutorial_objectstorage.py
[2025-06-03T14:38:25.043-0300] {processor.py:830} INFO - Processing file /home/walterg/Documentos/Data_projects/DW_AIRFLOW_DBT_PART_ONE/.venv/lib/python3.11/site-packages/airflow/example_dags/tutorial_objectstorage.py for tasks to queue
[2025-06-03T14:38:25.044-0300] {logging_mixin.py:188} INFO - [2025-06-03T14:38:25.044-0300] {dagbag.py:540} INFO - Filling up the DagBag from /home/walterg/Documentos/Data_projects/DW_AIRFLOW_DBT_PART_ONE/.venv/lib/python3.11/site-packages/airflow/example_dags/tutorial_objectstorage.py
[2025-06-03T14:38:25.052-0300] {processor.py:840} INFO - DAG(s) 'tutorial_objectstorage' retrieved from /home/walterg/Documentos/Data_projects/DW_AIRFLOW_DBT_PART_ONE/.venv/lib/python3.11/site-packages/airflow/example_dags/tutorial_objectstorage.py
[2025-06-03T14:38:25.127-0300] {logging_mixin.py:188} INFO - [2025-06-03T14:38:25.126-0300] {override.py:1769} INFO - Created Permission View: can edit on DAG:tutorial_objectstorage
[2025-06-03T14:38:25.137-0300] {logging_mixin.py:188} INFO - [2025-06-03T14:38:25.136-0300] {override.py:1769} INFO - Created Permission View: can read on DAG:tutorial_objectstorage
[2025-06-03T14:38:25.145-0300] {logging_mixin.py:188} INFO - [2025-06-03T14:38:25.145-0300] {override.py:1769} INFO - Created Permission View: can delete on DAG:tutorial_objectstorage
[2025-06-03T14:38:25.146-0300] {logging_mixin.py:188} INFO - [2025-06-03T14:38:25.145-0300] {dag.py:3047} INFO - Sync 1 DAGs
[2025-06-03T14:38:25.153-0300] {logging_mixin.py:188} INFO - [2025-06-03T14:38:25.153-0300] {dag.py:3069} INFO - Creating ORM DAG for tutorial_objectstorage
[2025-06-03T14:38:25.153-0300] {logging_mixin.py:188} INFO - [2025-06-03T14:38:25.153-0300] {dag.py:3834} INFO - Setting next_dagrun for tutorial_objectstorage to None, run_after=None
[2025-06-03T14:38:25.167-0300] {processor.py:183} INFO - Processing /home/walterg/Documentos/Data_projects/DW_AIRFLOW_DBT_PART_ONE/.venv/lib/python3.11/site-packages/airflow/example_dags/tutorial_objectstorage.py took 0.127 seconds
[2025-06-03T14:39:13.420-0300] {processor.py:161} INFO - Started process (PID=71875) to work on /home/walterg/Documentos/Data_projects/DW_AIRFLOW_DBT_PART_ONE/.venv/lib/python3.11/site-packages/airflow/example_dags/tutorial_objectstorage.py
[2025-06-03T14:39:13.425-0300] {processor.py:830} INFO - Processing file /home/walterg/Documentos/Data_projects/DW_AIRFLOW_DBT_PART_ONE/.venv/lib/python3.11/site-packages/airflow/example_dags/tutorial_objectstorage.py for tasks to queue
[2025-06-03T14:39:13.427-0300] {logging_mixin.py:188} INFO - [2025-06-03T14:39:13.426-0300] {dagbag.py:540} INFO - Filling up the DagBag from /home/walterg/Documentos/Data_projects/DW_AIRFLOW_DBT_PART_ONE/.venv/lib/python3.11/site-packages/airflow/example_dags/tutorial_objectstorage.py
[2025-06-03T14:39:13.433-0300] {processor.py:840} INFO - DAG(s) 'tutorial_objectstorage' retrieved from /home/walterg/Documentos/Data_projects/DW_AIRFLOW_DBT_PART_ONE/.venv/lib/python3.11/site-packages/airflow/example_dags/tutorial_objectstorage.py
[2025-06-03T14:39:13.445-0300] {logging_mixin.py:188} INFO - [2025-06-03T14:39:13.445-0300] {dag.py:3047} INFO - Sync 1 DAGs
[2025-06-03T14:39:13.453-0300] {logging_mixin.py:188} INFO - [2025-06-03T14:39:13.453-0300] {dag.py:3834} INFO - Setting next_dagrun for tutorial_objectstorage to None, run_after=None
[2025-06-03T14:39:13.468-0300] {processor.py:183} INFO - Processing /home/walterg/Documentos/Data_projects/DW_AIRFLOW_DBT_PART_ONE/.venv/lib/python3.11/site-packages/airflow/example_dags/tutorial_objectstorage.py took 0.050 seconds
[2025-06-03T14:39:59.691-0300] {processor.py:161} INFO - Started process (PID=72534) to work on /home/walterg/Documentos/Data_projects/DW_AIRFLOW_DBT_PART_ONE/.venv/lib/python3.11/site-packages/airflow/example_dags/tutorial_objectstorage.py
[2025-06-03T14:39:59.696-0300] {processor.py:830} INFO - Processing file /home/walterg/Documentos/Data_projects/DW_AIRFLOW_DBT_PART_ONE/.venv/lib/python3.11/site-packages/airflow/example_dags/tutorial_objectstorage.py for tasks to queue
[2025-06-03T14:39:59.697-0300] {logging_mixin.py:188} INFO - [2025-06-03T14:39:59.697-0300] {dagbag.py:540} INFO - Filling up the DagBag from /home/walterg/Documentos/Data_projects/DW_AIRFLOW_DBT_PART_ONE/.venv/lib/python3.11/site-packages/airflow/example_dags/tutorial_objectstorage.py
[2025-06-03T14:39:59.703-0300] {processor.py:840} INFO - DAG(s) 'tutorial_objectstorage' retrieved from /home/walterg/Documentos/Data_projects/DW_AIRFLOW_DBT_PART_ONE/.venv/lib/python3.11/site-packages/airflow/example_dags/tutorial_objectstorage.py
[2025-06-03T14:39:59.715-0300] {logging_mixin.py:188} INFO - [2025-06-03T14:39:59.715-0300] {dag.py:3047} INFO - Sync 1 DAGs
[2025-06-03T14:39:59.723-0300] {logging_mixin.py:188} INFO - [2025-06-03T14:39:59.723-0300] {dag.py:3834} INFO - Setting next_dagrun for tutorial_objectstorage to None, run_after=None
[2025-06-03T14:39:59.738-0300] {processor.py:183} INFO - Processing /home/walterg/Documentos/Data_projects/DW_AIRFLOW_DBT_PART_ONE/.venv/lib/python3.11/site-packages/airflow/example_dags/tutorial_objectstorage.py took 0.050 seconds
[2025-06-03T14:40:32.533-0300] {processor.py:161} INFO - Started process (PID=72916) to work on /home/walterg/Documentos/Data_projects/DW_AIRFLOW_DBT_PART_ONE/.venv/lib/python3.11/site-packages/airflow/example_dags/tutorial_objectstorage.py
[2025-06-03T14:40:32.538-0300] {processor.py:830} INFO - Processing file /home/walterg/Documentos/Data_projects/DW_AIRFLOW_DBT_PART_ONE/.venv/lib/python3.11/site-packages/airflow/example_dags/tutorial_objectstorage.py for tasks to queue
[2025-06-03T14:40:32.539-0300] {logging_mixin.py:188} INFO - [2025-06-03T14:40:32.539-0300] {dagbag.py:540} INFO - Filling up the DagBag from /home/walterg/Documentos/Data_projects/DW_AIRFLOW_DBT_PART_ONE/.venv/lib/python3.11/site-packages/airflow/example_dags/tutorial_objectstorage.py
[2025-06-03T14:40:32.545-0300] {processor.py:840} INFO - DAG(s) 'tutorial_objectstorage' retrieved from /home/walterg/Documentos/Data_projects/DW_AIRFLOW_DBT_PART_ONE/.venv/lib/python3.11/site-packages/airflow/example_dags/tutorial_objectstorage.py
[2025-06-03T14:40:32.557-0300] {logging_mixin.py:188} INFO - [2025-06-03T14:40:32.557-0300] {dag.py:3047} INFO - Sync 1 DAGs
[2025-06-03T14:40:32.564-0300] {logging_mixin.py:188} INFO - [2025-06-03T14:40:32.564-0300] {dag.py:3834} INFO - Setting next_dagrun for tutorial_objectstorage to None, run_after=None
[2025-06-03T14:40:32.580-0300] {processor.py:183} INFO - Processing /home/walterg/Documentos/Data_projects/DW_AIRFLOW_DBT_PART_ONE/.venv/lib/python3.11/site-packages/airflow/example_dags/tutorial_objectstorage.py took 0.049 seconds
[2025-06-03T14:41:19.733-0300] {processor.py:161} INFO - Started process (PID=73528) to work on /home/walterg/Documentos/Data_projects/DW_AIRFLOW_DBT_PART_ONE/.venv/lib/python3.11/site-packages/airflow/example_dags/tutorial_objectstorage.py
[2025-06-03T14:41:19.739-0300] {processor.py:830} INFO - Processing file /home/walterg/Documentos/Data_projects/DW_AIRFLOW_DBT_PART_ONE/.venv/lib/python3.11/site-packages/airflow/example_dags/tutorial_objectstorage.py for tasks to queue
[2025-06-03T14:41:19.740-0300] {logging_mixin.py:188} INFO - [2025-06-03T14:41:19.739-0300] {dagbag.py:540} INFO - Filling up the DagBag from /home/walterg/Documentos/Data_projects/DW_AIRFLOW_DBT_PART_ONE/.venv/lib/python3.11/site-packages/airflow/example_dags/tutorial_objectstorage.py
[2025-06-03T14:41:19.746-0300] {processor.py:840} INFO - DAG(s) 'tutorial_objectstorage' retrieved from /home/walterg/Documentos/Data_projects/DW_AIRFLOW_DBT_PART_ONE/.venv/lib/python3.11/site-packages/airflow/example_dags/tutorial_objectstorage.py
[2025-06-03T14:41:19.758-0300] {logging_mixin.py:188} INFO - [2025-06-03T14:41:19.758-0300] {dag.py:3047} INFO - Sync 1 DAGs
[2025-06-03T14:41:19.765-0300] {logging_mixin.py:188} INFO - [2025-06-03T14:41:19.765-0300] {dag.py:3834} INFO - Setting next_dagrun for tutorial_objectstorage to None, run_after=None
[2025-06-03T14:41:19.780-0300] {processor.py:183} INFO - Processing /home/walterg/Documentos/Data_projects/DW_AIRFLOW_DBT_PART_ONE/.venv/lib/python3.11/site-packages/airflow/example_dags/tutorial_objectstorage.py took 0.049 seconds
