[2025-06-03T14:38:26.550-0300] {processor.py:161} INFO - Started process (PID=71204) to work on /home/walterg/Documentos/Data_projects/DW_AIRFLOW_DBT_PART_ONE/.venv/lib/python3.11/site-packages/airflow/example_dags/tutorial_taskflow_api.py
[2025-06-03T14:38:26.551-0300] {processor.py:830} INFO - Processing file /home/walterg/Documentos/Data_projects/DW_AIRFLOW_DBT_PART_ONE/.venv/lib/python3.11/site-packages/airflow/example_dags/tutorial_taskflow_api.py for tasks to queue
[2025-06-03T14:38:26.552-0300] {logging_mixin.py:188} INFO - [2025-06-03T14:38:26.552-0300] {dagbag.py:540} INFO - Filling up the DagBag from /home/walterg/Documentos/Data_projects/DW_AIRFLOW_DBT_PART_ONE/.venv/lib/python3.11/site-packages/airflow/example_dags/tutorial_taskflow_api.py
[2025-06-03T14:38:26.560-0300] {processor.py:840} INFO - DAG(s) 'tutorial_taskflow_api' retrieved from /home/walterg/Documentos/Data_projects/DW_AIRFLOW_DBT_PART_ONE/.venv/lib/python3.11/site-packages/airflow/example_dags/tutorial_taskflow_api.py
[2025-06-03T14:38:26.633-0300] {logging_mixin.py:188} INFO - [2025-06-03T14:38:26.632-0300] {override.py:1769} INFO - Created Permission View: can edit on DAG:tutorial_taskflow_api
[2025-06-03T14:38:26.642-0300] {logging_mixin.py:188} INFO - [2025-06-03T14:38:26.642-0300] {override.py:1769} INFO - Created Permission View: can read on DAG:tutorial_taskflow_api
[2025-06-03T14:38:26.650-0300] {logging_mixin.py:188} INFO - [2025-06-03T14:38:26.650-0300] {override.py:1769} INFO - Created Permission View: can delete on DAG:tutorial_taskflow_api
[2025-06-03T14:38:26.650-0300] {logging_mixin.py:188} INFO - [2025-06-03T14:38:26.650-0300] {dag.py:3047} INFO - Sync 1 DAGs
[2025-06-03T14:38:26.657-0300] {logging_mixin.py:188} INFO - [2025-06-03T14:38:26.657-0300] {dag.py:3069} INFO - Creating ORM DAG for tutorial_taskflow_api
[2025-06-03T14:38:26.658-0300] {logging_mixin.py:188} INFO - [2025-06-03T14:38:26.658-0300] {dag.py:3834} INFO - Setting next_dagrun for tutorial_taskflow_api to None, run_after=None
[2025-06-03T14:38:26.676-0300] {processor.py:183} INFO - Processing /home/walterg/Documentos/Data_projects/DW_AIRFLOW_DBT_PART_ONE/.venv/lib/python3.11/site-packages/airflow/example_dags/tutorial_taskflow_api.py took 0.129 seconds
[2025-06-03T14:39:15.703-0300] {processor.py:161} INFO - Started process (PID=71916) to work on /home/walterg/Documentos/Data_projects/DW_AIRFLOW_DBT_PART_ONE/.venv/lib/python3.11/site-packages/airflow/example_dags/tutorial_taskflow_api.py
[2025-06-03T14:39:15.707-0300] {processor.py:830} INFO - Processing file /home/walterg/Documentos/Data_projects/DW_AIRFLOW_DBT_PART_ONE/.venv/lib/python3.11/site-packages/airflow/example_dags/tutorial_taskflow_api.py for tasks to queue
[2025-06-03T14:39:15.708-0300] {logging_mixin.py:188} INFO - [2025-06-03T14:39:15.708-0300] {dagbag.py:540} INFO - Filling up the DagBag from /home/walterg/Documentos/Data_projects/DW_AIRFLOW_DBT_PART_ONE/.venv/lib/python3.11/site-packages/airflow/example_dags/tutorial_taskflow_api.py
[2025-06-03T14:39:15.715-0300] {processor.py:840} INFO - DAG(s) 'tutorial_taskflow_api' retrieved from /home/walterg/Documentos/Data_projects/DW_AIRFLOW_DBT_PART_ONE/.venv/lib/python3.11/site-packages/airflow/example_dags/tutorial_taskflow_api.py
[2025-06-03T14:39:15.728-0300] {logging_mixin.py:188} INFO - [2025-06-03T14:39:15.727-0300] {dag.py:3047} INFO - Sync 1 DAGs
[2025-06-03T14:39:15.736-0300] {logging_mixin.py:188} INFO - [2025-06-03T14:39:15.736-0300] {dag.py:3834} INFO - Setting next_dagrun for tutorial_taskflow_api to None, run_after=None
[2025-06-03T14:39:15.751-0300] {processor.py:183} INFO - Processing /home/walterg/Documentos/Data_projects/DW_AIRFLOW_DBT_PART_ONE/.venv/lib/python3.11/site-packages/airflow/example_dags/tutorial_taskflow_api.py took 0.052 seconds
[2025-06-03T14:40:01.966-0300] {processor.py:161} INFO - Started process (PID=72561) to work on /home/walterg/Documentos/Data_projects/DW_AIRFLOW_DBT_PART_ONE/.venv/lib/python3.11/site-packages/airflow/example_dags/tutorial_taskflow_api.py
[2025-06-03T14:40:01.968-0300] {processor.py:830} INFO - Processing file /home/walterg/Documentos/Data_projects/DW_AIRFLOW_DBT_PART_ONE/.venv/lib/python3.11/site-packages/airflow/example_dags/tutorial_taskflow_api.py for tasks to queue
[2025-06-03T14:40:01.968-0300] {logging_mixin.py:188} INFO - [2025-06-03T14:40:01.968-0300] {dagbag.py:540} INFO - Filling up the DagBag from /home/walterg/Documentos/Data_projects/DW_AIRFLOW_DBT_PART_ONE/.venv/lib/python3.11/site-packages/airflow/example_dags/tutorial_taskflow_api.py
[2025-06-03T14:40:01.974-0300] {processor.py:840} INFO - DAG(s) 'tutorial_taskflow_api' retrieved from /home/walterg/Documentos/Data_projects/DW_AIRFLOW_DBT_PART_ONE/.venv/lib/python3.11/site-packages/airflow/example_dags/tutorial_taskflow_api.py
[2025-06-03T14:40:01.985-0300] {logging_mixin.py:188} INFO - [2025-06-03T14:40:01.985-0300] {dag.py:3047} INFO - Sync 1 DAGs
[2025-06-03T14:40:01.993-0300] {logging_mixin.py:188} INFO - [2025-06-03T14:40:01.993-0300] {dag.py:3834} INFO - Setting next_dagrun for tutorial_taskflow_api to None, run_after=None
[2025-06-03T14:40:02.008-0300] {processor.py:183} INFO - Processing /home/walterg/Documentos/Data_projects/DW_AIRFLOW_DBT_PART_ONE/.venv/lib/python3.11/site-packages/airflow/example_dags/tutorial_taskflow_api.py took 0.044 seconds
[2025-06-03T14:40:47.669-0300] {processor.py:161} INFO - Started process (PID=73104) to work on /home/walterg/Documentos/Data_projects/DW_AIRFLOW_DBT_PART_ONE/.venv/lib/python3.11/site-packages/airflow/example_dags/tutorial_taskflow_api.py
[2025-06-03T14:40:47.673-0300] {processor.py:830} INFO - Processing file /home/walterg/Documentos/Data_projects/DW_AIRFLOW_DBT_PART_ONE/.venv/lib/python3.11/site-packages/airflow/example_dags/tutorial_taskflow_api.py for tasks to queue
[2025-06-03T14:40:47.675-0300] {logging_mixin.py:188} INFO - [2025-06-03T14:40:47.674-0300] {dagbag.py:540} INFO - Filling up the DagBag from /home/walterg/Documentos/Data_projects/DW_AIRFLOW_DBT_PART_ONE/.venv/lib/python3.11/site-packages/airflow/example_dags/tutorial_taskflow_api.py
[2025-06-03T14:40:47.681-0300] {processor.py:840} INFO - DAG(s) 'tutorial_taskflow_api' retrieved from /home/walterg/Documentos/Data_projects/DW_AIRFLOW_DBT_PART_ONE/.venv/lib/python3.11/site-packages/airflow/example_dags/tutorial_taskflow_api.py
[2025-06-03T14:40:47.693-0300] {logging_mixin.py:188} INFO - [2025-06-03T14:40:47.693-0300] {dag.py:3047} INFO - Sync 1 DAGs
[2025-06-03T14:40:47.700-0300] {logging_mixin.py:188} INFO - [2025-06-03T14:40:47.700-0300] {dag.py:3834} INFO - Setting next_dagrun for tutorial_taskflow_api to None, run_after=None
[2025-06-03T14:40:47.716-0300] {processor.py:183} INFO - Processing /home/walterg/Documentos/Data_projects/DW_AIRFLOW_DBT_PART_ONE/.venv/lib/python3.11/site-packages/airflow/example_dags/tutorial_taskflow_api.py took 0.050 seconds
[2025-06-03T14:41:35.304-0300] {processor.py:161} INFO - Started process (PID=73728) to work on /home/walterg/Documentos/Data_projects/DW_AIRFLOW_DBT_PART_ONE/.venv/lib/python3.11/site-packages/airflow/example_dags/tutorial_taskflow_api.py
[2025-06-03T14:41:35.309-0300] {processor.py:830} INFO - Processing file /home/walterg/Documentos/Data_projects/DW_AIRFLOW_DBT_PART_ONE/.venv/lib/python3.11/site-packages/airflow/example_dags/tutorial_taskflow_api.py for tasks to queue
[2025-06-03T14:41:35.310-0300] {logging_mixin.py:188} INFO - [2025-06-03T14:41:35.310-0300] {dagbag.py:540} INFO - Filling up the DagBag from /home/walterg/Documentos/Data_projects/DW_AIRFLOW_DBT_PART_ONE/.venv/lib/python3.11/site-packages/airflow/example_dags/tutorial_taskflow_api.py
[2025-06-03T14:41:35.316-0300] {processor.py:840} INFO - DAG(s) 'tutorial_taskflow_api' retrieved from /home/walterg/Documentos/Data_projects/DW_AIRFLOW_DBT_PART_ONE/.venv/lib/python3.11/site-packages/airflow/example_dags/tutorial_taskflow_api.py
[2025-06-03T14:41:35.328-0300] {logging_mixin.py:188} INFO - [2025-06-03T14:41:35.328-0300] {dag.py:3047} INFO - Sync 1 DAGs
[2025-06-03T14:41:35.336-0300] {logging_mixin.py:188} INFO - [2025-06-03T14:41:35.336-0300] {dag.py:3834} INFO - Setting next_dagrun for tutorial_taskflow_api to None, run_after=None
[2025-06-03T14:41:35.351-0300] {processor.py:183} INFO - Processing /home/walterg/Documentos/Data_projects/DW_AIRFLOW_DBT_PART_ONE/.venv/lib/python3.11/site-packages/airflow/example_dags/tutorial_taskflow_api.py took 0.050 seconds
